2023-07-18 11:47:30,148 [INFO] Activator:176 - 


2023-07-18 11:47:30,160 [INFO] Activator:177 - !SESSION log4j initialized
2023-07-18 11:47:41,609 [INFO] LogOutputStream:77 - [STDOUT_REDIRECT] 
2023-07-18 11:48:09,867 [ERROR] LogOutputStream:75 - [STDERR_REDIRECT] SLF4J: Failed to load class "org.slf4j.impl.StaticLoggerBinder".
2023-07-18 11:48:09,869 [ERROR] LogOutputStream:75 - [STDERR_REDIRECT] SLF4J: Defaulting to no-operation (NOP) logger implementation
2023-07-18 11:48:09,870 [ERROR] LogOutputStream:75 - [STDERR_REDIRECT] SLF4J: See http://www.slf4j.org/codes.html#StaticLoggerBinder for further details.
2023-07-18 12:14:25,520 [INFO] ApplicationProperties:184 - Using Application install path: C:\ST\STM32CubeIDE_1.12.1\STM32CubeIDE\plugins\com.st.stm32cube.common.mx_6.8.1.202304191431
2023-07-18 12:14:25,587 [INFO] DbMcusXml:78 - Set database path to: C:\ST\STM32CubeIDE_1.12.1\STM32CubeIDE\plugins\com.st.stm32cube.common.mx_6.8.1.202304191431\\db\/mcu/
2023-07-18 12:14:25,587 [INFO] ApiDb:274 - Set plugin database path to: C:\ST\STM32CubeIDE_1.12.1\STM32CubeIDE\plugins\com.st.stm32cube.common.mx_6.8.1.202304191431\\db\/plugins/boardmanager/
2023-07-18 12:14:25,591 [WARN] ApiDb:259 - Overriding images path with different value:  => C:\ST\STM32CubeIDE_1.12.1\STM32CubeIDE\plugins\com.st.stm32cube.common.mx_6.8.1.202304191431\\db\/plugins/mcufinder/images/
2023-07-18 12:14:25,621 [INFO] ApiDb:250 - Set database path to: C:\Users\loict\.stmcufinder\plugins\mcufinder//mcu/
2023-07-18 12:14:25,623 [INFO] DbMcusAds:125 - Set database path to: C:\Users\loict\.stmcufinder\plugins\mcufinder//mcu/
2023-07-18 12:14:25,693 [INFO] CrossReferenceDbSqlite:203 - Set database path to: C:\Users\loict\.stmcufinder\plugins\mcufinder//mcu/cs/
2023-07-18 12:14:25,858 [INFO] RulesReader:64 - Compatibility file has been processed (293 Rules)
2023-07-18 12:14:25,978 [INFO] DbMcusXml:78 - Set database path to: C:\ST\STM32CubeIDE_1.12.1\STM32CubeIDE\plugins\com.st.stm32cube.common.mx_6.8.1.202304191431\\db\/mcu/
2023-07-18 12:14:25,978 [INFO] ApiDb:274 - Set plugin database path to: C:\ST\STM32CubeIDE_1.12.1\STM32CubeIDE\plugins\com.st.stm32cube.common.mx_6.8.1.202304191431\\db\/plugins/boardmanager/
2023-07-18 12:14:25,978 [INFO] ApiDb:261 - Set plugin images path to: C:\ST\STM32CubeIDE_1.12.1\STM32CubeIDE\plugins\com.st.stm32cube.common.mx_6.8.1.202304191431\\db\/plugins/mcufinder/images/
2023-07-18 12:14:25,979 [WARN] DbFile:41 - Overriding database path with different value: C:\Users\loict\.stmcufinder\plugins\mcufinder/ => C:\Users\loict\.stmcufinder\plugins\mcufinder
2023-07-18 12:14:25,979 [INFO] ApiDb:250 - Set database path to: C:\Users\loict\.stmcufinder\plugins\mcufinder//mcu/
2023-07-18 12:14:25,979 [WARN] DbFile:41 - Overriding database path with different value: C:\Users\loict\.stmcufinder\plugins\mcufinder/ => C:\Users\loict\.stmcufinder\plugins\mcufinder
2023-07-18 12:14:25,979 [INFO] DbMcusAds:125 - Set database path to: C:\Users\loict\.stmcufinder\plugins\mcufinder//mcu/
2023-07-18 12:14:25,979 [WARN] DbFile:41 - Overriding database path with different value: C:\Users\loict\.stmcufinder\plugins\mcufinder/ => C:\Users\loict\.stmcufinder\plugins\mcufinder
2023-07-18 12:14:25,979 [WARN] DbFile:41 - Overriding database path with different value: C:\Users\loict\.stmcufinder\plugins\mcufinder/ => C:\Users\loict\.stmcufinder\plugins\mcufinder
2023-07-18 12:14:25,979 [INFO] CrossReferenceDbSqlite:203 - Set database path to: C:\Users\loict\.stmcufinder\plugins\mcufinder//mcu/cs/
2023-07-18 12:14:26,080 [INFO] MainPanel:253 - HeapMemory: 1073741824
2023-07-18 12:14:26,222 [INFO] DbMcusXml:78 - Set database path to: C:\ST\STM32CubeIDE_1.12.1\STM32CubeIDE\plugins\com.st.stm32cube.common.mx_6.8.1.202304191431\\db\/mcu/
2023-07-18 12:14:26,223 [INFO] ApiDb:274 - Set plugin database path to: C:\ST\STM32CubeIDE_1.12.1\STM32CubeIDE\plugins\com.st.stm32cube.common.mx_6.8.1.202304191431\\db\/plugins/boardmanager/
2023-07-18 12:14:26,223 [INFO] ApiDb:261 - Set plugin images path to: C:\ST\STM32CubeIDE_1.12.1\STM32CubeIDE\plugins\com.st.stm32cube.common.mx_6.8.1.202304191431\\db\/plugins/mcufinder/images/
2023-07-18 12:14:26,224 [WARN] DbFile:41 - Overriding database path with different value: C:\Users\loict\.stmcufinder\plugins\mcufinder/ => C:\Users\loict\.stmcufinder\plugins\mcufinder
2023-07-18 12:14:26,224 [INFO] ApiDb:250 - Set database path to: C:\Users\loict\.stmcufinder\plugins\mcufinder//mcu/
2023-07-18 12:14:26,224 [WARN] DbFile:41 - Overriding database path with different value: C:\Users\loict\.stmcufinder\plugins\mcufinder/ => C:\Users\loict\.stmcufinder\plugins\mcufinder
2023-07-18 12:14:26,224 [INFO] DbMcusAds:125 - Set database path to: C:\Users\loict\.stmcufinder\plugins\mcufinder//mcu/
2023-07-18 12:14:26,224 [WARN] DbFile:41 - Overriding database path with different value: C:\Users\loict\.stmcufinder\plugins\mcufinder/ => C:\Users\loict\.stmcufinder\plugins\mcufinder
2023-07-18 12:14:26,224 [WARN] DbFile:41 - Overriding database path with different value: C:\Users\loict\.stmcufinder\plugins\mcufinder/ => C:\Users\loict\.stmcufinder\plugins\mcufinder
2023-07-18 12:14:26,225 [INFO] CrossReferenceDbSqlite:203 - Set database path to: C:\Users\loict\.stmcufinder\plugins\mcufinder//mcu/cs/
2023-07-18 12:14:26,251 [INFO] ApplicationProperties:184 - Using Application install path: C:\ST\STM32CubeIDE_1.12.1\STM32CubeIDE\plugins\com.st.stm32cube.common.mx_6.8.1.202304191431
2023-07-18 12:14:26,253 [INFO] PluginManage:196 - Search for loadable plugins [exclusion list=, ]
2023-07-18 12:14:26,256 [INFO] PluginManage:310 - Check plugin analytics
2023-07-18 12:14:26,480 [INFO] AnalyticsPlugin:253 - Accepted Software Licenses: 
2023-07-18 12:14:26,480 [INFO] AnalyticsPlugin:255 - Accepted CMSIS Pack Licenses: 
2023-07-18 12:14:26,481 [INFO] AnalyticsPlugin:257 - Accepted Firmware Licenses: 
2023-07-18 12:14:26,492 [INFO] PluginManage:359 - Loaded plugin analytics (category:tool,tabindex:-1)
2023-07-18 12:14:26,493 [INFO] PluginManage:310 - Check plugin cadmodel
2023-07-18 12:14:26,516 [INFO] CADModel:105 - Init CAD model plugin
2023-07-18 12:14:26,517 [INFO] PluginManage:359 - Loaded plugin cadmodel (category:power,tabindex:5)
2023-07-18 12:14:26,517 [INFO] PluginManage:310 - Check plugin clock
2023-07-18 12:14:26,547 [INFO] PluginManage:359 - Loaded plugin clock (category:base,tabindex:2)
2023-07-18 12:14:26,547 [INFO] PluginManage:310 - Check plugin ddr
2023-07-18 12:14:26,551 [INFO] PluginManage:359 - Loaded plugin ddr (category:tool,tabindex:6)
2023-07-18 12:14:26,551 [INFO] PluginManage:310 - Check plugin filemanager
2023-07-18 12:14:26,737 [INFO] PluginManage:359 - Loaded plugin filemanager (category:base,tabindex:10)
2023-07-18 12:14:26,738 [INFO] PluginManage:310 - Check plugin ipmanager
2023-07-18 12:14:26,753 [INFO] PluginManage:359 - Loaded plugin ipmanager (category:base,tabindex:5)
2023-07-18 12:14:26,754 [INFO] PluginManage:310 - Check plugin lpbam
2023-07-18 12:14:26,784 [INFO] PluginManage:359 - Loaded plugin lpbam (category:base,tabindex:0)
2023-07-18 12:14:26,784 [INFO] PluginManage:310 - Check plugin pinoutandconfiguration
2023-07-18 12:14:26,808 [INFO] PluginManage:359 - Loaded plugin pinoutandconfiguration (category:base,tabindex:1)
2023-07-18 12:14:26,809 [INFO] PluginManage:310 - Check plugin pinoutconfig
2023-07-18 12:14:26,962 [WARN] SupportedApi:132 - Cannot load RTOS API schema: s4s-elt-must-match.1: The content of 'definitions' must match (annotation?, (simpleType | complexType)?, (unique | key | keyref)*)). A problem was found starting at: attribute.
2023-07-18 12:14:27,150 [INFO] PluginManage:359 - Loaded plugin pinoutconfig (category:base,tabindex:0)
2023-07-18 12:14:27,151 [INFO] PluginManage:310 - Check plugin power
2023-07-18 12:14:27,183 [INFO] PluginManage:359 - Loaded plugin power (category:power,tabindex:4)
2023-07-18 12:14:27,183 [INFO] PluginManage:310 - Check plugin projectmanager
2023-07-18 12:14:27,212 [INFO] PluginManage:359 - Loaded plugin projectmanager (category:projectmanager,tabindex:3)
2023-07-18 12:14:27,213 [INFO] PluginManage:310 - Check plugin thirdparty
2023-07-18 12:14:27,546 [INFO] PluginManage:359 - Loaded plugin thirdparty (category:base,tabindex:-1)
2023-07-18 12:14:27,546 [WARN] IntegrityCheckThread:84 - waiting for thirdparty lock release [integrity check]
2023-07-18 12:14:27,546 [INFO] PluginManage:310 - Check plugin tools
2023-07-18 12:14:27,546 [INFO] IntegrityCheckThread:86 - entering critical section [integrity check]
2023-07-18 12:14:27,549 [INFO] ThirdPartyUpdaterWithRetryManager:70 - Updater plugin not ready yet. [1/15]
2023-07-18 12:14:27,582 [INFO] PluginManage:359 - Loaded plugin tools (category:base,tabindex:7)
2023-07-18 12:14:27,582 [INFO] PluginManage:310 - Check plugin tutovideos
2023-07-18 12:14:27,881 [INFO] PluginManage:359 - Loaded plugin tutovideos (category:base,tabindex:-1)
2023-07-18 12:14:27,882 [INFO] PluginManage:310 - Check plugin updater
2023-07-18 12:14:27,903 [INFO] PluginManage:359 - Loaded plugin updater (category:base,tabindex:12)
2023-07-18 12:14:27,904 [INFO] PluginManage:283 - PluginManage : Loaded plugins [15]
2023-07-18 12:14:28,285 [INFO] PinOutPanel:1499 - setPackage(No Configuration,No Configuration)
2023-07-18 12:14:28,378 [INFO] CADModel:165 - CPN selected for project level
2023-07-18 12:14:28,378 [INFO] CADModel:114 - Register for checkConnection events
2023-07-18 12:14:28,418 [INFO] IPUIPlugin:80 - create IPUIPlugin
2023-07-18 12:14:28,418 [INFO] PluginManager:220 - loadIPPluginJar : add adc
2023-07-18 12:14:28,463 [INFO] IPUIPlugin:80 - create IPUIPlugin
2023-07-18 12:14:28,464 [INFO] PluginManager:220 - loadIPPluginJar : add aes
2023-07-18 12:14:28,521 [INFO] IPUIPlugin:80 - create IPUIPlugin
2023-07-18 12:14:28,522 [INFO] PluginManager:220 - loadIPPluginJar : add can
2023-07-18 12:14:28,552 [INFO] IPUIPlugin:80 - create IPUIPlugin
2023-07-18 12:14:28,552 [INFO] PluginManager:220 - loadIPPluginJar : add comp
2023-07-18 12:14:28,596 [INFO] IPUIPlugin:80 - create IPUIPlugin
2023-07-18 12:14:28,596 [INFO] PluginManager:220 - loadIPPluginJar : add cryp
2023-07-18 12:14:28,634 [INFO] IPUIPlugin:80 - create IPUIPlugin
2023-07-18 12:14:28,634 [INFO] PluginManager:220 - loadIPPluginJar : add dfsdm
2023-07-18 12:14:28,653 [INFO] IPUIPlugin:80 - create IPUIPlugin
2023-07-18 12:14:28,654 [INFO] PluginManager:220 - loadIPPluginJar : add dma
2023-07-18 12:14:28,716 [INFO] IPUIPlugin:80 - create IPUIPlugin
2023-07-18 12:14:28,716 [INFO] PluginManager:220 - loadIPPluginJar : add dma3
2023-07-18 12:14:28,743 [INFO] IPUIPlugin:80 - create IPUIPlugin
2023-07-18 12:14:28,744 [INFO] PluginManager:220 - loadIPPluginJar : add fatfs
2023-07-18 12:14:28,802 [INFO] IPUIPlugin:80 - create IPUIPlugin
2023-07-18 12:14:28,802 [INFO] PluginManager:220 - loadIPPluginJar : add fmc
2023-07-18 12:14:28,820 [INFO] IPUIPlugin:80 - create IPUIPlugin
2023-07-18 12:14:28,821 [INFO] PluginManager:220 - loadIPPluginJar : add freertos
2023-07-18 12:14:28,844 [INFO] IPUIPlugin:80 - create IPUIPlugin
2023-07-18 12:14:28,844 [INFO] PluginManager:220 - loadIPPluginJar : add genericplugin
2023-07-18 12:14:28,959 [INFO] IPUIPlugin:80 - create IPUIPlugin
2023-07-18 12:14:28,959 [INFO] PluginManager:220 - loadIPPluginJar : add gfxmmu
2023-07-18 12:14:29,122 [INFO] IPUIPlugin:80 - create IPUIPlugin
2023-07-18 12:14:29,122 [INFO] PluginManager:220 - loadIPPluginJar : add gic
2023-07-18 12:14:29,140 [INFO] IPUIPlugin:80 - create IPUIPlugin
2023-07-18 12:14:29,140 [INFO] PluginManager:220 - loadIPPluginJar : add gpio
2023-07-18 12:14:29,249 [INFO] IPUIPlugin:80 - create IPUIPlugin
2023-07-18 12:14:29,249 [INFO] PluginManager:220 - loadIPPluginJar : add gtzc
2023-07-18 12:14:29,297 [INFO] IPUIPlugin:80 - create IPUIPlugin
2023-07-18 12:14:29,297 [INFO] PluginManager:220 - loadIPPluginJar : add hash
2023-07-18 12:14:29,371 [INFO] IPUIPlugin:80 - create IPUIPlugin
2023-07-18 12:14:29,371 [INFO] PluginManager:220 - loadIPPluginJar : add i2c
2023-07-18 12:14:29,425 [INFO] IPUIPlugin:80 - create IPUIPlugin
2023-07-18 12:14:29,425 [INFO] PluginManager:220 - loadIPPluginJar : add i2s
2023-07-18 12:14:29,477 [INFO] IPUIPlugin:80 - create IPUIPlugin
2023-07-18 12:14:29,477 [INFO] PluginManager:220 - loadIPPluginJar : add i3c
2023-07-18 12:14:29,597 [INFO] IPUIPlugin:80 - create IPUIPlugin
2023-07-18 12:14:29,597 [INFO] PluginManager:220 - loadIPPluginJar : add ipddr
2023-07-18 12:14:29,705 [INFO] IPUIPlugin:80 - create IPUIPlugin
2023-07-18 12:14:29,705 [INFO] PluginManager:220 - loadIPPluginJar : add linkedlist
2023-07-18 12:14:29,749 [INFO] IPUIPlugin:80 - create IPUIPlugin
2023-07-18 12:14:29,749 [INFO] PluginManager:220 - loadIPPluginJar : add lorawan
2023-07-18 12:14:29,797 [INFO] IPUIPlugin:80 - create IPUIPlugin
2023-07-18 12:14:29,798 [INFO] PluginManager:220 - loadIPPluginJar : add ltdc
2023-07-18 12:14:29,819 [INFO] IPUIPlugin:80 - create IPUIPlugin
2023-07-18 12:14:29,819 [INFO] PluginManager:220 - loadIPPluginJar : add mdma
2023-07-18 12:14:29,833 [INFO] IPUIPlugin:80 - create IPUIPlugin
2023-07-18 12:14:29,834 [INFO] PluginManager:220 - loadIPPluginJar : add nvic
2023-07-18 12:14:29,877 [INFO] IPUIPlugin:80 - create IPUIPlugin
2023-07-18 12:14:29,877 [INFO] PluginManager:220 - loadIPPluginJar : add opamp
2023-07-18 12:14:29,952 [INFO] IPUIPlugin:80 - create IPUIPlugin
2023-07-18 12:14:29,953 [INFO] PluginManager:220 - loadIPPluginJar : add openamp
2023-07-18 12:14:30,007 [INFO] IPUIPlugin:80 - create IPUIPlugin
2023-07-18 12:14:30,007 [INFO] PluginManager:220 - loadIPPluginJar : add pdm2pcm
2023-07-18 12:14:30,030 [INFO] IPUIPlugin:80 - create IPUIPlugin
2023-07-18 12:14:30,034 [INFO] PluginManager:220 - loadIPPluginJar : add plateformsettings
2023-07-18 12:14:30,062 [INFO] IPUIPlugin:80 - create IPUIPlugin
2023-07-18 12:14:30,062 [INFO] PluginManager:220 - loadIPPluginJar : add quadspi
2023-07-18 12:14:30,077 [INFO] IPUIPlugin:80 - create IPUIPlugin
2023-07-18 12:14:30,078 [INFO] PluginManager:220 - loadIPPluginJar : add resmgrutility
2023-07-18 12:14:30,135 [INFO] IPUIPlugin:80 - create IPUIPlugin
2023-07-18 12:14:30,135 [INFO] PluginManager:220 - loadIPPluginJar : add sai
2023-07-18 12:14:30,183 [INFO] IPUIPlugin:80 - create IPUIPlugin
2023-07-18 12:14:30,183 [INFO] PluginManager:220 - loadIPPluginJar : add spi
2023-07-18 12:14:30,251 [INFO] IPUIPlugin:80 - create IPUIPlugin
2023-07-18 12:14:30,251 [INFO] PluginManager:220 - loadIPPluginJar : add stm32_wpan
2023-07-18 12:14:30,280 [INFO] IPUIPlugin:80 - create IPUIPlugin
2023-07-18 12:14:30,281 [INFO] PluginManager:220 - loadIPPluginJar : add tim
2023-07-18 12:14:30,345 [INFO] IPUIPlugin:80 - create IPUIPlugin
2023-07-18 12:14:30,345 [INFO] PluginManager:220 - loadIPPluginJar : add touchsensing
2023-07-18 12:14:30,385 [INFO] IPUIPlugin:80 - create IPUIPlugin
2023-07-18 12:14:30,385 [INFO] PluginManager:220 - loadIPPluginJar : add tracer_emb
2023-07-18 12:14:30,421 [INFO] IPUIPlugin:80 - create IPUIPlugin
2023-07-18 12:14:30,422 [INFO] PluginManager:220 - loadIPPluginJar : add ts
2023-07-18 12:14:30,450 [INFO] IPUIPlugin:80 - create IPUIPlugin
2023-07-18 12:14:30,450 [INFO] PluginManager:220 - loadIPPluginJar : add tsc
2023-07-18 12:14:30,476 [INFO] IPUIPlugin:80 - create IPUIPlugin
2023-07-18 12:14:30,477 [INFO] PluginManager:220 - loadIPPluginJar : add ucpd
2023-07-18 12:14:30,529 [INFO] IPUIPlugin:80 - create IPUIPlugin
2023-07-18 12:14:30,530 [INFO] PluginManager:220 - loadIPPluginJar : add usart
2023-07-18 12:14:30,554 [INFO] ThirdPartyUpdaterWithRetryManager:70 - Updater plugin not ready yet. [2/15]
2023-07-18 12:14:30,581 [INFO] IPUIPlugin:80 - create IPUIPlugin
2023-07-18 12:14:30,581 [INFO] PluginManager:220 - loadIPPluginJar : add usbx
2023-07-18 12:14:30,733 [INFO] CADModel:165 - CPN selected for project level
2023-07-18 12:14:30,733 [INFO] CADModel:114 - Register for checkConnection events
2023-07-18 12:14:30,733 [FATAL] Updater:308 - Updater called before beeing initialized
2023-07-18 12:14:30,733 [ERROR] CADModel:125 - Updater not yet initialized, retry later 
2023-07-18 12:14:30,983 [INFO] CADModel:165 - CPN selected for project level
2023-07-18 12:14:30,983 [INFO] CADModel:114 - Register for checkConnection events
2023-07-18 12:14:30,984 [FATAL] Updater:308 - Updater called before beeing initialized
2023-07-18 12:14:30,984 [ERROR] CADModel:125 - Updater not yet initialized, retry later 
2023-07-18 12:14:30,989 [FATAL] Updater:308 - Updater called before beeing initialized
2023-07-18 12:14:31,189 [FATAL] Updater:308 - Updater called before beeing initialized
2023-07-18 12:14:31,208 [INFO] DbMcusAds:53 - JSON generation date=Tue Mar 07 09:50:55 CET 2023 (1678179055335)
2023-07-18 12:14:31,208 [FATAL] Updater:308 - Updater called before beeing initialized
2023-07-18 12:14:31,306 [WARN] DetailPanel:346 - Failed to get advertising image, set to default
2023-07-18 12:14:31,441 [FATAL] Updater:308 - Updater called before beeing initialized
2023-07-18 12:14:31,446 [FATAL] Updater:308 - Updater called before beeing initialized
2023-07-18 12:14:31,446 [FATAL] Updater:308 - Updater called before beeing initialized
2023-07-18 12:14:31,447 [WARN] DetailPanel:346 - Failed to get advertising image, set to default
2023-07-18 12:14:31,448 [FATAL] Updater:308 - Updater called before beeing initialized
2023-07-18 12:14:31,577 [ERROR] Updater:1120 - MainUpdater not yet initialized. External WinMGr cannot be set.
2023-07-18 12:14:31,590 [INFO] Updater:1056 - Updater Version found : 6.8.1
2023-07-18 12:14:31,615 [INFO] ApplicationProperties:184 - Using Application install path: C:\ST\STM32CubeIDE_1.12.1\STM32CubeIDE\plugins\com.st.stm32cube.common.mx_6.8.1.202304191431
2023-07-18 12:14:32,102 [INFO] MainUpdater:2854 - connection check result : 10
2023-07-18 12:14:32,103 [INFO] MainUpdater:283 - Updater Check For Update Now.
2023-07-18 12:14:32,104 [INFO] MicroXplorer:498 - Change Database Version : DB.6.0.81
2023-07-18 12:14:32,300 [INFO] CheckServerUpdateThread:120 - End of CheckServer Thread
2023-07-18 12:14:32,356 [INFO] MainUpdater:2854 - connection check result : 10
2023-07-18 12:14:32,567 [INFO] MicroXplorer:468 - Change Database Path : 
2023-07-18 12:14:32,567 [INFO] MicroXplorer:498 - Change Database Version : DB.6.0.81
2023-07-18 12:14:32,568 [WARN] ThirdParty:871 - waiting for thirdparty lock release [close project]
2023-07-18 12:14:33,791 [WARN] PackLoader:240 - Cannot read IP mode file for STMicroelectronics.X-CUBE-SMBUS.2.1.0
2023-07-18 12:14:33,840 [WARN] PackLoader:240 - Cannot read IP mode file for STMicroelectronics.X-CUBE-AZRTOS-F7.1.1.0
2023-07-18 12:14:33,861 [WARN] PackLoader:240 - Cannot read IP mode file for STMicroelectronics.FP-SNS-MOTENV1.4.3.2
2023-07-18 12:14:33,881 [ERROR] RealEvaluatedCondition:428 - Found unsupported composite condition: CLASS='Data Exchange' GROUP='STM32_MetaDataManager'
2023-07-18 12:14:33,881 [ERROR] RealEvaluatedCondition:428 - Found unsupported composite condition: GROUP='STM32_MetaDataManager' CLASS='Data Exchange'
2023-07-18 12:14:33,883 [WARN] PackLoader:240 - Cannot read IP mode file for STMicroelectronics.FP-SNS-MOTENV1.4.3.1
2023-07-18 12:14:33,904 [WARN] PackLoader:240 - Cannot read IP mode file for STMicroelectronics.FP-SNS-FLIGHT1.5.0.1
2023-07-18 12:14:33,922 [WARN] PackLoader:240 - Cannot read IP mode file for STMicroelectronics.X-CUBE-BLE1.6.2.4
2023-07-18 12:14:33,940 [WARN] PackLoader:240 - Cannot read IP mode file for STMicroelectronics.X-CUBE-DISPLAY.3.0.0
2023-07-18 12:14:33,959 [WARN] PackLoader:240 - Cannot read IP mode file for STMicroelectronics.X-CUBE-TOUCHGFX.4.22.0
2023-07-18 12:14:33,983 [INFO] LogOutputStream:77 - [STDOUT_REDIRECT] 1 : Invalid condition id : UX_CORESTACK_Condition cause : null
2023-07-18 12:14:33,984 [INFO] LogOutputStream:77 - [STDOUT_REDIRECT] 1 : Invalid condition id : UX_CORESTACK_Condition cause : null
2023-07-18 12:14:33,985 [INFO] LogOutputStream:77 - [STDOUT_REDIRECT] 1 : Invalid condition id : UX_CORESTACK_Condition cause : null
2023-07-18 12:14:33,986 [INFO] LogOutputStream:77 - [STDOUT_REDIRECT] 1 : Invalid condition id : UX_CORESTACK_Condition cause : null
2023-07-18 12:14:33,987 [INFO] LogOutputStream:77 - [STDOUT_REDIRECT] 1 : Invalid condition id : UX_CORESTACK_Condition cause : null
2023-07-18 12:14:33,991 [WARN] PackLoader:240 - Cannot read IP mode file for STMicroelectronics.X-CUBE-AZRTOS-WL.2.0.0
2023-07-18 12:14:34,010 [WARN] PackLoader:240 - Cannot read IP mode file for WES.I-CUBE-Cesium.1.3.0
2023-07-18 12:14:34,023 [WARN] PackLoader:240 - Cannot read IP mode file for STMicroelectronics.X-CUBE-BLE2.3.3.0
2023-07-18 12:14:34,035 [WARN] PackLoader:240 - Cannot read IP mode file for STMicroelectronics.X-CUBE-TOUCHGFX.4.21.4
2023-07-18 12:14:34,049 [WARN] PackLoader:240 - Cannot read IP mode file for STMicroelectronics.X-CUBE-ALGOBUILD.1.3.0
2023-07-18 12:14:34,081 [WARN] PackLoader:240 - Cannot read IP mode file for STMicroelectronics.X-CUBE-AZRTOS-G0.1.1.0
2023-07-18 12:14:34,102 [WARN] PackLoader:240 - Cannot read IP mode file for STMicroelectronics.X-CUBE-NFC4.3.0.0
2023-07-18 12:14:34,117 [WARN] PackLoader:240 - Cannot read IP mode file for STMicroelectronics.FP-ATR-SIGFOX1.3.2.0
2023-07-18 12:14:34,164 [WARN] PackLoader:240 - Cannot read IP mode file for SEGGER.I-CUBE-embOS.1.3.1
2023-07-18 12:14:34,231 [WARN] PackLoader:240 - Cannot read IP mode file for STMicroelectronics.X-CUBE-GNSS1.6.0.0
2023-07-18 12:14:34,267 [WARN] PackLoader:240 - Cannot read IP mode file for STMicroelectronics.X-CUBE-AZRTOS-F4.1.1.0
2023-07-18 12:14:34,289 [WARN] PackLoader:240 - Cannot read IP mode file for wolfSSL.I-CUBE-wolfSSL.5.6.0
2023-07-18 12:14:34,363 [WARN] PackLoader:240 - Cannot read IP mode file for STMicroelectronics.X-CUBE-MEMS1.9.6.0
2023-07-18 12:14:34,560 [WARN] PackLoader:240 - Cannot read IP mode file for emotas.I-CUBE-CANOPEN.1.1.3
2023-07-18 12:14:34,579 [WARN] PackLoader:240 - Cannot read IP mode file for STMicroelectronics.X-CUBE-BLEMGR.2.0.0
2023-07-18 12:14:34,618 [WARN] ConditionMgr:438 - getConditionDescription Invalid condition id : UX DEVICE CLASS RTOS Condition cause : null
2023-07-18 12:14:34,619 [WARN] ConditionMgr:438 - getConditionDescription Invalid condition id : UX DEVICE CLASS RTOS Condition cause : null
2023-07-18 12:14:34,625 [WARN] PackLoader:240 - Cannot read IP mode file for STMicroelectronics.X-CUBE-AZRTOS-H7.3.1.0
2023-07-18 12:14:34,627 [WARN] ConditionMgr:1039 - genDependencies : Invalid condition id : UX DEVICE CLASS RTOS Condition cause : null
2023-07-18 12:14:34,628 [WARN] ConditionMgr:1039 - genDependencies : Invalid condition id : UX DEVICE CLASS RTOS Condition cause : null
2023-07-18 12:14:34,629 [WARN] ConditionMgr:1039 - genDependencies : Invalid condition id : UX DEVICE CLASS RTOS Condition cause : null
2023-07-18 12:14:34,630 [WARN] ConditionMgr:1039 - genDependencies : Invalid condition id : UX DEVICE CLASS RTOS Condition cause : null
2023-07-18 12:14:34,630 [WARN] ConditionMgr:1039 - genDependencies : Invalid condition id : UX DEVICE CLASS RTOS Condition cause : null
2023-07-18 12:14:34,654 [WARN] PackLoader:240 - Cannot read IP mode file for STMicroelectronics.X-CUBE-NFC7.1.0.1
2023-07-18 12:14:34,681 [WARN] PackLoader:240 - Cannot read IP mode file for STMicroelectronics.X-CUBE-NFC7.1.0.0
2023-07-18 12:14:34,703 [WARN] PackLoader:240 - Cannot read IP mode file for STMicroelectronics.X-CUBE-EEPRMA1.4.1.0
2023-07-18 12:14:34,787 [WARN] ConditionMgr:438 - getConditionDescription Invalid condition id : LAN8742 Phy interface Condition cause : null
2023-07-18 12:14:34,788 [WARN] PackLoader:240 - Cannot read IP mode file for STMicroelectronics.X-CUBE-AZRTOS-L4.2.0.0
2023-07-18 12:14:34,790 [WARN] ConditionMgr:1039 - genDependencies : Invalid condition id : LAN8742 Phy interface Condition cause : null
2023-07-18 12:14:34,791 [WARN] ConditionMgr:1039 - genDependencies : Invalid condition id : LAN8742 Phy interface Condition cause : null
2023-07-18 12:14:34,791 [WARN] ConditionMgr:1039 - genDependencies : Invalid condition id : LAN8742 Phy interface Condition cause : null
2023-07-18 12:14:34,812 [WARN] PackLoader:240 - Cannot read IP mode file for STMicroelectronics.X-CUBE-SFXS2LP1.4.0.0
2023-07-18 12:14:34,831 [WARN] PackLoader:240 - Cannot read IP mode file for STMicroelectronics.X-CUBE-ISPU.1.1.0
2023-07-18 12:14:34,847 [WARN] PackLoader:240 - Cannot read IP mode file for STMicroelectronics.X-CUBE-FREERTOS.1.0.1
2023-07-18 12:14:34,877 [WARN] PackLoader:240 - Cannot read IP mode file for STMicroelectronics.X-CUBE-AZRTOS-L5.1.1.0
2023-07-18 12:14:34,898 [WARN] PackLoader:240 - Cannot read IP mode file for STMicroelectronics.X-CUBE-AI.8.0.1
2023-07-18 12:14:34,924 [WARN] PackLoader:240 - Cannot read IP mode file for STMicroelectronics.X-CUBE-SUBG2.5.0.0
2023-07-18 12:14:34,963 [WARN] PackLoader:240 - Cannot read IP mode file for STMicroelectronics.X-CUBE-AZRTOS-G4.2.0.0
2023-07-18 12:14:34,993 [WARN] PackLoader:240 - Cannot read IP mode file for STMicroelectronics.X-CUBE-TOF1.3.3.0
2023-07-18 12:14:35,020 [WARN] PackLoader:240 - Cannot read IP mode file for portGmbH.I-Cube-SoM-uGOAL.1.1.0
2023-07-18 12:14:35,037 [WARN] PackLoader:240 - Cannot read IP mode file for STMicroelectronics.X-CUBE-ALS.1.0.1
2023-07-18 12:14:35,064 [WARN] PackLoader:240 - Cannot read IP mode file for STMicroelectronics.X-CUBE-AZRTOS-WB.1.1.0
2023-07-18 12:14:35,082 [WARN] PackLoader:240 - Cannot read IP mode file for STMicroelectronics.FP-ATR-ASTRA1.2.0.0
2023-07-18 12:14:35,083 [INFO] ThirdParty:978 - Integrity check success = true
2023-07-18 12:14:35,084 [INFO] IntegrityCheckThread:100 - exiting critical section [integrity check]
2023-07-18 12:14:35,084 [INFO] IntegrityCheckThread:103 - End integrity checks thread
2023-07-18 12:14:35,084 [INFO] ThirdParty:873 - entering critical section [close project]
2023-07-18 12:14:35,086 [INFO] ThirdParty:883 - exiting critical section [close project]
2023-07-18 12:14:35,094 [INFO] PinOutPanel:1499 - setPackage(No Configuration,No Configuration)
2023-07-18 12:14:35,101 [INFO] UtilMem:75 - Begin LoadConfig() Used Memory: 596738688 Bytes (1073741824)
2023-07-18 12:14:35,103 [INFO] MicroXplorer:468 - Change Database Path : 
2023-07-18 12:14:35,104 [INFO] MicroXplorer:498 - Change Database Version : DB.6.0.81
2023-07-18 12:14:35,104 [INFO] OpenFileManager:308 - Change cursor
2023-07-18 12:14:35,175 [INFO] Mcu:1937 - Initializing MCU STM32G431K(6-8-B)Tx STM32G431KBTx STM32G431KBT6
2023-07-18 12:14:39,816 [INFO] Context:659 - Trying to add GPIOservice into a context  which must be forbidden
2023-07-18 12:14:41,212 [INFO] RtosManager:555 - Registered RTOS mode: class=CMSIS, group=RTOS, mode=CMSIS_V1, owner=FREERTOS
2023-07-18 12:14:41,212 [INFO] RtosManager:555 - Registered RTOS mode: class=CMSIS, group=RTOS2, mode=CMSIS_V2, owner=FREERTOS
2023-07-18 12:14:41,213 [INFO] RtosManager:555 - Registered RTOS mode: class=RTOS, group=Core, mode=CMSIS_V1, owner=FREERTOS
2023-07-18 12:14:41,213 [INFO] RtosManager:555 - Registered RTOS mode: class=RTOS, group=Core, mode=CMSIS_V2, owner=FREERTOS
2023-07-18 12:14:41,213 [WARN] ModelIntegratedComponent:184 - Missing modes for component STMicroelectronics:FreeRTOS:0.0.1:STMicroelectronics:RTOS:FreeRTOS:Core:::10.2.0:
2023-07-18 12:14:41,244 [WARN] ModelIntegratedComponent:63 - No mode defined for component null
2023-07-18 12:14:41,245 [WARN] ModelIntegratedComponent:63 - No mode defined for component null
2023-07-18 12:14:41,245 [WARN] ModelIntegratedComponent:63 - No mode defined for component null
2023-07-18 12:14:41,245 [WARN] ModelIntegratedComponent:63 - No mode defined for component null
2023-07-18 12:14:41,245 [WARN] ModelIntegratedComponent:63 - No mode defined for component null
2023-07-18 12:14:41,245 [WARN] ModelIntegratedComponent:63 - No mode defined for component null
2023-07-18 12:14:41,245 [WARN] ModelIntegratedComponent:63 - No mode defined for component null
2023-07-18 12:14:41,245 [WARN] ModelIntegratedComponent:63 - No mode defined for component null
2023-07-18 12:14:41,245 [WARN] ModelIntegratedComponent:63 - No mode defined for component null
2023-07-18 12:14:41,245 [WARN] ModelIntegratedComponent:63 - No mode defined for component null
2023-07-18 12:14:41,245 [WARN] ModelIntegratedComponent:63 - No mode defined for component null
2023-07-18 12:14:41,246 [WARN] ModelIntegratedComponent:63 - No mode defined for component null
2023-07-18 12:14:41,246 [WARN] ModelIntegratedComponent:63 - No mode defined for component null
2023-07-18 12:14:41,246 [WARN] ModelIntegratedComponent:63 - No mode defined for component null
2023-07-18 12:14:41,246 [WARN] ModelIntegratedComponent:63 - No mode defined for component null
2023-07-18 12:14:41,246 [WARN] ModelIntegratedComponent:63 - No mode defined for component null
2023-07-18 12:14:41,246 [WARN] ModelIntegratedComponent:63 - No mode defined for component null
2023-07-18 12:14:41,246 [WARN] ModelIntegratedComponent:63 - No mode defined for component null
2023-07-18 12:14:41,246 [WARN] ModelIntegratedComponent:63 - No mode defined for component null
2023-07-18 12:14:41,246 [WARN] ModelIntegratedComponent:63 - No mode defined for component null
2023-07-18 12:14:41,246 [WARN] ModelIntegratedComponent:63 - No mode defined for component null
2023-07-18 12:14:41,246 [WARN] ModelIntegratedComponent:63 - No mode defined for component null
2023-07-18 12:14:41,246 [WARN] ModelIntegratedComponent:63 - No mode defined for component null
2023-07-18 12:14:41,247 [WARN] ModelIntegratedComponent:63 - No mode defined for component null
2023-07-18 12:14:41,247 [WARN] ModelIntegratedComponent:63 - No mode defined for component null
2023-07-18 12:14:41,247 [WARN] ModelIntegratedComponent:63 - No mode defined for component null
2023-07-18 12:14:41,247 [WARN] ModelIntegratedComponent:63 - No mode defined for component null
2023-07-18 12:14:41,247 [WARN] ModelIntegratedComponent:63 - No mode defined for component null
2023-07-18 12:14:41,247 [WARN] ModelIntegratedComponent:63 - No mode defined for component null
2023-07-18 12:14:41,247 [WARN] ModelIntegratedComponent:63 - No mode defined for component null
2023-07-18 12:14:41,247 [WARN] ModelIntegratedComponent:63 - No mode defined for component null
2023-07-18 12:14:41,247 [WARN] ModelIntegratedComponent:63 - No mode defined for component null
2023-07-18 12:14:41,247 [WARN] ModelIntegratedComponent:63 - No mode defined for component null
2023-07-18 12:14:41,288 [INFO] ThirdPartyModel:298 - Start build external matchings
2023-07-18 12:14:41,543 [INFO] ThirdPartyModel:316 - End build external matchings
2023-07-18 12:14:42,088 [INFO] UtilMem:75 - End LoadConfig() Used Memory: 636436624 Bytes (1073741824)
2023-07-18 12:14:42,271 [INFO] ApiDb:581 - Connected to CubeFinder SQLite database (C:\Users\loict\.stmcufinder\plugins\mcufinder\mcu\cube-finder-db.db)
2023-07-18 12:14:42,356 [INFO] ApiDb:668 - CubeFinder database Data Model version=2.1
2023-07-18 12:14:42,357 [INFO] ApiDb:669 - CubeFinder database Configuration version=3.0.35
2023-07-18 12:14:42,357 [INFO] ApiDb:670 - CubeFinder database generation date=2023-05-12 (1683877179)
2023-07-18 12:14:42,357 [INFO] ApiDb:671 - CubeFinder database FW Pack versions=[FP-ATR-ASTRA1_V2.0.0, FP-SNS-FLIGHT1_V5.0.0, FP-SNS-MOTENV1_V4.3.0, STM32Cube_FW_C0_V1.0.1, STM32Cube_FW_F0_V1.11.4, STM32Cube_FW_F3_V1.11.4, STM32Cube_FW_F4_V1.27.1, STM32Cube_FW_F7_V1.17.0, STM32Cube_FW_G0_V1.6.1, STM32Cube_FW_G4_V1.5.1, STM32Cube_FW_H5_V0.5.1, STM32Cube_FW_H5_V1.0.0, STM32Cube_FW_H7_V1.11.0, STM32Cube_FW_L0_V1.12.2, STM32Cube_FW_L5_V1.5.0, STM32Cube_FW_U5_V1.2.0, STM32Cube_FW_WBA_V1.0.0, STM32Cube_FW_WBA_V1.0.0RC1, STM32Cube_FW_WBA_V1.0.0RC3, STM32Cube_FW_WB_V1.15.0RC1, STM32Cube_FW_WB_V1.16.0, STM32Cube_FW_WB_V1.16.0RC2, STM32Cube_FW_WL_V1.3.0, X-CUBE-ALGOBUILD_V1.3.0, X-CUBE-ALS_V1.0.1, X-CUBE-AZRTOS-F4_V1.1.0, X-CUBE-AZRTOS-F7_V1.1.0, X-CUBE-AZRTOS-G0_V1.1.0, X-CUBE-AZRTOS-G4_V2.0.0, X-CUBE-AZRTOS-H7_V3.1.0, X-CUBE-AZRTOS-L4_V1.0.0, X-CUBE-AZRTOS-L5_V1.1.0, X-CUBE-AZRTOS-WB_V1.1.0, X-CUBE-AZRTOS-WL_V1.0.0, X-CUBE-BLE1_V6.2.4, X-CUBE-BLE2_V3.3.0, X-CUBE-BLEMGR_V2.0.0, X-CUBE-EEPRMA1_V4.1.0, X-CUBE-FREERTOS_V1.0.1, X-CUBE-GNSS1_V6.0.0, X-CUBE-MEMS1_V9.1.0, X-CUBE-MEMS1_V9.4.0, X-CUBE-MEMS1_V9.6.0, X-CUBE-NFC4_V3.0.0, X-CUBE-NFC7_V1.0.0, X-CUBE-SFXS2LP1_V4.0.0, X-CUBE-SUBG2_V5.0.0]
2023-07-18 12:14:44,849 [INFO] ApiDb:240 - Found 297 in-development CPN: [B-G473E-ZEST1S, B-WB1M-WPAN1, B-WL5M-SUBG1, NUCLEO-C031C6, NUCLEO-H503RB, NUCLEO-H563ZI, NUCLEO-U545RE-Q, NUCLEO-U5A5ZJ-Q, NUCLEO-WBA52CG, STEVAL-PROTEUS1, STEVAL-STWINBX1, STM320518-EVAL, STM32C0116-DK, STM32C011D6Y3TR, STM32C011D6Y6TR, STM32C011F4P3, STM32C011F4P6, STM32C011F4U3, STM32C011F4U6TR, STM32C011F6P3, STM32C011F6P6, STM32C011F6U3, STM32C011F6U6TR, STM32C011J4M3, STM32C011J4M6, STM32C011J6M3, STM32C011J6M6, STM32C0316-DK, STM32C031C4T3, STM32C031C4T6, STM32C031C4U3, STM32C031C4U6, STM32C031C6T3, STM32C031C6T6, STM32C031C6U3, STM32C031C6U6, STM32C031F4P3, STM32C031F4P6, STM32C031F6P3, STM32C031F6P6, STM32C031G4U3, STM32C031G4U6, STM32C031G6U3, STM32C031G6U6, STM32C031K4T3, STM32C031K4T6, STM32C031K4U3, STM32C031K4U6, STM32C031K6T3, STM32C031K6T6, STM32C031K6U3, STM32C031K6U6, STM32G071K8TXN, STM32G071K8UXN, STM32G081GBU6N, STM32G081KBT6N, STM32G081KBUXN, STM32G0B1CCT6N, STM32G0B1KCT6, STM32G0B1NEY6TR, STM32G0B1RCT6N, STM32G0C1CCT6, STM32G0C1CCT6N, STM32G0C1CCU6N, STM32G0C1CET6N, STM32G0C1CEU6N, STM32G0C1KCT6, STM32G0C1NEY6TR, STM32G0C1RCI6N, STM32G0C1RCT6N, STM32G0C1REI6N, STM32G0C1RET6N, STM32G0C1VCI6, STM32G0C1VEI6, STM32G471CCT6, STM32G471CCU6, STM32G471CET3, STM32G471CET6, STM32G471CEU3, STM32G471CEU6, STM32G471MCT6, STM32G471MET3, STM32G471MET6, STM32G471MEY6TR, STM32G471QCT6, STM32G471QET3, STM32G471RCT6, STM32G471RET3, STM32G471RET6, STM32G471VCH6, STM32G471VCI6, STM32G471VCT6, STM32G471VEH3, STM32G471VEH6, STM32G471VEI3, STM32G471VEI6, STM32G471VET3, STM32G471VET6, STM32G474CCT6, STM32H503CBT6, STM32H503CBU6, STM32H503EBY6TR, STM32H503KBU6, STM32H503RBT6, STM32H562AGI6, STM32H562AII6, STM32H562IGK6, STM32H562IGT6, STM32H562IIK6, STM32H562IIT6, STM32H562RGT6, STM32H562RGV6, STM32H562RIT6, STM32H562RIV6, STM32H562VGT6, STM32H562VIT6, STM32H562ZGT6, STM32H562ZIT6, STM32H563AGI6, STM32H563AII3Q, STM32H563AII6, STM32H563IGK6, STM32H563IGT6, STM32H563IIK3Q, STM32H563IIK6, STM32H563IIT3Q, STM32H563IIT6, STM32H563MIY3QTR, STM32H563RGT6, STM32H563RGV6, STM32H563RIT6, STM32H563RIV6, STM32H563VGT6, STM32H563VIT3Q, STM32H563VIT6, STM32H563ZGT6, STM32H563ZIT3Q, STM32H563ZIT6, STM32H573AII3Q, STM32H573AII6, STM32H573I-DK, STM32H573IIK3Q, STM32H573IIK6, STM32H573IIT3Q, STM32H573IIT6, STM32H573MIY3QTR, STM32H573RIT6, STM32H573RIV6, STM32H573VIT3Q, STM32H573VIT6, STM32H573ZIT3Q, STM32H573ZIT6, STM32L4R5QGI6STR, STM32MP131AAE3, STM32MP131AAF3, STM32MP131AAG3, STM32MP131CAE3, STM32MP131CAF3, STM32MP131CAG3, STM32MP131DAE7, STM32MP131DAF7, STM32MP131DAG7, STM32MP131FAE7, STM32MP131FAF7, STM32MP131FAG7, STM32MP133AAE3, STM32MP133AAF3, STM32MP133AAG3, STM32MP133CAE3, STM32MP133CAF3, STM32MP133CAG3, STM32MP133DAE7, STM32MP133DAF7, STM32MP133DAG7, STM32MP133FAE7, STM32MP133FAF7, STM32MP133FAG7, STM32MP135AAE3, STM32MP135AAF3, STM32MP135AAG3, STM32MP135CAE3, STM32MP135CAF3, STM32MP135CAG3, STM32MP135DAE7, STM32MP135DAF7, STM32MP135DAG7, STM32MP135F-DK, STM32MP135FAE7, STM32MP135FAF7, STM32MP135FAF7T, STM32MP135FAF7U, STM32MP135FAG7, STM32U535CBT6, STM32U535CBT6Q, STM32U535CBU6, STM32U535CBU6Q, STM32U535CCT6, STM32U535CCT6Q, STM32U535CCU6, STM32U535CCU6Q, STM32U535CET6, STM32U535CET6Q, STM32U535CEU6, STM32U535CEU6Q, STM32U535JEY6QTR, STM32U535NCY6QTR, STM32U535NEY6QTR, STM32U535RBI6, STM32U535RBI6Q, STM32U535RBT6, STM32U535RBT6Q, STM32U535RCI6, STM32U535RCI6Q, STM32U535RCT6, STM32U535RCT6Q, STM32U535REI6, STM32U535REI6Q, STM32U535RET6, STM32U535RET6Q, STM32U535VCI6, STM32U535VCI6Q, STM32U535VCT6, STM32U535VCT6Q, STM32U535VEI6, STM32U535VEI6Q, STM32U535VET6, STM32U535VET6Q, STM32U545CET6, STM32U545CET6Q, STM32U545CEU6, STM32U545CEU6Q, STM32U545JEY6QTR, STM32U545NEY6QTR, STM32U545REI6, STM32U545REI6Q, STM32U545RET6, STM32U545RET6Q, STM32U545VEI6, STM32U545VEI6Q, STM32U545VET6, STM32U545VET6Q, STM32U595AIH6, STM32U595AIH6Q, STM32U595AJH6, STM32U595AJH6Q, STM32U595QII6, STM32U595QII6Q, STM32U595QJI6, STM32U595QJI6Q, STM32U595RIT6, STM32U595RIT6Q, STM32U595RJT6, STM32U595RJT6Q, STM32U595VIT6, STM32U595VIT6Q, STM32U595VJT6, STM32U595VJT6Q, STM32U595ZIT6, STM32U595ZIT6Q, STM32U595ZIY6QTR, STM32U595ZJT6, STM32U595ZJT6Q, STM32U595ZJY6QTR, STM32U599BJY6QTR, STM32U599NIH6Q, STM32U599NJH6Q, STM32U599VIT6Q, STM32U599VJT6, STM32U599VJT6Q, STM32U599ZIT6Q, STM32U599ZIY6QTR, STM32U599ZJT6Q, STM32U599ZJY6QTR, STM32U5A5AJH6, STM32U5A5AJH6Q, STM32U5A5QJI6, STM32U5A5QJI6Q, STM32U5A5RJT6, STM32U5A5RJT6Q, STM32U5A5VJT6, STM32U5A5VJT6Q, STM32U5A5ZJT6, STM32U5A5ZJT6Q, STM32U5A5ZJY6QTR, STM32U5A9BJY6QTR, STM32U5A9J-DK, STM32U5A9NJH6Q, STM32U5A9VJT6Q, STM32U5A9ZJT6Q, STM32U5A9ZJY6QTR, STM32WB1MMCH6, STM32WBA52CEU6, STM32WBA52CEU6T, STM32WBA52CGU6, STM32WBA52CGU6T, STM32WL5MOCH6, STM32WL5MOCH6TR]
2023-07-18 12:14:44,854 [INFO] DbMcus:216 - Found 3775 MCUs, 3775 are supported
2023-07-18 12:14:44,867 [INFO] ApiDb:423 - Load user favorites file C:\Users\loict/.stm32cubeide/favorites.mcus.txt: 3 item(s)
2023-07-18 12:14:44,867 [INFO] ApiDb:427 - User favorites MCUs=[STM32F303VCT6, STM32G431KBT6, STM32L4P5ZGT6]
2023-07-18 12:14:44,868 [INFO] DbMcus:222 - Set 3 / 3 favorites MCUs
2023-07-18 12:14:45,391 [WARN] ThirdParty:833 - waiting for thirdparty lock release [change project]
2023-07-18 12:14:45,392 [INFO] ThirdParty:835 - entering critical section [change project]
2023-07-18 12:14:45,392 [INFO] ThirdParty:1030 - CMSIS Pack Vendor :STMicroelectronics X-CUBE-ISPU 1.1.0
2023-07-18 12:14:45,392 [INFO] ThirdParty:1030 - CMSIS Pack Vendor :STMicroelectronics X-CUBE-GNSS1 6.0.0
2023-07-18 12:14:45,392 [INFO] ThirdParty:1030 - CMSIS Pack Vendor :STMicroelectronics USB_HOST 2.0.0
2023-07-18 12:14:45,392 [INFO] ThirdParty:1030 - CMSIS Pack Vendor :STMicroelectronics X-CUBE-AZRTOS-F4 1.1.0
2023-07-18 12:14:45,392 [INFO] ThirdParty:1030 - CMSIS Pack Vendor :STMicroelectronics LIBJPEG 8.0.0
2023-07-18 12:14:45,392 [INFO] ThirdParty:1030 - CMSIS Pack Vendor :STMicroelectronics X-CUBE-SMBUS 2.1.0
2023-07-18 12:14:45,392 [INFO] ThirdParty:1030 - CMSIS Pack Vendor :wolfSSL I-CUBE-wolfSSL 5.6.0
2023-07-18 12:14:45,392 [INFO] ThirdParty:1030 - CMSIS Pack Vendor :STMicroelectronics USB_DEVICE 3.0.0
2023-07-18 12:14:45,392 [INFO] ThirdParty:1030 - CMSIS Pack Vendor :STMicroelectronics X-CUBE-FREERTOS 1.0.1
2023-07-18 12:14:45,393 [INFO] ThirdParty:1030 - CMSIS Pack Vendor :STMicroelectronics X-CUBE-AZRTOS-F7 1.1.0
2023-07-18 12:14:45,393 [INFO] ThirdParty:1030 - CMSIS Pack Vendor :STMicroelectronics X-CUBE-TOUCHGFX 4.21.4
2023-07-18 12:14:45,393 [INFO] ThirdParty:1030 - CMSIS Pack Vendor :STMicroelectronics USB_DEVICE 2.0.0
2023-07-18 12:14:45,393 [INFO] ThirdParty:1030 - CMSIS Pack Vendor :STMicroelectronics X-CUBE-MEMS1 9.6.0
2023-07-18 12:14:45,393 [INFO] ThirdParty:1030 - CMSIS Pack Vendor :STMicroelectronics FP-SNS-MOTENV1 4.3.2
2023-07-18 12:14:45,393 [INFO] ThirdParty:1030 - CMSIS Pack Vendor :STMicroelectronics FP-SNS-MOTENV1 4.3.1
2023-07-18 12:14:45,393 [INFO] ThirdParty:1030 - CMSIS Pack Vendor :STMicroelectronics FP-SNS-FLIGHT1 5.0.1
2023-07-18 12:14:45,393 [INFO] ThirdParty:1030 - CMSIS Pack Vendor :STMicroelectronics X-CUBE-ALGOBUILD 1.3.0
2023-07-18 12:14:45,393 [INFO] ThirdParty:1030 - CMSIS Pack Vendor :STMicroelectronics X-CUBE-BLE1 6.2.4
2023-07-18 12:14:45,393 [INFO] ThirdParty:1030 - CMSIS Pack Vendor :STMicroelectronics X-CUBE-AZRTOS-L5 1.1.0
2023-07-18 12:14:45,393 [INFO] ThirdParty:1030 - CMSIS Pack Vendor :STMicroelectronics FreeRTOS 0.0.1
2023-07-18 12:14:45,393 [INFO] ThirdParty:1030 - CMSIS Pack Vendor :STMicroelectronics X-CUBE-AZRTOS-G0 1.1.0
2023-07-18 12:14:45,393 [INFO] ThirdParty:1030 - CMSIS Pack Vendor :emotas I-CUBE-CANOPEN 1.1.3
2023-07-18 12:14:45,393 [INFO] ThirdParty:1030 - CMSIS Pack Vendor :STMicroelectronics X-CUBE-BLEMGR 2.0.0
2023-07-18 12:14:45,393 [INFO] ThirdParty:1030 - CMSIS Pack Vendor :STMicroelectronics X-CUBE-AI 8.0.1
2023-07-18 12:14:45,393 [INFO] ThirdParty:1030 - CMSIS Pack Vendor :STMicroelectronics X-CUBE-NFC4 3.0.0
2023-07-18 12:14:45,394 [INFO] ThirdParty:1030 - CMSIS Pack Vendor :STMicroelectronics X-CUBE-SUBG2 5.0.0
2023-07-18 12:14:45,394 [INFO] ThirdParty:1030 - CMSIS Pack Vendor :STMicroelectronics STM32_WPAN 1.0.0
2023-07-18 12:14:45,394 [INFO] ThirdParty:1030 - CMSIS Pack Vendor :STMicroelectronics lwIP 2.0.3
2023-07-18 12:14:45,394 [INFO] ThirdParty:1030 - CMSIS Pack Vendor :STMicroelectronics USB_HOST 1.0.0
2023-07-18 12:14:45,394 [INFO] ThirdParty:1030 - CMSIS Pack Vendor :STMicroelectronics X-CUBE-AZRTOS-G4 2.0.0
2023-07-18 12:14:45,394 [INFO] ThirdParty:1030 - CMSIS Pack Vendor :STMicroelectronics PDM2PCM 3.1.0
2023-07-18 12:14:45,394 [INFO] ThirdParty:1030 - CMSIS Pack Vendor :STMicroelectronics X-CUBE-AZRTOS-H7 3.1.0
2023-07-18 12:14:45,394 [INFO] ThirdParty:1030 - CMSIS Pack Vendor :STMicroelectronics X-CUBE-TOF1 3.3.0
2023-07-18 12:14:45,394 [INFO] ThirdParty:1030 - CMSIS Pack Vendor :STMicroelectronics PDM2PCM 3.3.0
2023-07-18 12:14:45,394 [INFO] ThirdParty:1030 - CMSIS Pack Vendor :STMicroelectronics X-CUBE-DISPLAY 3.0.0
2023-07-18 12:14:45,394 [INFO] ThirdParty:1030 - CMSIS Pack Vendor :STMicroelectronics FP-ATR-SIGFOX1 3.2.0
2023-07-18 12:14:45,394 [INFO] ThirdParty:1030 - CMSIS Pack Vendor :STMicroelectronics HAL Drivers 0.0.0
2023-07-18 12:14:45,394 [INFO] ThirdParty:1030 - CMSIS Pack Vendor :STMicroelectronics MBEDTLS 2.16.2
2023-07-18 12:14:45,394 [INFO] ThirdParty:1030 - CMSIS Pack Vendor :STMicroelectronics X-CUBE-TOUCHGFX 4.22.0
2023-07-18 12:14:45,394 [INFO] ThirdParty:1030 - CMSIS Pack Vendor :STMicroelectronics X-CUBE-NFC7 1.0.1
2023-07-18 12:14:45,394 [INFO] ThirdParty:1030 - CMSIS Pack Vendor :STMicroelectronics MBEDTLS 2.14.1
2023-07-18 12:14:45,394 [INFO] ThirdParty:1030 - CMSIS Pack Vendor :STMicroelectronics X-CUBE-NFC7 1.0.0
2023-07-18 12:14:45,395 [INFO] ThirdParty:1030 - CMSIS Pack Vendor :STMicroelectronics X-CUBE-EEPRMA1 4.1.0
2023-07-18 12:14:45,395 [INFO] ThirdParty:1030 - CMSIS Pack Vendor :portGmbH I-Cube-SoM-uGOAL 1.1.0
2023-07-18 12:14:45,395 [INFO] ThirdParty:1030 - CMSIS Pack Vendor :STMicroelectronics X-CUBE-ALS 1.0.1
2023-07-18 12:14:45,395 [INFO] ThirdParty:1030 - CMSIS Pack Vendor :STMicroelectronics ThreadX 1.0.0
2023-07-18 12:14:45,395 [INFO] ThirdParty:1030 - CMSIS Pack Vendor :STMicroelectronics X-CUBE-AZRTOS-WB 1.1.0
2023-07-18 12:14:45,395 [INFO] ThirdParty:1030 - CMSIS Pack Vendor :STMicroelectronics X-CUBE-AZRTOS-WL 2.0.0
2023-07-18 12:14:45,395 [INFO] ThirdParty:1030 - CMSIS Pack Vendor :SEGGER I-CUBE-embOS 1.3.1
2023-07-18 12:14:45,395 [INFO] ThirdParty:1030 - CMSIS Pack Vendor :STMicroelectronics USB_DEVICE 1.0.0
2023-07-18 12:14:45,395 [INFO] ThirdParty:1030 - CMSIS Pack Vendor :STMicroelectronics X-CUBE-AZRTOS-L4 2.0.0
2023-07-18 12:14:45,395 [INFO] ThirdParty:1030 - CMSIS Pack Vendor :STMicroelectronics ThreadX 0.0.2
2023-07-18 12:14:45,395 [INFO] ThirdParty:1030 - CMSIS Pack Vendor :WES I-CUBE-Cesium 1.3.0
2023-07-18 12:14:45,395 [INFO] ThirdParty:1030 - CMSIS Pack Vendor :STMicroelectronics FP-ATR-ASTRA1 2.0.0
2023-07-18 12:14:45,395 [INFO] ThirdParty:1030 - CMSIS Pack Vendor :STMicroelectronics lwIP 2.1.2
2023-07-18 12:14:45,395 [INFO] ThirdParty:1030 - CMSIS Pack Vendor :STMicroelectronics X-CUBE-SFXS2LP1 4.0.0
2023-07-18 12:14:45,395 [INFO] ThirdParty:1030 - CMSIS Pack Vendor :STMicroelectronics X-CUBE-BLE2 3.3.0
2023-07-18 12:14:45,395 [INFO] ThirdParty:1030 - CMSIS Pack Vendor :STMicroelectronics PDM2PCM 3.2.0
2023-07-18 12:14:45,396 [INFO] ThirdParty:841 - exiting critical section [change project]
2023-07-18 12:14:46,008 [INFO] PinOutPanel:1499 - setPackage(No Configuration,No Configuration)
2023-07-18 12:14:46,010 [INFO] PinOutPanel:1499 - setPackage(STM32G431KBTx,LQFP32)
2023-07-18 12:14:46,776 [INFO] UtilMem:75 - Before build in PCC Used Memory: 630829280 Bytes (1073741824)
2023-07-18 12:14:48,492 [INFO] UtilMem:75 - After build in PCC Used Memory: 898557456 Bytes (1073741824)
2023-07-18 12:14:48,541 [INFO] IPUIPlugin:80 - create IPUIPlugin
2023-07-18 12:14:48,541 [INFO] IPUIPlugin:80 - create IPUIPlugin
2023-07-18 12:14:48,542 [INFO] IPUIPlugin:80 - create IPUIPlugin
2023-07-18 12:14:48,543 [INFO] IPUIPlugin:80 - create IPUIPlugin
2023-07-18 12:14:48,543 [INFO] IPUIPlugin:80 - create IPUIPlugin
2023-07-18 12:14:48,543 [INFO] IPUIPlugin:80 - create IPUIPlugin
2023-07-18 12:14:48,543 [INFO] IPUIPlugin:80 - create IPUIPlugin
2023-07-18 12:14:48,544 [INFO] IPUIPlugin:80 - create IPUIPlugin
2023-07-18 12:14:48,544 [INFO] IPUIPlugin:80 - create IPUIPlugin
2023-07-18 12:14:48,544 [INFO] IPUIPlugin:80 - create IPUIPlugin
2023-07-18 12:14:48,544 [INFO] IPUIPlugin:80 - create IPUIPlugin
2023-07-18 12:14:48,545 [INFO] IPUIPlugin:80 - create IPUIPlugin
2023-07-18 12:14:48,545 [INFO] IPUIPlugin:80 - create IPUIPlugin
2023-07-18 12:14:48,545 [INFO] IPUIPlugin:80 - create IPUIPlugin
2023-07-18 12:14:48,545 [INFO] IPUIPlugin:80 - create IPUIPlugin
2023-07-18 12:14:48,546 [INFO] IPUIPlugin:80 - create IPUIPlugin
2023-07-18 12:14:48,546 [INFO] IPUIPlugin:80 - create IPUIPlugin
2023-07-18 12:14:48,546 [INFO] IPUIPlugin:80 - create IPUIPlugin
2023-07-18 12:14:48,546 [INFO] IPUIPlugin:80 - create IPUIPlugin
2023-07-18 12:14:48,547 [INFO] IPUIPlugin:80 - create IPUIPlugin
2023-07-18 12:14:48,547 [INFO] IPUIPlugin:80 - create IPUIPlugin
2023-07-18 12:14:48,547 [INFO] IPUIPlugin:80 - create IPUIPlugin
2023-07-18 12:14:48,547 [INFO] IPUIPlugin:80 - create IPUIPlugin
2023-07-18 12:14:48,548 [INFO] IPUIPlugin:80 - create IPUIPlugin
2023-07-18 12:14:48,548 [INFO] IPUIPlugin:80 - create IPUIPlugin
2023-07-18 12:14:48,549 [INFO] IPUIPlugin:80 - create IPUIPlugin
2023-07-18 12:14:48,549 [INFO] IPUIPlugin:80 - create IPUIPlugin
2023-07-18 12:14:48,550 [INFO] IPUIPlugin:80 - create IPUIPlugin
2023-07-18 12:14:48,550 [INFO] IPUIPlugin:80 - create IPUIPlugin
2023-07-18 12:14:48,579 [INFO] IPUIPlugin:80 - create IPUIPlugin
2023-07-18 12:14:48,580 [INFO] IPUIPlugin:80 - create IPUIPlugin
2023-07-18 12:14:48,580 [INFO] IPUIPlugin:80 - create IPUIPlugin
2023-07-18 12:14:48,580 [INFO] IPUIPlugin:80 - create IPUIPlugin
2023-07-18 12:14:48,580 [INFO] IPUIPlugin:80 - create IPUIPlugin
2023-07-18 12:14:48,581 [INFO] IPUIPlugin:80 - create IPUIPlugin
2023-07-18 12:14:48,581 [INFO] IPUIPlugin:80 - create IPUIPlugin
2023-07-18 12:14:48,581 [INFO] IPUIPlugin:80 - create IPUIPlugin
2023-07-18 12:14:48,582 [INFO] IPUIPlugin:80 - create IPUIPlugin
2023-07-18 12:14:48,582 [INFO] IPUIPlugin:80 - create IPUIPlugin
2023-07-18 12:14:48,582 [INFO] IPUIPlugin:80 - create IPUIPlugin
2023-07-18 12:14:48,583 [INFO] IPUIPlugin:80 - create IPUIPlugin
2023-07-18 12:14:48,583 [INFO] IPUIPlugin:80 - create IPUIPlugin
2023-07-18 12:14:48,583 [INFO] IPUIPlugin:80 - create IPUIPlugin
2023-07-18 12:14:48,584 [INFO] IPUIPlugin:80 - create IPUIPlugin
2023-07-18 12:14:48,584 [INFO] IPUIPlugin:80 - create IPUIPlugin
2023-07-18 12:14:48,586 [INFO] IPUIPlugin:80 - create IPUIPlugin
2023-07-18 12:14:48,588 [INFO] IPUIPlugin:80 - create IPUIPlugin
2023-07-18 12:14:48,588 [INFO] IPUIPlugin:80 - create IPUIPlugin
2023-07-18 12:14:48,589 [INFO] IPUIPlugin:80 - create IPUIPlugin
2023-07-18 12:14:48,589 [INFO] IPUIPlugin:80 - create IPUIPlugin
2023-07-18 12:14:48,590 [INFO] IPUIPlugin:80 - create IPUIPlugin
2023-07-18 12:14:48,590 [INFO] IPUIPlugin:80 - create IPUIPlugin
2023-07-18 12:14:48,591 [INFO] IPUIPlugin:80 - create IPUIPlugin
2023-07-18 12:14:48,592 [INFO] IPUIPlugin:80 - create IPUIPlugin
2023-07-18 12:14:48,593 [INFO] IPUIPlugin:80 - create IPUIPlugin
2023-07-18 12:14:48,594 [INFO] IPUIPlugin:80 - create IPUIPlugin
2023-07-18 12:14:48,975 [INFO] CADModel:165 - CPN selected for project levelSTM32G431KBT6
2023-07-18 12:14:48,975 [INFO] CADModel:114 - Register for checkConnection events
2023-07-18 12:14:49,051 [INFO] OpenFileManager:328 - Restore cursor
2023-07-18 12:14:49,247 [WARN] IP:2113 - OutPut1 not found: check if there is a RefParameter without a condition.
2023-07-18 12:14:49,247 [WARN] IP:2113 - OutPut2 not found: check if there is a RefParameter without a condition.
2023-07-18 12:14:49,247 [WARN] IP:2113 - OutPut3 not found: check if there is a RefParameter without a condition.
2023-07-18 12:14:49,248 [WARN] IP:2113 - OutPut1 not found: check if there is a RefParameter without a condition.
2023-07-18 12:14:49,248 [WARN] IP:2113 - OutPut2 not found: check if there is a RefParameter without a condition.
2023-07-18 12:14:49,248 [WARN] IP:2113 - OutPut3 not found: check if there is a RefParameter without a condition.
2023-07-18 12:14:49,249 [WARN] IP:2113 - OutPut1 not found: check if there is a RefParameter without a condition.
2023-07-18 12:14:49,249 [WARN] IP:2113 - OutPut2 not found: check if there is a RefParameter without a condition.
2023-07-18 12:14:49,249 [WARN] IP:2113 - OutPut3 not found: check if there is a RefParameter without a condition.
2023-07-18 12:14:49,249 [WARN] IP:2113 - OutPut1 not found: check if there is a RefParameter without a condition.
2023-07-18 12:14:49,249 [WARN] IP:2113 - OutPut2 not found: check if there is a RefParameter without a condition.
2023-07-18 12:14:49,250 [WARN] IP:2113 - OutPut3 not found: check if there is a RefParameter without a condition.
2023-07-18 12:16:27,358 [INFO] UtilMem:75 - End SaveConfig() Used Memory: 890966600 Bytes (1073741824)
2023-07-18 12:16:27,456 [INFO] UtilMem:75 - End SaveConfig() Used Memory: 906173000 Bytes (1073741824)
2023-07-18 12:16:28,568 [INFO] UtilMem:75 - End SaveConfig() Used Memory: 631080784 Bytes (1073741824)
2023-07-18 12:16:29,510 [INFO] BlockDiagram:2759 - set Specific Code input for plugin: TIM1_8G4
2023-07-18 12:16:29,510 [INFO] BlockDiagram:2759 - set Specific Code input for plugin: SYS
2023-07-18 12:16:29,510 [INFO] BlockDiagram:2759 - set Specific Code input for plugin: RCC
2023-07-18 12:16:29,510 [INFO] BlockDiagram:2759 - set Specific Code input for plugin: RTC
2023-07-18 12:16:29,511 [INFO] BlockDiagram:2759 - set Specific Code input for plugin: NVIC
2023-07-18 12:16:29,511 [INFO] BlockDiagram:2759 - set Specific Code input for plugin: USART
2023-07-18 12:16:29,511 [INFO] BlockDiagram:2759 - set Specific Code input for plugin: GPIO
2023-07-18 12:16:29,514 [INFO] CodeGenerator:793 - code generatio: config db path: C:\ST\STM32CubeIDE_1.12.1\STM32CubeIDE\plugins\com.st.stm32cube.common.mx_6.8.1.202304191431\\db\
2023-07-18 12:16:29,533 [WARN] IP:2113 - OutPut1 not found: check if there is a RefParameter without a condition.
2023-07-18 12:16:29,534 [WARN] IP:2113 - OutPut2 not found: check if there is a RefParameter without a condition.
2023-07-18 12:16:29,534 [WARN] IP:2113 - OutPut3 not found: check if there is a RefParameter without a condition.
2023-07-18 12:16:29,534 [WARN] IP:2113 - OutPut1 not found: check if there is a RefParameter without a condition.
2023-07-18 12:16:29,534 [WARN] IP:2113 - OutPut2 not found: check if there is a RefParameter without a condition.
2023-07-18 12:16:29,535 [WARN] IP:2113 - OutPut3 not found: check if there is a RefParameter without a condition.
2023-07-18 12:16:30,229 [INFO] CodeEngine:255 - oldGeneratedFile, C:\Users\loict\STM32CubeIDE\workspace_1.12.1\test_32g\MXTmpFiles\license.tmp_save
2023-07-18 12:16:31,046 [INFO] CodeEngine:279 - Generated code: C:\Users\loict\STM32CubeIDE\workspace_1.12.1\test_32g\MXTmpFiles\license.tmp
2023-07-18 12:16:31,305 [INFO] CodeEngine:255 - oldGeneratedFile, C:\Users\loict\STM32CubeIDE\workspace_1.12.1\test_32g\MXTmpFiles\gpio.tmp_save
2023-07-18 12:16:31,535 [INFO] CodeEngine:279 - Generated code: C:\Users\loict\STM32CubeIDE\workspace_1.12.1\test_32g\MXTmpFiles\gpio.tmp
2023-07-18 12:16:31,612 [WARN] IP:2113 - OutPut1 not found: check if there is a RefParameter without a condition.
2023-07-18 12:16:31,612 [WARN] IP:2113 - OutPut2 not found: check if there is a RefParameter without a condition.
2023-07-18 12:16:31,612 [WARN] IP:2113 - OutPut3 not found: check if there is a RefParameter without a condition.
2023-07-18 12:16:31,951 [INFO] CodeEngine:255 - oldGeneratedFile, C:\Users\loict\STM32CubeIDE\workspace_1.12.1\test_32g\Core\Src\stm32g4xx_it.c_save
2023-07-18 12:16:32,182 [INFO] CodeEngine:279 - Generated code: C:\Users\loict\STM32CubeIDE\workspace_1.12.1\test_32g\Core\Src\stm32g4xx_it.c
2023-07-18 12:16:32,204 [INFO] CodeEngine:255 - oldGeneratedFile, C:\Users\loict\STM32CubeIDE\workspace_1.12.1\test_32g\Core\Inc\stm32g4xx_it.h_save
2023-07-18 12:16:32,386 [INFO] CodeEngine:279 - Generated code: C:\Users\loict\STM32CubeIDE\workspace_1.12.1\test_32g\Core\Inc\stm32g4xx_it.h
2023-07-18 12:16:32,439 [INFO] CodeEngine:255 - oldGeneratedFile, C:\Users\loict\STM32CubeIDE\workspace_1.12.1\test_32g\Core\Src\stm32g4xx_hal_msp.c_save
2023-07-18 12:16:32,713 [INFO] CodeEngine:279 - Generated code: C:\Users\loict\STM32CubeIDE\workspace_1.12.1\test_32g\Core\Src\stm32g4xx_hal_msp.c
2023-07-18 12:16:32,737 [INFO] CodeEngine:255 - oldGeneratedFile, C:\Users\loict\STM32CubeIDE\workspace_1.12.1\test_32g\MXTmpFiles\system.tmp_save
2023-07-18 12:16:32,850 [INFO] CodeEngine:279 - Generated code: C:\Users\loict\STM32CubeIDE\workspace_1.12.1\test_32g\MXTmpFiles\system.tmp
2023-07-18 12:16:32,905 [INFO] CodeEngine:311 - oldGeneratedFile, C:\Users\loict\STM32CubeIDE\workspace_1.12.1\test_32g\Core\Inc\stm32g4xx_hal_conf.h_save
2023-07-18 12:16:33,101 [INFO] CodeEngine:335 - Generated code: C:\Users\loict\STM32CubeIDE\workspace_1.12.1\test_32g\Core\Inc\stm32g4xx_hal_conf.h
2023-07-18 12:16:33,173 [WARN] IPConfigManager:2937 - Warning: the RefConfig RCC_CommonPeriphClockConfig is not available in your config.xml file
2023-07-18 12:16:33,178 [WARN] IPConfigManager:3431 - IP not found : TIM
2023-07-18 12:16:33,180 [WARN] CodeGenerator:3754 - IP not found : null
2023-07-18 12:16:33,230 [INFO] CodeEngine:255 - oldGeneratedFile, C:\Users\loict\STM32CubeIDE\workspace_1.12.1\test_32g\Core\Inc\main.h_save
2023-07-18 12:16:33,473 [INFO] CodeEngine:279 - Generated code: C:\Users\loict\STM32CubeIDE\workspace_1.12.1\test_32g\Core\Inc\main.h
2023-07-18 12:16:33,512 [INFO] CodeEngine:255 - oldGeneratedFile, C:\Users\loict\STM32CubeIDE\workspace_1.12.1\test_32g\Core\Src\main.c_save
2023-07-18 12:16:33,818 [INFO] CodeEngine:279 - Generated code: C:\Users\loict\STM32CubeIDE\workspace_1.12.1\test_32g\Core\Src\main.c
2023-07-18 12:16:34,970 [INFO] ProjectBuilder:2996 - Time for Copy HAL[1] : 346mS.
2023-07-18 12:16:34,993 [INFO] ProjectBuilder:4304 - Project Generator version: 3.19.2
2023-07-18 12:16:35,672 [INFO] ConfigFileManager:1483 - The Die is : DIE468
2023-07-18 12:16:35,711 [INFO] ApiDbMcu:507 - Load IP Config File for FATFS
2023-07-18 12:16:35,731 [INFO] ApiDbMcu:507 - Load IP Config File for FREERTOS
2023-07-18 12:16:35,758 [INFO] ApiDbMcu:507 - Load IP Config File for USBPD
2023-07-18 12:16:35,788 [INFO] ApiDbMcu:507 - Load IP Config File for USB_Device
2023-07-18 12:16:37,602 [INFO] LogOutputStream:77 - [STDOUT_REDIRECT] 
2023-07-18 12:16:41,084 [INFO] ProjectBuilder:4505 - Time for Generating toolchain IDE Files: 6090mS.
2023-07-18 12:16:41,086 [INFO] ProjectBuilder:2867 - Time for Copy CMSIS : 0mS.
2023-07-18 12:16:41,092 [INFO] ProjectBuilder:2867 - Time for Copy CMSIS : 0mS.
2023-07-18 12:39:17,866 [WARN] IP:2113 - OutPut1 not found: check if there is a RefParameter without a condition.
2023-07-18 12:39:17,866 [WARN] IP:2113 - OutPut2 not found: check if there is a RefParameter without a condition.
2023-07-18 12:39:17,866 [WARN] IP:2113 - OutPut3 not found: check if there is a RefParameter without a condition.
2023-07-18 12:39:17,867 [WARN] IP:2113 - OutPut1 not found: check if there is a RefParameter without a condition.
2023-07-18 12:39:17,867 [WARN] IP:2113 - OutPut2 not found: check if there is a RefParameter without a condition.
2023-07-18 12:39:17,867 [WARN] IP:2113 - OutPut3 not found: check if there is a RefParameter without a condition.
2023-07-18 12:39:17,867 [WARN] IP:2113 - OutPut1 not found: check if there is a RefParameter without a condition.
2023-07-18 12:39:17,867 [WARN] IP:2113 - OutPut2 not found: check if there is a RefParameter without a condition.
2023-07-18 12:39:17,867 [WARN] IP:2113 - OutPut3 not found: check if there is a RefParameter without a condition.
2023-07-18 12:39:17,867 [WARN] IP:2113 - OutPut1 not found: check if there is a RefParameter without a condition.
2023-07-18 12:39:17,867 [WARN] IP:2113 - OutPut2 not found: check if there is a RefParameter without a condition.
2023-07-18 12:39:17,867 [WARN] IP:2113 - OutPut3 not found: check if there is a RefParameter without a condition.
2023-07-18 12:39:18,139 [WARN] IP:2113 - OutPut1 not found: check if there is a RefParameter without a condition.
2023-07-18 12:39:18,139 [WARN] IP:2113 - OutPut2 not found: check if there is a RefParameter without a condition.
2023-07-18 12:39:18,140 [WARN] IP:2113 - OutPut3 not found: check if there is a RefParameter without a condition.
2023-07-18 12:39:18,140 [WARN] IP:2113 - OutPut1 not found: check if there is a RefParameter without a condition.
2023-07-18 12:39:18,140 [WARN] IP:2113 - OutPut2 not found: check if there is a RefParameter without a condition.
2023-07-18 12:39:18,140 [WARN] IP:2113 - OutPut3 not found: check if there is a RefParameter without a condition.
2023-07-18 12:39:18,140 [WARN] IP:2113 - OutPut1 not found: check if there is a RefParameter without a condition.
2023-07-18 12:39:18,140 [WARN] IP:2113 - OutPut2 not found: check if there is a RefParameter without a condition.
2023-07-18 12:39:18,140 [WARN] IP:2113 - OutPut3 not found: check if there is a RefParameter without a condition.
2023-07-18 12:39:18,141 [WARN] IP:2113 - OutPut1 not found: check if there is a RefParameter without a condition.
2023-07-18 12:39:18,141 [WARN] IP:2113 - OutPut2 not found: check if there is a RefParameter without a condition.
2023-07-18 12:39:18,141 [WARN] IP:2113 - OutPut3 not found: check if there is a RefParameter without a condition.
2023-07-18 12:39:18,565 [INFO] UtilMem:75 - End SaveConfig() Used Memory: 930436272 Bytes (1073741824)
2023-07-18 12:39:18,653 [INFO] UtilMem:75 - End SaveConfig() Used Memory: 946164872 Bytes (1073741824)
2023-07-18 12:39:19,454 [INFO] UtilMem:75 - End SaveConfig() Used Memory: 688862576 Bytes (1073741824)
2023-07-18 12:39:19,910 [INFO] BlockDiagram:2759 - set Specific Code input for plugin: TIM1_8G4
2023-07-18 12:39:19,910 [INFO] BlockDiagram:2759 - set Specific Code input for plugin: SYS
2023-07-18 12:39:19,910 [INFO] BlockDiagram:2759 - set Specific Code input for plugin: RCC
2023-07-18 12:39:19,910 [INFO] BlockDiagram:2759 - set Specific Code input for plugin: RTC
2023-07-18 12:39:19,910 [INFO] BlockDiagram:2759 - set Specific Code input for plugin: NVIC
2023-07-18 12:39:19,910 [INFO] BlockDiagram:2759 - set Specific Code input for plugin: USART
2023-07-18 12:39:19,910 [INFO] BlockDiagram:2759 - set Specific Code input for plugin: GPIO
2023-07-18 12:39:19,912 [INFO] CodeGenerator:793 - code generatio: config db path: C:\ST\STM32CubeIDE_1.12.1\STM32CubeIDE\plugins\com.st.stm32cube.common.mx_6.8.1.202304191431\\db\
2023-07-18 12:39:19,925 [WARN] IP:2113 - OutPut1 not found: check if there is a RefParameter without a condition.
2023-07-18 12:39:19,926 [WARN] IP:2113 - OutPut2 not found: check if there is a RefParameter without a condition.
2023-07-18 12:39:19,926 [WARN] IP:2113 - OutPut3 not found: check if there is a RefParameter without a condition.
2023-07-18 12:39:19,926 [WARN] IP:2113 - OutPut1 not found: check if there is a RefParameter without a condition.
2023-07-18 12:39:19,926 [WARN] IP:2113 - OutPut2 not found: check if there is a RefParameter without a condition.
2023-07-18 12:39:19,926 [WARN] IP:2113 - OutPut3 not found: check if there is a RefParameter without a condition.
2023-07-18 12:39:20,192 [INFO] CodeEngine:255 - oldGeneratedFile, C:\Users\loict\STM32CubeIDE\workspace_1.12.1\test_32g\MXTmpFiles\license.tmp_save
2023-07-18 12:39:20,442 [INFO] CodeEngine:279 - Generated code: C:\Users\loict\STM32CubeIDE\workspace_1.12.1\test_32g\MXTmpFiles\license.tmp
2023-07-18 12:39:20,543 [INFO] CodeEngine:255 - oldGeneratedFile, C:\Users\loict\STM32CubeIDE\workspace_1.12.1\test_32g\MXTmpFiles\gpio.tmp_save
2023-07-18 12:39:20,721 [INFO] CodeEngine:279 - Generated code: C:\Users\loict\STM32CubeIDE\workspace_1.12.1\test_32g\MXTmpFiles\gpio.tmp
2023-07-18 12:39:20,736 [WARN] IP:2113 - OutPut1 not found: check if there is a RefParameter without a condition.
2023-07-18 12:39:20,736 [WARN] IP:2113 - OutPut2 not found: check if there is a RefParameter without a condition.
2023-07-18 12:39:20,736 [WARN] IP:2113 - OutPut3 not found: check if there is a RefParameter without a condition.
2023-07-18 12:39:20,985 [INFO] CodeEngine:255 - oldGeneratedFile, C:\Users\loict\STM32CubeIDE\workspace_1.12.1\test_32g\Core\Src\stm32g4xx_it.c_save
2023-07-18 12:39:21,401 [INFO] CodeEngine:279 - Generated code: C:\Users\loict\STM32CubeIDE\workspace_1.12.1\test_32g\Core\Src\stm32g4xx_it.c
2023-07-18 12:39:21,420 [INFO] CodeEngine:255 - oldGeneratedFile, C:\Users\loict\STM32CubeIDE\workspace_1.12.1\test_32g\Core\Inc\stm32g4xx_it.h_save
2023-07-18 12:39:21,528 [INFO] CodeEngine:279 - Generated code: C:\Users\loict\STM32CubeIDE\workspace_1.12.1\test_32g\Core\Inc\stm32g4xx_it.h
2023-07-18 12:39:21,573 [INFO] CodeEngine:255 - oldGeneratedFile, C:\Users\loict\STM32CubeIDE\workspace_1.12.1\test_32g\Core\Src\stm32g4xx_hal_msp.c_save
2023-07-18 12:39:21,802 [INFO] CodeEngine:279 - Generated code: C:\Users\loict\STM32CubeIDE\workspace_1.12.1\test_32g\Core\Src\stm32g4xx_hal_msp.c
2023-07-18 12:39:21,811 [INFO] CodeEngine:255 - oldGeneratedFile, C:\Users\loict\STM32CubeIDE\workspace_1.12.1\test_32g\MXTmpFiles\system.tmp_save
2023-07-18 12:39:21,928 [INFO] CodeEngine:279 - Generated code: C:\Users\loict\STM32CubeIDE\workspace_1.12.1\test_32g\MXTmpFiles\system.tmp
2023-07-18 12:39:21,969 [INFO] CodeEngine:311 - oldGeneratedFile, C:\Users\loict\STM32CubeIDE\workspace_1.12.1\test_32g\Core\Inc\stm32g4xx_hal_conf.h_save
2023-07-18 12:39:22,149 [INFO] CodeEngine:335 - Generated code: C:\Users\loict\STM32CubeIDE\workspace_1.12.1\test_32g\Core\Inc\stm32g4xx_hal_conf.h
2023-07-18 12:39:22,191 [WARN] IPConfigManager:2937 - Warning: the RefConfig RCC_CommonPeriphClockConfig is not available in your config.xml file
2023-07-18 12:39:22,194 [WARN] IPConfigManager:3431 - IP not found : TIM
2023-07-18 12:39:22,196 [WARN] CodeGenerator:3754 - IP not found : null
2023-07-18 12:39:22,225 [INFO] CodeEngine:255 - oldGeneratedFile, C:\Users\loict\STM32CubeIDE\workspace_1.12.1\test_32g\Core\Inc\main.h_save
2023-07-18 12:39:22,408 [INFO] CodeEngine:279 - Generated code: C:\Users\loict\STM32CubeIDE\workspace_1.12.1\test_32g\Core\Inc\main.h
2023-07-18 12:39:22,433 [INFO] CodeEngine:255 - oldGeneratedFile, C:\Users\loict\STM32CubeIDE\workspace_1.12.1\test_32g\Core\Src\main.c_save
2023-07-18 12:39:22,630 [INFO] CodeEngine:279 - Generated code: C:\Users\loict\STM32CubeIDE\workspace_1.12.1\test_32g\Core\Src\main.c
2023-07-18 12:39:23,575 [INFO] ProjectBuilder:2996 - Time for Copy HAL[1] : 336mS.
2023-07-18 12:39:23,579 [INFO] ProjectBuilder:4304 - Project Generator version: 3.19.2
2023-07-18 12:39:23,931 [INFO] ConfigFileManager:1483 - The Die is : DIE468
2023-07-18 12:39:26,666 [INFO] ProjectBuilder:4505 - Time for Generating toolchain IDE Files: 3087mS.
2023-07-18 12:39:26,668 [INFO] ProjectBuilder:2867 - Time for Copy CMSIS : 2mS.
2023-07-18 12:39:26,678 [INFO] ProjectBuilder:2867 - Time for Copy CMSIS : 0mS.
2023-07-18 14:40:07,277 [ERROR] LogOutputStream:75 - [STDERR_REDIRECT] [Fatal Error] :1:1: Premature end of file.
2023-07-18 14:40:07,279 [ERROR] LogOutputStream:75 - [STDERR_REDIRECT] 
2023-07-18 14:40:08,076 [ERROR] LogOutputStream:75 - [STDERR_REDIRECT] [Fatal Error] :1:1: Premature end of file.
2023-07-18 14:40:08,076 [ERROR] LogOutputStream:75 - [STDERR_REDIRECT] 
2023-07-18 14:40:09,080 [ERROR] LogOutputStream:75 - [STDERR_REDIRECT] [Fatal Error] :1:1: Premature end of file.
2023-07-18 14:40:09,080 [ERROR] LogOutputStream:75 - [STDERR_REDIRECT] 
2023-07-18 14:40:10,069 [ERROR] LogOutputStream:75 - [STDERR_REDIRECT] [Fatal Error] :1:1: Premature end of file.
2023-07-18 14:40:10,069 [ERROR] LogOutputStream:75 - [STDERR_REDIRECT] 
2023-07-18 14:40:11,073 [ERROR] LogOutputStream:75 - [STDERR_REDIRECT] [Fatal Error] :1:1: Premature end of file.
2023-07-18 14:40:11,073 [ERROR] LogOutputStream:75 - [STDERR_REDIRECT] 
2023-07-18 14:40:12,062 [ERROR] LogOutputStream:75 - [STDERR_REDIRECT] [Fatal Error] :1:1: Premature end of file.
2023-07-18 14:40:12,062 [ERROR] LogOutputStream:75 - [STDERR_REDIRECT] 
2023-07-18 14:40:13,068 [ERROR] LogOutputStream:75 - [STDERR_REDIRECT] [Fatal Error] :1:1: Premature end of file.
2023-07-18 14:40:13,068 [ERROR] LogOutputStream:75 - [STDERR_REDIRECT] 
2023-07-18 14:40:14,060 [ERROR] LogOutputStream:75 - [STDERR_REDIRECT] [Fatal Error] :1:1: Premature end of file.
2023-07-18 14:40:14,060 [ERROR] LogOutputStream:75 - [STDERR_REDIRECT] 
2023-07-18 14:40:15,066 [ERROR] LogOutputStream:75 - [STDERR_REDIRECT] [Fatal Error] :1:1: Premature end of file.
2023-07-18 14:40:15,066 [ERROR] LogOutputStream:75 - [STDERR_REDIRECT] 
2023-07-18 14:40:16,058 [ERROR] LogOutputStream:75 - [STDERR_REDIRECT] [Fatal Error] :1:1: Premature end of file.
2023-07-18 14:40:16,058 [ERROR] LogOutputStream:75 - [STDERR_REDIRECT] 
2023-07-18 14:40:17,063 [ERROR] LogOutputStream:75 - [STDERR_REDIRECT] [Fatal Error] :1:1: Premature end of file.
2023-07-18 14:40:17,063 [ERROR] LogOutputStream:75 - [STDERR_REDIRECT] 
2023-07-18 14:40:18,069 [ERROR] LogOutputStream:75 - [STDERR_REDIRECT] [Fatal Error] :1:1: Premature end of file.
2023-07-18 14:40:18,069 [ERROR] LogOutputStream:75 - [STDERR_REDIRECT] 
2023-07-18 14:40:19,063 [ERROR] LogOutputStream:75 - [STDERR_REDIRECT] [Fatal Error] :1:1: Premature end of file.
2023-07-18 14:40:19,063 [ERROR] LogOutputStream:75 - [STDERR_REDIRECT] 
2023-07-18 14:40:20,073 [ERROR] LogOutputStream:75 - [STDERR_REDIRECT] [Fatal Error] :1:1: Premature end of file.
2023-07-18 14:40:20,073 [ERROR] LogOutputStream:75 - [STDERR_REDIRECT] 
2023-07-18 14:40:21,064 [ERROR] LogOutputStream:75 - [STDERR_REDIRECT] [Fatal Error] :1:1: Premature end of file.
2023-07-18 14:40:21,064 [ERROR] LogOutputStream:75 - [STDERR_REDIRECT] 
2023-07-18 14:40:22,069 [ERROR] LogOutputStream:75 - [STDERR_REDIRECT] [Fatal Error] :1:1: Premature end of file.
2023-07-18 14:40:22,069 [ERROR] LogOutputStream:75 - [STDERR_REDIRECT] 
2023-07-18 14:40:23,061 [ERROR] LogOutputStream:75 - [STDERR_REDIRECT] [Fatal Error] :1:1: Premature end of file.
2023-07-18 14:40:23,061 [ERROR] LogOutputStream:75 - [STDERR_REDIRECT] 
2023-07-18 14:40:24,070 [ERROR] LogOutputStream:75 - [STDERR_REDIRECT] [Fatal Error] :1:1: Premature end of file.
2023-07-18 14:40:24,070 [ERROR] LogOutputStream:75 - [STDERR_REDIRECT] 
2023-07-18 14:40:25,062 [ERROR] LogOutputStream:75 - [STDERR_REDIRECT] [Fatal Error] :1:1: Premature end of file.
2023-07-18 14:40:25,062 [ERROR] LogOutputStream:75 - [STDERR_REDIRECT] 
2023-07-18 14:40:26,072 [ERROR] LogOutputStream:75 - [STDERR_REDIRECT] [Fatal Error] :1:1: Premature end of file.
2023-07-18 14:40:26,072 [ERROR] LogOutputStream:75 - [STDERR_REDIRECT] 
2023-07-18 14:40:27,061 [ERROR] LogOutputStream:75 - [STDERR_REDIRECT] [Fatal Error] :1:1: Premature end of file.
2023-07-18 14:40:27,061 [ERROR] LogOutputStream:75 - [STDERR_REDIRECT] 
2023-07-18 14:40:28,065 [ERROR] LogOutputStream:75 - [STDERR_REDIRECT] [Fatal Error] :1:1: Premature end of file.
2023-07-18 14:40:28,065 [ERROR] LogOutputStream:75 - [STDERR_REDIRECT] 
2023-07-18 14:40:29,066 [ERROR] LogOutputStream:75 - [STDERR_REDIRECT] [Fatal Error] :1:1: Premature end of file.
2023-07-18 14:40:29,066 [ERROR] LogOutputStream:75 - [STDERR_REDIRECT] 
2023-07-18 14:40:30,068 [ERROR] LogOutputStream:75 - [STDERR_REDIRECT] [Fatal Error] :1:1: Premature end of file.
2023-07-18 14:40:30,068 [ERROR] LogOutputStream:75 - [STDERR_REDIRECT] 
2023-07-18 14:40:31,069 [ERROR] LogOutputStream:75 - [STDERR_REDIRECT] [Fatal Error] :1:1: Premature end of file.
2023-07-18 14:40:31,069 [ERROR] LogOutputStream:75 - [STDERR_REDIRECT] 
