2023-07-06 07:38:19,292 [INFO] Activator:176 - 


2023-07-06 07:38:19,305 [INFO] Activator:177 - !SESSION log4j initialized
2023-07-06 07:38:28,456 [INFO] LogOutputStream:77 - [STDOUT_REDIRECT] 
2023-07-06 07:38:55,267 [ERROR] LogOutputStream:75 - [STDERR_REDIRECT] SLF4J: Failed to load class "org.slf4j.impl.StaticLoggerBinder".
2023-07-06 07:38:55,268 [ERROR] LogOutputStream:75 - [STDERR_REDIRECT] SLF4J: Defaulting to no-operation (NOP) logger implementation
2023-07-06 07:38:55,270 [ERROR] LogOutputStream:75 - [STDERR_REDIRECT] SLF4J: See http://www.slf4j.org/codes.html#StaticLoggerBinder for further details.
2023-07-06 08:23:18,010 [INFO] ApplicationProperties:184 - Using Application install path: C:\ST\STM32CubeIDE_1.12.1\STM32CubeIDE\plugins\com.st.stm32cube.common.mx_6.8.1.202304191431
2023-07-06 08:23:18,038 [INFO] DbMcusXml:78 - Set database path to: C:\ST\STM32CubeIDE_1.12.1\STM32CubeIDE\plugins\com.st.stm32cube.common.mx_6.8.1.202304191431\\db\/mcu/
2023-07-06 08:23:18,038 [INFO] ApiDb:274 - Set plugin database path to: C:\ST\STM32CubeIDE_1.12.1\STM32CubeIDE\plugins\com.st.stm32cube.common.mx_6.8.1.202304191431\\db\/plugins/boardmanager/
2023-07-06 08:23:18,040 [WARN] ApiDb:259 - Overriding images path with different value:  => C:\ST\STM32CubeIDE_1.12.1\STM32CubeIDE\plugins\com.st.stm32cube.common.mx_6.8.1.202304191431\\db\/plugins/mcufinder/images/
2023-07-06 08:23:18,071 [INFO] ApiDb:250 - Set database path to: C:\Users\loict\.stmcufinder\plugins\mcufinder//mcu/
2023-07-06 08:23:18,073 [INFO] DbMcusAds:125 - Set database path to: C:\Users\loict\.stmcufinder\plugins\mcufinder//mcu/
2023-07-06 08:23:18,158 [INFO] CrossReferenceDbSqlite:203 - Set database path to: C:\Users\loict\.stmcufinder\plugins\mcufinder//mcu/cs/
2023-07-06 08:23:18,311 [INFO] RulesReader:64 - Compatibility file has been processed (293 Rules)
2023-07-06 08:23:18,423 [INFO] DbMcusXml:78 - Set database path to: C:\ST\STM32CubeIDE_1.12.1\STM32CubeIDE\plugins\com.st.stm32cube.common.mx_6.8.1.202304191431\\db\/mcu/
2023-07-06 08:23:18,423 [INFO] ApiDb:274 - Set plugin database path to: C:\ST\STM32CubeIDE_1.12.1\STM32CubeIDE\plugins\com.st.stm32cube.common.mx_6.8.1.202304191431\\db\/plugins/boardmanager/
2023-07-06 08:23:18,424 [INFO] ApiDb:261 - Set plugin images path to: C:\ST\STM32CubeIDE_1.12.1\STM32CubeIDE\plugins\com.st.stm32cube.common.mx_6.8.1.202304191431\\db\/plugins/mcufinder/images/
2023-07-06 08:23:18,424 [WARN] DbFile:41 - Overriding database path with different value: C:\Users\loict\.stmcufinder\plugins\mcufinder/ => C:\Users\loict\.stmcufinder\plugins\mcufinder
2023-07-06 08:23:18,424 [INFO] ApiDb:250 - Set database path to: C:\Users\loict\.stmcufinder\plugins\mcufinder//mcu/
2023-07-06 08:23:18,424 [WARN] DbFile:41 - Overriding database path with different value: C:\Users\loict\.stmcufinder\plugins\mcufinder/ => C:\Users\loict\.stmcufinder\plugins\mcufinder
2023-07-06 08:23:18,425 [INFO] DbMcusAds:125 - Set database path to: C:\Users\loict\.stmcufinder\plugins\mcufinder//mcu/
2023-07-06 08:23:18,425 [WARN] DbFile:41 - Overriding database path with different value: C:\Users\loict\.stmcufinder\plugins\mcufinder/ => C:\Users\loict\.stmcufinder\plugins\mcufinder
2023-07-06 08:23:18,425 [WARN] DbFile:41 - Overriding database path with different value: C:\Users\loict\.stmcufinder\plugins\mcufinder/ => C:\Users\loict\.stmcufinder\plugins\mcufinder
2023-07-06 08:23:18,425 [INFO] CrossReferenceDbSqlite:203 - Set database path to: C:\Users\loict\.stmcufinder\plugins\mcufinder//mcu/cs/
2023-07-06 08:23:18,530 [INFO] MainPanel:253 - HeapMemory: 445644800
2023-07-06 08:23:18,671 [INFO] DbMcusXml:78 - Set database path to: C:\ST\STM32CubeIDE_1.12.1\STM32CubeIDE\plugins\com.st.stm32cube.common.mx_6.8.1.202304191431\\db\/mcu/
2023-07-06 08:23:18,671 [INFO] ApiDb:274 - Set plugin database path to: C:\ST\STM32CubeIDE_1.12.1\STM32CubeIDE\plugins\com.st.stm32cube.common.mx_6.8.1.202304191431\\db\/plugins/boardmanager/
2023-07-06 08:23:18,671 [INFO] ApiDb:261 - Set plugin images path to: C:\ST\STM32CubeIDE_1.12.1\STM32CubeIDE\plugins\com.st.stm32cube.common.mx_6.8.1.202304191431\\db\/plugins/mcufinder/images/
2023-07-06 08:23:18,672 [WARN] DbFile:41 - Overriding database path with different value: C:\Users\loict\.stmcufinder\plugins\mcufinder/ => C:\Users\loict\.stmcufinder\plugins\mcufinder
2023-07-06 08:23:18,672 [INFO] ApiDb:250 - Set database path to: C:\Users\loict\.stmcufinder\plugins\mcufinder//mcu/
2023-07-06 08:23:18,672 [WARN] DbFile:41 - Overriding database path with different value: C:\Users\loict\.stmcufinder\plugins\mcufinder/ => C:\Users\loict\.stmcufinder\plugins\mcufinder
2023-07-06 08:23:18,673 [INFO] DbMcusAds:125 - Set database path to: C:\Users\loict\.stmcufinder\plugins\mcufinder//mcu/
2023-07-06 08:23:18,673 [WARN] DbFile:41 - Overriding database path with different value: C:\Users\loict\.stmcufinder\plugins\mcufinder/ => C:\Users\loict\.stmcufinder\plugins\mcufinder
2023-07-06 08:23:18,673 [WARN] DbFile:41 - Overriding database path with different value: C:\Users\loict\.stmcufinder\plugins\mcufinder/ => C:\Users\loict\.stmcufinder\plugins\mcufinder
2023-07-06 08:23:18,673 [INFO] CrossReferenceDbSqlite:203 - Set database path to: C:\Users\loict\.stmcufinder\plugins\mcufinder//mcu/cs/
2023-07-06 08:23:18,699 [INFO] ApplicationProperties:184 - Using Application install path: C:\ST\STM32CubeIDE_1.12.1\STM32CubeIDE\plugins\com.st.stm32cube.common.mx_6.8.1.202304191431
2023-07-06 08:23:18,701 [INFO] PluginManage:196 - Search for loadable plugins [exclusion list=, ]
2023-07-06 08:23:18,704 [INFO] PluginManage:310 - Check plugin analytics
2023-07-06 08:23:18,934 [INFO] AnalyticsPlugin:253 - Accepted Software Licenses: STM32CubeMX.6.8.1
2023-07-06 08:23:18,934 [INFO] AnalyticsPlugin:255 - Accepted CMSIS Pack Licenses: 
2023-07-06 08:23:18,935 [INFO] AnalyticsPlugin:257 - Accepted Firmware Licenses: FW.G4.1.5.0
2023-07-06 08:23:18,941 [INFO] PluginManage:359 - Loaded plugin analytics (category:tool,tabindex:-1)
2023-07-06 08:23:18,941 [INFO] PluginManage:310 - Check plugin cadmodel
2023-07-06 08:23:18,963 [INFO] CADModel:105 - Init CAD model plugin
2023-07-06 08:23:18,964 [INFO] PluginManage:359 - Loaded plugin cadmodel (category:power,tabindex:5)
2023-07-06 08:23:18,964 [INFO] PluginManage:310 - Check plugin clock
2023-07-06 08:23:18,990 [INFO] PluginManage:359 - Loaded plugin clock (category:base,tabindex:2)
2023-07-06 08:23:18,990 [INFO] PluginManage:310 - Check plugin ddr
2023-07-06 08:23:18,994 [INFO] PluginManage:359 - Loaded plugin ddr (category:tool,tabindex:6)
2023-07-06 08:23:18,994 [INFO] PluginManage:310 - Check plugin filemanager
2023-07-06 08:23:19,183 [INFO] PluginManage:359 - Loaded plugin filemanager (category:base,tabindex:10)
2023-07-06 08:23:19,183 [INFO] PluginManage:310 - Check plugin ipmanager
2023-07-06 08:23:19,197 [INFO] PluginManage:359 - Loaded plugin ipmanager (category:base,tabindex:5)
2023-07-06 08:23:19,198 [INFO] PluginManage:310 - Check plugin lpbam
2023-07-06 08:23:19,223 [INFO] PluginManage:359 - Loaded plugin lpbam (category:base,tabindex:0)
2023-07-06 08:23:19,223 [INFO] PluginManage:310 - Check plugin pinoutandconfiguration
2023-07-06 08:23:19,253 [INFO] PluginManage:359 - Loaded plugin pinoutandconfiguration (category:base,tabindex:1)
2023-07-06 08:23:19,253 [INFO] PluginManage:310 - Check plugin pinoutconfig
2023-07-06 08:23:19,409 [WARN] SupportedApi:132 - Cannot load RTOS API schema: s4s-elt-must-match.1: The content of 'definitions' must match (annotation?, (simpleType | complexType)?, (unique | key | keyref)*)). A problem was found starting at: attribute.
2023-07-06 08:23:19,615 [INFO] PluginManage:359 - Loaded plugin pinoutconfig (category:base,tabindex:0)
2023-07-06 08:23:19,615 [INFO] PluginManage:310 - Check plugin power
2023-07-06 08:23:19,641 [INFO] PluginManage:359 - Loaded plugin power (category:power,tabindex:4)
2023-07-06 08:23:19,642 [INFO] PluginManage:310 - Check plugin projectmanager
2023-07-06 08:23:19,664 [INFO] PluginManage:359 - Loaded plugin projectmanager (category:projectmanager,tabindex:3)
2023-07-06 08:23:19,664 [INFO] PluginManage:310 - Check plugin thirdparty
2023-07-06 08:23:19,980 [INFO] PluginManage:359 - Loaded plugin thirdparty (category:base,tabindex:-1)
2023-07-06 08:23:19,980 [WARN] IntegrityCheckThread:84 - waiting for thirdparty lock release [integrity check]
2023-07-06 08:23:19,980 [INFO] PluginManage:310 - Check plugin tools
2023-07-06 08:23:19,980 [INFO] IntegrityCheckThread:86 - entering critical section [integrity check]
2023-07-06 08:23:19,983 [INFO] ThirdPartyUpdaterWithRetryManager:70 - Updater plugin not ready yet. [1/15]
2023-07-06 08:23:20,013 [INFO] PluginManage:359 - Loaded plugin tools (category:base,tabindex:7)
2023-07-06 08:23:20,014 [INFO] PluginManage:310 - Check plugin tutovideos
2023-07-06 08:23:20,348 [INFO] PluginManage:359 - Loaded plugin tutovideos (category:base,tabindex:-1)
2023-07-06 08:23:20,348 [INFO] PluginManage:310 - Check plugin updater
2023-07-06 08:23:20,374 [INFO] PluginManage:359 - Loaded plugin updater (category:base,tabindex:12)
2023-07-06 08:23:20,375 [INFO] PluginManage:283 - PluginManage : Loaded plugins [15]
2023-07-06 08:23:20,768 [INFO] PinOutPanel:1499 - setPackage(No Configuration,No Configuration)
2023-07-06 08:23:20,872 [INFO] CADModel:165 - CPN selected for project level
2023-07-06 08:23:20,872 [INFO] CADModel:114 - Register for checkConnection events
2023-07-06 08:23:20,910 [INFO] IPUIPlugin:80 - create IPUIPlugin
2023-07-06 08:23:20,910 [INFO] PluginManager:220 - loadIPPluginJar : add adc
2023-07-06 08:23:20,953 [INFO] IPUIPlugin:80 - create IPUIPlugin
2023-07-06 08:23:20,953 [INFO] PluginManager:220 - loadIPPluginJar : add aes
2023-07-06 08:23:20,998 [INFO] IPUIPlugin:80 - create IPUIPlugin
2023-07-06 08:23:20,998 [INFO] PluginManager:220 - loadIPPluginJar : add can
2023-07-06 08:23:21,024 [INFO] IPUIPlugin:80 - create IPUIPlugin
2023-07-06 08:23:21,025 [INFO] PluginManager:220 - loadIPPluginJar : add comp
2023-07-06 08:23:21,063 [INFO] IPUIPlugin:80 - create IPUIPlugin
2023-07-06 08:23:21,063 [INFO] PluginManager:220 - loadIPPluginJar : add cryp
2023-07-06 08:23:21,103 [INFO] IPUIPlugin:80 - create IPUIPlugin
2023-07-06 08:23:21,103 [INFO] PluginManager:220 - loadIPPluginJar : add dfsdm
2023-07-06 08:23:21,124 [INFO] IPUIPlugin:80 - create IPUIPlugin
2023-07-06 08:23:21,125 [INFO] PluginManager:220 - loadIPPluginJar : add dma
2023-07-06 08:23:21,177 [INFO] IPUIPlugin:80 - create IPUIPlugin
2023-07-06 08:23:21,177 [INFO] PluginManager:220 - loadIPPluginJar : add dma3
2023-07-06 08:23:21,202 [INFO] IPUIPlugin:80 - create IPUIPlugin
2023-07-06 08:23:21,202 [INFO] PluginManager:220 - loadIPPluginJar : add fatfs
2023-07-06 08:23:21,256 [INFO] IPUIPlugin:80 - create IPUIPlugin
2023-07-06 08:23:21,256 [INFO] PluginManager:220 - loadIPPluginJar : add fmc
2023-07-06 08:23:21,276 [INFO] IPUIPlugin:80 - create IPUIPlugin
2023-07-06 08:23:21,276 [INFO] PluginManager:220 - loadIPPluginJar : add freertos
2023-07-06 08:23:21,299 [INFO] IPUIPlugin:80 - create IPUIPlugin
2023-07-06 08:23:21,299 [INFO] PluginManager:220 - loadIPPluginJar : add genericplugin
2023-07-06 08:23:21,413 [INFO] IPUIPlugin:80 - create IPUIPlugin
2023-07-06 08:23:21,414 [INFO] PluginManager:220 - loadIPPluginJar : add gfxmmu
2023-07-06 08:23:21,573 [INFO] IPUIPlugin:80 - create IPUIPlugin
2023-07-06 08:23:21,573 [INFO] PluginManager:220 - loadIPPluginJar : add gic
2023-07-06 08:23:21,590 [INFO] IPUIPlugin:80 - create IPUIPlugin
2023-07-06 08:23:21,590 [INFO] PluginManager:220 - loadIPPluginJar : add gpio
2023-07-06 08:23:21,693 [INFO] IPUIPlugin:80 - create IPUIPlugin
2023-07-06 08:23:21,693 [INFO] PluginManager:220 - loadIPPluginJar : add gtzc
2023-07-06 08:23:21,731 [INFO] IPUIPlugin:80 - create IPUIPlugin
2023-07-06 08:23:21,732 [INFO] PluginManager:220 - loadIPPluginJar : add hash
2023-07-06 08:23:21,790 [INFO] IPUIPlugin:80 - create IPUIPlugin
2023-07-06 08:23:21,790 [INFO] PluginManager:220 - loadIPPluginJar : add i2c
2023-07-06 08:23:21,837 [INFO] IPUIPlugin:80 - create IPUIPlugin
2023-07-06 08:23:21,838 [INFO] PluginManager:220 - loadIPPluginJar : add i2s
2023-07-06 08:23:21,887 [INFO] IPUIPlugin:80 - create IPUIPlugin
2023-07-06 08:23:21,887 [INFO] PluginManager:220 - loadIPPluginJar : add i3c
2023-07-06 08:23:22,010 [INFO] IPUIPlugin:80 - create IPUIPlugin
2023-07-06 08:23:22,010 [INFO] PluginManager:220 - loadIPPluginJar : add ipddr
2023-07-06 08:23:22,119 [INFO] IPUIPlugin:80 - create IPUIPlugin
2023-07-06 08:23:22,120 [INFO] PluginManager:220 - loadIPPluginJar : add linkedlist
2023-07-06 08:23:22,160 [INFO] IPUIPlugin:80 - create IPUIPlugin
2023-07-06 08:23:22,160 [INFO] PluginManager:220 - loadIPPluginJar : add lorawan
2023-07-06 08:23:22,200 [INFO] IPUIPlugin:80 - create IPUIPlugin
2023-07-06 08:23:22,200 [INFO] PluginManager:220 - loadIPPluginJar : add ltdc
2023-07-06 08:23:22,219 [INFO] IPUIPlugin:80 - create IPUIPlugin
2023-07-06 08:23:22,219 [INFO] PluginManager:220 - loadIPPluginJar : add mdma
2023-07-06 08:23:22,235 [INFO] IPUIPlugin:80 - create IPUIPlugin
2023-07-06 08:23:22,235 [INFO] PluginManager:220 - loadIPPluginJar : add nvic
2023-07-06 08:23:22,276 [INFO] IPUIPlugin:80 - create IPUIPlugin
2023-07-06 08:23:22,276 [INFO] PluginManager:220 - loadIPPluginJar : add opamp
2023-07-06 08:23:22,344 [INFO] IPUIPlugin:80 - create IPUIPlugin
2023-07-06 08:23:22,344 [INFO] PluginManager:220 - loadIPPluginJar : add openamp
2023-07-06 08:23:22,394 [INFO] IPUIPlugin:80 - create IPUIPlugin
2023-07-06 08:23:22,394 [INFO] PluginManager:220 - loadIPPluginJar : add pdm2pcm
2023-07-06 08:23:22,414 [INFO] IPUIPlugin:80 - create IPUIPlugin
2023-07-06 08:23:22,417 [INFO] PluginManager:220 - loadIPPluginJar : add plateformsettings
2023-07-06 08:23:22,441 [INFO] IPUIPlugin:80 - create IPUIPlugin
2023-07-06 08:23:22,441 [INFO] PluginManager:220 - loadIPPluginJar : add quadspi
2023-07-06 08:23:22,456 [INFO] IPUIPlugin:80 - create IPUIPlugin
2023-07-06 08:23:22,457 [INFO] PluginManager:220 - loadIPPluginJar : add resmgrutility
2023-07-06 08:23:22,519 [INFO] IPUIPlugin:80 - create IPUIPlugin
2023-07-06 08:23:22,519 [INFO] PluginManager:220 - loadIPPluginJar : add sai
2023-07-06 08:23:22,569 [INFO] IPUIPlugin:80 - create IPUIPlugin
2023-07-06 08:23:22,569 [INFO] PluginManager:220 - loadIPPluginJar : add spi
2023-07-06 08:23:22,635 [INFO] IPUIPlugin:80 - create IPUIPlugin
2023-07-06 08:23:22,635 [INFO] PluginManager:220 - loadIPPluginJar : add stm32_wpan
2023-07-06 08:23:22,661 [INFO] IPUIPlugin:80 - create IPUIPlugin
2023-07-06 08:23:22,661 [INFO] PluginManager:220 - loadIPPluginJar : add tim
2023-07-06 08:23:22,725 [INFO] IPUIPlugin:80 - create IPUIPlugin
2023-07-06 08:23:22,725 [INFO] PluginManager:220 - loadIPPluginJar : add touchsensing
2023-07-06 08:23:22,751 [INFO] IPUIPlugin:80 - create IPUIPlugin
2023-07-06 08:23:22,751 [INFO] PluginManager:220 - loadIPPluginJar : add tracer_emb
2023-07-06 08:23:22,779 [INFO] IPUIPlugin:80 - create IPUIPlugin
2023-07-06 08:23:22,779 [INFO] PluginManager:220 - loadIPPluginJar : add ts
2023-07-06 08:23:22,805 [INFO] IPUIPlugin:80 - create IPUIPlugin
2023-07-06 08:23:22,805 [INFO] PluginManager:220 - loadIPPluginJar : add tsc
2023-07-06 08:23:22,830 [INFO] IPUIPlugin:80 - create IPUIPlugin
2023-07-06 08:23:22,830 [INFO] PluginManager:220 - loadIPPluginJar : add ucpd
2023-07-06 08:23:22,880 [INFO] IPUIPlugin:80 - create IPUIPlugin
2023-07-06 08:23:22,880 [INFO] PluginManager:220 - loadIPPluginJar : add usart
2023-07-06 08:23:22,929 [INFO] IPUIPlugin:80 - create IPUIPlugin
2023-07-06 08:23:22,929 [INFO] PluginManager:220 - loadIPPluginJar : add usbx
2023-07-06 08:23:22,994 [INFO] ThirdPartyUpdaterWithRetryManager:70 - Updater plugin not ready yet. [2/15]
2023-07-06 08:23:23,091 [INFO] CADModel:165 - CPN selected for project level
2023-07-06 08:23:23,091 [INFO] CADModel:114 - Register for checkConnection events
2023-07-06 08:23:23,091 [FATAL] Updater:308 - Updater called before beeing initialized
2023-07-06 08:23:23,092 [ERROR] CADModel:125 - Updater not yet initialized, retry later 
2023-07-06 08:23:23,342 [INFO] CADModel:165 - CPN selected for project level
2023-07-06 08:23:23,342 [INFO] CADModel:114 - Register for checkConnection events
2023-07-06 08:23:23,342 [FATAL] Updater:308 - Updater called before beeing initialized
2023-07-06 08:23:23,342 [ERROR] CADModel:125 - Updater not yet initialized, retry later 
2023-07-06 08:23:23,349 [FATAL] Updater:308 - Updater called before beeing initialized
2023-07-06 08:23:23,583 [FATAL] Updater:308 - Updater called before beeing initialized
2023-07-06 08:23:23,600 [INFO] DbMcusAds:53 - JSON generation date=Tue Mar 07 09:50:55 CET 2023 (1678179055335)
2023-07-06 08:23:23,600 [FATAL] Updater:308 - Updater called before beeing initialized
2023-07-06 08:23:23,694 [WARN] DetailPanel:346 - Failed to get advertising image, set to default
2023-07-06 08:23:23,837 [FATAL] Updater:308 - Updater called before beeing initialized
2023-07-06 08:23:23,840 [FATAL] Updater:308 - Updater called before beeing initialized
2023-07-06 08:23:23,840 [FATAL] Updater:308 - Updater called before beeing initialized
2023-07-06 08:23:23,840 [WARN] DetailPanel:346 - Failed to get advertising image, set to default
2023-07-06 08:23:23,842 [FATAL] Updater:308 - Updater called before beeing initialized
2023-07-06 08:23:23,924 [ERROR] Updater:1120 - MainUpdater not yet initialized. External WinMGr cannot be set.
2023-07-06 08:23:23,936 [INFO] Updater:1056 - Updater Version found : 6.8.1
2023-07-06 08:23:23,963 [INFO] ApplicationProperties:184 - Using Application install path: C:\ST\STM32CubeIDE_1.12.1\STM32CubeIDE\plugins\com.st.stm32cube.common.mx_6.8.1.202304191431
2023-07-06 08:23:24,160 [INFO] MainUpdater:2854 - connection check result : 10
2023-07-06 08:23:24,162 [INFO] MainUpdater:283 - Updater Check For Update Now.
2023-07-06 08:23:24,163 [INFO] MicroXplorer:498 - Change Database Version : DB.6.0.81
2023-07-06 08:23:24,351 [INFO] CheckServerUpdateThread:120 - End of CheckServer Thread
2023-07-06 08:23:24,408 [INFO] MainUpdater:2854 - connection check result : 10
2023-07-06 08:23:24,618 [INFO] MicroXplorer:468 - Change Database Path : 
2023-07-06 08:23:24,619 [INFO] MicroXplorer:498 - Change Database Version : DB.6.0.81
2023-07-06 08:23:24,620 [WARN] ThirdParty:871 - waiting for thirdparty lock release [close project]
2023-07-06 08:23:26,207 [WARN] PackLoader:240 - Cannot read IP mode file for STMicroelectronics.X-CUBE-SMBUS.2.1.0
2023-07-06 08:23:26,256 [WARN] PackLoader:240 - Cannot read IP mode file for STMicroelectronics.X-CUBE-AZRTOS-F7.1.1.0
2023-07-06 08:23:26,276 [WARN] PackLoader:240 - Cannot read IP mode file for STMicroelectronics.FP-SNS-MOTENV1.4.3.2
2023-07-06 08:23:26,291 [ERROR] RealEvaluatedCondition:428 - Found unsupported composite condition: CLASS='Data Exchange' GROUP='STM32_MetaDataManager'
2023-07-06 08:23:26,291 [ERROR] RealEvaluatedCondition:428 - Found unsupported composite condition: CLASS='Data Exchange' GROUP='STM32_MetaDataManager'
2023-07-06 08:23:26,293 [WARN] PackLoader:240 - Cannot read IP mode file for STMicroelectronics.FP-SNS-MOTENV1.4.3.1
2023-07-06 08:23:26,308 [WARN] PackLoader:240 - Cannot read IP mode file for STMicroelectronics.FP-SNS-FLIGHT1.5.0.1
2023-07-06 08:23:26,325 [WARN] PackLoader:240 - Cannot read IP mode file for STMicroelectronics.X-CUBE-BLE1.6.2.4
2023-07-06 08:23:26,342 [WARN] PackLoader:240 - Cannot read IP mode file for STMicroelectronics.X-CUBE-DISPLAY.3.0.0
2023-07-06 08:23:26,363 [WARN] PackLoader:240 - Cannot read IP mode file for STMicroelectronics.X-CUBE-TOUCHGFX.4.22.0
2023-07-06 08:23:26,385 [INFO] LogOutputStream:77 - [STDOUT_REDIRECT] 1 : Invalid condition id : UX_CORESTACK_Condition cause : null
2023-07-06 08:23:26,386 [INFO] LogOutputStream:77 - [STDOUT_REDIRECT] 1 : Invalid condition id : UX_CORESTACK_Condition cause : null
2023-07-06 08:23:26,387 [INFO] LogOutputStream:77 - [STDOUT_REDIRECT] 1 : Invalid condition id : UX_CORESTACK_Condition cause : null
2023-07-06 08:23:26,388 [INFO] LogOutputStream:77 - [STDOUT_REDIRECT] 1 : Invalid condition id : UX_CORESTACK_Condition cause : null
2023-07-06 08:23:26,389 [INFO] LogOutputStream:77 - [STDOUT_REDIRECT] 1 : Invalid condition id : UX_CORESTACK_Condition cause : null
2023-07-06 08:23:26,393 [WARN] PackLoader:240 - Cannot read IP mode file for STMicroelectronics.X-CUBE-AZRTOS-WL.2.0.0
2023-07-06 08:23:26,413 [WARN] PackLoader:240 - Cannot read IP mode file for WES.I-CUBE-Cesium.1.3.0
2023-07-06 08:23:26,426 [WARN] PackLoader:240 - Cannot read IP mode file for STMicroelectronics.X-CUBE-BLE2.3.3.0
2023-07-06 08:23:26,437 [WARN] PackLoader:240 - Cannot read IP mode file for STMicroelectronics.X-CUBE-TOUCHGFX.4.21.4
2023-07-06 08:23:26,450 [WARN] PackLoader:240 - Cannot read IP mode file for STMicroelectronics.X-CUBE-ALGOBUILD.1.3.0
2023-07-06 08:23:26,481 [WARN] PackLoader:240 - Cannot read IP mode file for STMicroelectronics.X-CUBE-AZRTOS-G0.1.1.0
2023-07-06 08:23:26,499 [WARN] PackLoader:240 - Cannot read IP mode file for STMicroelectronics.X-CUBE-NFC4.3.0.0
2023-07-06 08:23:26,513 [WARN] PackLoader:240 - Cannot read IP mode file for STMicroelectronics.FP-ATR-SIGFOX1.3.2.0
2023-07-06 08:23:26,557 [WARN] PackLoader:240 - Cannot read IP mode file for SEGGER.I-CUBE-embOS.1.3.1
2023-07-06 08:23:26,620 [WARN] PackLoader:240 - Cannot read IP mode file for STMicroelectronics.X-CUBE-GNSS1.6.0.0
2023-07-06 08:23:26,655 [WARN] PackLoader:240 - Cannot read IP mode file for STMicroelectronics.X-CUBE-AZRTOS-F4.1.1.0
2023-07-06 08:23:26,673 [WARN] PackLoader:240 - Cannot read IP mode file for wolfSSL.I-CUBE-wolfSSL.5.6.0
2023-07-06 08:23:26,734 [WARN] PackLoader:240 - Cannot read IP mode file for STMicroelectronics.X-CUBE-MEMS1.9.6.0
2023-07-06 08:23:26,999 [WARN] PackLoader:240 - Cannot read IP mode file for emotas.I-CUBE-CANOPEN.1.1.3
2023-07-06 08:23:27,016 [WARN] PackLoader:240 - Cannot read IP mode file for STMicroelectronics.X-CUBE-BLEMGR.2.0.0
2023-07-06 08:23:27,048 [WARN] ConditionMgr:438 - getConditionDescription Invalid condition id : UX DEVICE CLASS RTOS Condition cause : null
2023-07-06 08:23:27,048 [WARN] ConditionMgr:438 - getConditionDescription Invalid condition id : UX DEVICE CLASS RTOS Condition cause : null
2023-07-06 08:23:27,051 [WARN] PackLoader:240 - Cannot read IP mode file for STMicroelectronics.X-CUBE-AZRTOS-H7.3.1.0
2023-07-06 08:23:27,053 [WARN] ConditionMgr:1039 - genDependencies : Invalid condition id : UX DEVICE CLASS RTOS Condition cause : null
2023-07-06 08:23:27,053 [WARN] ConditionMgr:1039 - genDependencies : Invalid condition id : UX DEVICE CLASS RTOS Condition cause : null
2023-07-06 08:23:27,054 [WARN] ConditionMgr:1039 - genDependencies : Invalid condition id : UX DEVICE CLASS RTOS Condition cause : null
2023-07-06 08:23:27,054 [WARN] ConditionMgr:1039 - genDependencies : Invalid condition id : UX DEVICE CLASS RTOS Condition cause : null
2023-07-06 08:23:27,054 [WARN] ConditionMgr:1039 - genDependencies : Invalid condition id : UX DEVICE CLASS RTOS Condition cause : null
2023-07-06 08:23:27,070 [WARN] PackLoader:240 - Cannot read IP mode file for STMicroelectronics.X-CUBE-NFC7.1.0.1
2023-07-06 08:23:27,086 [WARN] PackLoader:240 - Cannot read IP mode file for STMicroelectronics.X-CUBE-NFC7.1.0.0
2023-07-06 08:23:27,101 [WARN] PackLoader:240 - Cannot read IP mode file for STMicroelectronics.X-CUBE-EEPRMA1.4.1.0
2023-07-06 08:23:27,133 [WARN] ConditionMgr:438 - getConditionDescription Invalid condition id : LAN8742 Phy interface Condition cause : null
2023-07-06 08:23:27,134 [WARN] PackLoader:240 - Cannot read IP mode file for STMicroelectronics.X-CUBE-AZRTOS-L4.2.0.0
2023-07-06 08:23:27,135 [WARN] ConditionMgr:1039 - genDependencies : Invalid condition id : LAN8742 Phy interface Condition cause : null
2023-07-06 08:23:27,136 [WARN] ConditionMgr:1039 - genDependencies : Invalid condition id : LAN8742 Phy interface Condition cause : null
2023-07-06 08:23:27,136 [WARN] ConditionMgr:1039 - genDependencies : Invalid condition id : LAN8742 Phy interface Condition cause : null
2023-07-06 08:23:27,153 [WARN] PackLoader:240 - Cannot read IP mode file for STMicroelectronics.X-CUBE-SFXS2LP1.4.0.0
2023-07-06 08:23:27,168 [WARN] PackLoader:240 - Cannot read IP mode file for STMicroelectronics.X-CUBE-ISPU.1.1.0
2023-07-06 08:23:27,182 [WARN] PackLoader:240 - Cannot read IP mode file for STMicroelectronics.X-CUBE-FREERTOS.1.0.1
2023-07-06 08:23:27,209 [WARN] PackLoader:240 - Cannot read IP mode file for STMicroelectronics.X-CUBE-AZRTOS-L5.1.1.0
2023-07-06 08:23:27,224 [WARN] PackLoader:240 - Cannot read IP mode file for STMicroelectronics.X-CUBE-AI.8.0.1
2023-07-06 08:23:27,246 [WARN] PackLoader:240 - Cannot read IP mode file for STMicroelectronics.X-CUBE-SUBG2.5.0.0
2023-07-06 08:23:27,277 [WARN] PackLoader:240 - Cannot read IP mode file for STMicroelectronics.X-CUBE-AZRTOS-G4.2.0.0
2023-07-06 08:23:27,298 [WARN] PackLoader:240 - Cannot read IP mode file for STMicroelectronics.X-CUBE-TOF1.3.3.0
2023-07-06 08:23:27,321 [WARN] PackLoader:240 - Cannot read IP mode file for portGmbH.I-Cube-SoM-uGOAL.1.1.0
2023-07-06 08:23:27,334 [WARN] PackLoader:240 - Cannot read IP mode file for STMicroelectronics.X-CUBE-ALS.1.0.1
2023-07-06 08:23:27,359 [WARN] PackLoader:240 - Cannot read IP mode file for STMicroelectronics.X-CUBE-AZRTOS-WB.1.1.0
2023-07-06 08:23:27,373 [WARN] PackLoader:240 - Cannot read IP mode file for STMicroelectronics.FP-ATR-ASTRA1.2.0.0
2023-07-06 08:23:27,374 [INFO] ThirdParty:978 - Integrity check success = true
2023-07-06 08:23:27,374 [INFO] IntegrityCheckThread:100 - exiting critical section [integrity check]
2023-07-06 08:23:27,374 [INFO] IntegrityCheckThread:103 - End integrity checks thread
2023-07-06 08:23:27,374 [INFO] ThirdParty:873 - entering critical section [close project]
2023-07-06 08:23:27,375 [INFO] ThirdParty:883 - exiting critical section [close project]
2023-07-06 08:23:27,380 [INFO] PinOutPanel:1499 - setPackage(No Configuration,No Configuration)
2023-07-06 08:23:27,385 [INFO] UtilMem:75 - Begin LoadConfig() Used Memory: 245881088 Bytes (445644800)
2023-07-06 08:23:27,387 [INFO] MicroXplorer:468 - Change Database Path : 
2023-07-06 08:23:27,387 [INFO] MicroXplorer:498 - Change Database Version : DB.6.0.81
2023-07-06 08:23:27,387 [INFO] OpenFileManager:308 - Change cursor
2023-07-06 08:23:27,444 [INFO] Mcu:1937 - Initializing MCU STM32F303V(B-C)Tx STM32F303VCTx STM32F303VCT6
2023-07-06 08:23:30,225 [INFO] Context:659 - Trying to add GPIOservice into a context  which must be forbidden
2023-07-06 08:23:31,208 [INFO] RtosManager:555 - Registered RTOS mode: class=CMSIS, group=RTOS, mode=CMSIS_V1, owner=FREERTOS
2023-07-06 08:23:31,209 [INFO] RtosManager:555 - Registered RTOS mode: class=CMSIS, group=RTOS2, mode=CMSIS_V2, owner=FREERTOS
2023-07-06 08:23:31,210 [INFO] RtosManager:555 - Registered RTOS mode: class=RTOS, group=Core, mode=CMSIS_V1, owner=FREERTOS
2023-07-06 08:23:31,210 [INFO] RtosManager:555 - Registered RTOS mode: class=RTOS, group=Core, mode=CMSIS_V2, owner=FREERTOS
2023-07-06 08:23:31,211 [WARN] ModelIntegratedComponent:184 - Missing modes for component STMicroelectronics:FreeRTOS:0.0.1:STMicroelectronics:RTOS:FreeRTOS:Core:::10.2.0:
2023-07-06 08:23:31,229 [WARN] ModelIntegratedComponent:63 - No mode defined for component null
2023-07-06 08:23:31,229 [WARN] ModelIntegratedComponent:63 - No mode defined for component null
2023-07-06 08:23:31,229 [WARN] ModelIntegratedComponent:63 - No mode defined for component null
2023-07-06 08:23:31,229 [WARN] ModelIntegratedComponent:63 - No mode defined for component null
2023-07-06 08:23:31,229 [WARN] ModelIntegratedComponent:63 - No mode defined for component null
2023-07-06 08:23:31,229 [WARN] ModelIntegratedComponent:63 - No mode defined for component null
2023-07-06 08:23:31,229 [WARN] ModelIntegratedComponent:63 - No mode defined for component null
2023-07-06 08:23:31,230 [WARN] ModelIntegratedComponent:63 - No mode defined for component null
2023-07-06 08:23:31,230 [WARN] ModelIntegratedComponent:63 - No mode defined for component null
2023-07-06 08:23:31,230 [WARN] ModelIntegratedComponent:63 - No mode defined for component null
2023-07-06 08:23:31,230 [WARN] ModelIntegratedComponent:63 - No mode defined for component null
2023-07-06 08:23:31,230 [WARN] ModelIntegratedComponent:63 - No mode defined for component null
2023-07-06 08:23:31,230 [WARN] ModelIntegratedComponent:63 - No mode defined for component null
2023-07-06 08:23:31,230 [WARN] ModelIntegratedComponent:63 - No mode defined for component null
2023-07-06 08:23:31,230 [WARN] ModelIntegratedComponent:63 - No mode defined for component null
2023-07-06 08:23:31,230 [WARN] ModelIntegratedComponent:63 - No mode defined for component null
2023-07-06 08:23:31,230 [WARN] ModelIntegratedComponent:63 - No mode defined for component null
2023-07-06 08:23:31,230 [WARN] ModelIntegratedComponent:63 - No mode defined for component null
2023-07-06 08:23:31,230 [WARN] ModelIntegratedComponent:63 - No mode defined for component null
2023-07-06 08:23:31,230 [WARN] ModelIntegratedComponent:63 - No mode defined for component null
2023-07-06 08:23:31,230 [WARN] ModelIntegratedComponent:63 - No mode defined for component null
2023-07-06 08:23:31,230 [WARN] ModelIntegratedComponent:63 - No mode defined for component null
2023-07-06 08:23:31,230 [WARN] ModelIntegratedComponent:63 - No mode defined for component null
2023-07-06 08:23:31,230 [WARN] ModelIntegratedComponent:63 - No mode defined for component null
2023-07-06 08:23:31,231 [WARN] ModelIntegratedComponent:63 - No mode defined for component null
2023-07-06 08:23:31,231 [WARN] ModelIntegratedComponent:63 - No mode defined for component null
2023-07-06 08:23:31,231 [WARN] ModelIntegratedComponent:63 - No mode defined for component null
2023-07-06 08:23:31,231 [WARN] ModelIntegratedComponent:63 - No mode defined for component null
2023-07-06 08:23:31,231 [WARN] ModelIntegratedComponent:63 - No mode defined for component null
2023-07-06 08:23:31,231 [WARN] ModelIntegratedComponent:63 - No mode defined for component null
2023-07-06 08:23:31,231 [WARN] ModelIntegratedComponent:63 - No mode defined for component null
2023-07-06 08:23:31,231 [WARN] ModelIntegratedComponent:63 - No mode defined for component null
2023-07-06 08:23:31,231 [WARN] ModelIntegratedComponent:63 - No mode defined for component null
2023-07-06 08:23:31,265 [INFO] ThirdPartyModel:298 - Start build external matchings
2023-07-06 08:23:31,539 [INFO] ThirdPartyModel:316 - End build external matchings
2023-07-06 08:23:31,567 [INFO] ImportTextPane:194 - (OptionalMessage_ERROR) IP (RCC) : Invalid parameter (FamilyName)
2023-07-06 08:23:31,569 [INFO] ImportTextPane:194 - (OptionalMessage_ERROR) IP (RCC) : Invalid parameter (TIM2Freq_Value)
2023-07-06 08:23:31,571 [INFO] ImportTextPane:194 - (OptionalMessage_ERROR) IP (RCC) : Parameter (USBFreq_Value) has invalid value (24000000)
2023-07-06 08:23:32,115 [INFO] UtilMem:75 - End LoadConfig() Used Memory: 298750864 Bytes (445644800)
2023-07-06 08:23:32,308 [INFO] ApiDb:581 - Connected to CubeFinder SQLite database (C:\Users\loict\.stmcufinder\plugins\mcufinder\mcu\cube-finder-db.db)
2023-07-06 08:23:32,400 [INFO] ApiDb:668 - CubeFinder database Data Model version=2.1
2023-07-06 08:23:32,400 [INFO] ApiDb:669 - CubeFinder database Configuration version=3.0.35
2023-07-06 08:23:32,400 [INFO] ApiDb:670 - CubeFinder database generation date=2023-05-12 (1683877179)
2023-07-06 08:23:32,400 [INFO] ApiDb:671 - CubeFinder database FW Pack versions=[FP-ATR-ASTRA1_V2.0.0, FP-SNS-FLIGHT1_V5.0.0, FP-SNS-MOTENV1_V4.3.0, STM32Cube_FW_C0_V1.0.1, STM32Cube_FW_F0_V1.11.4, STM32Cube_FW_F3_V1.11.4, STM32Cube_FW_F4_V1.27.1, STM32Cube_FW_F7_V1.17.0, STM32Cube_FW_G0_V1.6.1, STM32Cube_FW_G4_V1.5.1, STM32Cube_FW_H5_V0.5.1, STM32Cube_FW_H5_V1.0.0, STM32Cube_FW_H7_V1.11.0, STM32Cube_FW_L0_V1.12.2, STM32Cube_FW_L5_V1.5.0, STM32Cube_FW_U5_V1.2.0, STM32Cube_FW_WBA_V1.0.0, STM32Cube_FW_WBA_V1.0.0RC1, STM32Cube_FW_WBA_V1.0.0RC3, STM32Cube_FW_WB_V1.15.0RC1, STM32Cube_FW_WB_V1.16.0, STM32Cube_FW_WB_V1.16.0RC2, STM32Cube_FW_WL_V1.3.0, X-CUBE-ALGOBUILD_V1.3.0, X-CUBE-ALS_V1.0.1, X-CUBE-AZRTOS-F4_V1.1.0, X-CUBE-AZRTOS-F7_V1.1.0, X-CUBE-AZRTOS-G0_V1.1.0, X-CUBE-AZRTOS-G4_V2.0.0, X-CUBE-AZRTOS-H7_V3.1.0, X-CUBE-AZRTOS-L4_V1.0.0, X-CUBE-AZRTOS-L5_V1.1.0, X-CUBE-AZRTOS-WB_V1.1.0, X-CUBE-AZRTOS-WL_V1.0.0, X-CUBE-BLE1_V6.2.4, X-CUBE-BLE2_V3.3.0, X-CUBE-BLEMGR_V2.0.0, X-CUBE-EEPRMA1_V4.1.0, X-CUBE-FREERTOS_V1.0.1, X-CUBE-GNSS1_V6.0.0, X-CUBE-MEMS1_V9.1.0, X-CUBE-MEMS1_V9.4.0, X-CUBE-MEMS1_V9.6.0, X-CUBE-NFC4_V3.0.0, X-CUBE-NFC7_V1.0.0, X-CUBE-SFXS2LP1_V4.0.0, X-CUBE-SUBG2_V5.0.0]
2023-07-06 08:23:34,968 [INFO] ApiDb:240 - Found 297 in-development CPN: [B-G473E-ZEST1S, B-WB1M-WPAN1, B-WL5M-SUBG1, NUCLEO-C031C6, NUCLEO-H503RB, NUCLEO-H563ZI, NUCLEO-U545RE-Q, NUCLEO-U5A5ZJ-Q, NUCLEO-WBA52CG, STEVAL-PROTEUS1, STEVAL-STWINBX1, STM320518-EVAL, STM32C0116-DK, STM32C011D6Y3TR, STM32C011D6Y6TR, STM32C011F4P3, STM32C011F4P6, STM32C011F4U3, STM32C011F4U6TR, STM32C011F6P3, STM32C011F6P6, STM32C011F6U3, STM32C011F6U6TR, STM32C011J4M3, STM32C011J4M6, STM32C011J6M3, STM32C011J6M6, STM32C0316-DK, STM32C031C4T3, STM32C031C4T6, STM32C031C4U3, STM32C031C4U6, STM32C031C6T3, STM32C031C6T6, STM32C031C6U3, STM32C031C6U6, STM32C031F4P3, STM32C031F4P6, STM32C031F6P3, STM32C031F6P6, STM32C031G4U3, STM32C031G4U6, STM32C031G6U3, STM32C031G6U6, STM32C031K4T3, STM32C031K4T6, STM32C031K4U3, STM32C031K4U6, STM32C031K6T3, STM32C031K6T6, STM32C031K6U3, STM32C031K6U6, STM32G071K8TXN, STM32G071K8UXN, STM32G081GBU6N, STM32G081KBT6N, STM32G081KBUXN, STM32G0B1CCT6N, STM32G0B1KCT6, STM32G0B1NEY6TR, STM32G0B1RCT6N, STM32G0C1CCT6, STM32G0C1CCT6N, STM32G0C1CCU6N, STM32G0C1CET6N, STM32G0C1CEU6N, STM32G0C1KCT6, STM32G0C1NEY6TR, STM32G0C1RCI6N, STM32G0C1RCT6N, STM32G0C1REI6N, STM32G0C1RET6N, STM32G0C1VCI6, STM32G0C1VEI6, STM32G471CCT6, STM32G471CCU6, STM32G471CET3, STM32G471CET6, STM32G471CEU3, STM32G471CEU6, STM32G471MCT6, STM32G471MET3, STM32G471MET6, STM32G471MEY6TR, STM32G471QCT6, STM32G471QET3, STM32G471RCT6, STM32G471RET3, STM32G471RET6, STM32G471VCH6, STM32G471VCI6, STM32G471VCT6, STM32G471VEH3, STM32G471VEH6, STM32G471VEI3, STM32G471VEI6, STM32G471VET3, STM32G471VET6, STM32G474CCT6, STM32H503CBT6, STM32H503CBU6, STM32H503EBY6TR, STM32H503KBU6, STM32H503RBT6, STM32H562AGI6, STM32H562AII6, STM32H562IGK6, STM32H562IGT6, STM32H562IIK6, STM32H562IIT6, STM32H562RGT6, STM32H562RGV6, STM32H562RIT6, STM32H562RIV6, STM32H562VGT6, STM32H562VIT6, STM32H562ZGT6, STM32H562ZIT6, STM32H563AGI6, STM32H563AII3Q, STM32H563AII6, STM32H563IGK6, STM32H563IGT6, STM32H563IIK3Q, STM32H563IIK6, STM32H563IIT3Q, STM32H563IIT6, STM32H563MIY3QTR, STM32H563RGT6, STM32H563RGV6, STM32H563RIT6, STM32H563RIV6, STM32H563VGT6, STM32H563VIT3Q, STM32H563VIT6, STM32H563ZGT6, STM32H563ZIT3Q, STM32H563ZIT6, STM32H573AII3Q, STM32H573AII6, STM32H573I-DK, STM32H573IIK3Q, STM32H573IIK6, STM32H573IIT3Q, STM32H573IIT6, STM32H573MIY3QTR, STM32H573RIT6, STM32H573RIV6, STM32H573VIT3Q, STM32H573VIT6, STM32H573ZIT3Q, STM32H573ZIT6, STM32L4R5QGI6STR, STM32MP131AAE3, STM32MP131AAF3, STM32MP131AAG3, STM32MP131CAE3, STM32MP131CAF3, STM32MP131CAG3, STM32MP131DAE7, STM32MP131DAF7, STM32MP131DAG7, STM32MP131FAE7, STM32MP131FAF7, STM32MP131FAG7, STM32MP133AAE3, STM32MP133AAF3, STM32MP133AAG3, STM32MP133CAE3, STM32MP133CAF3, STM32MP133CAG3, STM32MP133DAE7, STM32MP133DAF7, STM32MP133DAG7, STM32MP133FAE7, STM32MP133FAF7, STM32MP133FAG7, STM32MP135AAE3, STM32MP135AAF3, STM32MP135AAG3, STM32MP135CAE3, STM32MP135CAF3, STM32MP135CAG3, STM32MP135DAE7, STM32MP135DAF7, STM32MP135DAG7, STM32MP135F-DK, STM32MP135FAE7, STM32MP135FAF7, STM32MP135FAF7T, STM32MP135FAF7U, STM32MP135FAG7, STM32U535CBT6, STM32U535CBT6Q, STM32U535CBU6, STM32U535CBU6Q, STM32U535CCT6, STM32U535CCT6Q, STM32U535CCU6, STM32U535CCU6Q, STM32U535CET6, STM32U535CET6Q, STM32U535CEU6, STM32U535CEU6Q, STM32U535JEY6QTR, STM32U535NCY6QTR, STM32U535NEY6QTR, STM32U535RBI6, STM32U535RBI6Q, STM32U535RBT6, STM32U535RBT6Q, STM32U535RCI6, STM32U535RCI6Q, STM32U535RCT6, STM32U535RCT6Q, STM32U535REI6, STM32U535REI6Q, STM32U535RET6, STM32U535RET6Q, STM32U535VCI6, STM32U535VCI6Q, STM32U535VCT6, STM32U535VCT6Q, STM32U535VEI6, STM32U535VEI6Q, STM32U535VET6, STM32U535VET6Q, STM32U545CET6, STM32U545CET6Q, STM32U545CEU6, STM32U545CEU6Q, STM32U545JEY6QTR, STM32U545NEY6QTR, STM32U545REI6, STM32U545REI6Q, STM32U545RET6, STM32U545RET6Q, STM32U545VEI6, STM32U545VEI6Q, STM32U545VET6, STM32U545VET6Q, STM32U595AIH6, STM32U595AIH6Q, STM32U595AJH6, STM32U595AJH6Q, STM32U595QII6, STM32U595QII6Q, STM32U595QJI6, STM32U595QJI6Q, STM32U595RIT6, STM32U595RIT6Q, STM32U595RJT6, STM32U595RJT6Q, STM32U595VIT6, STM32U595VIT6Q, STM32U595VJT6, STM32U595VJT6Q, STM32U595ZIT6, STM32U595ZIT6Q, STM32U595ZIY6QTR, STM32U595ZJT6, STM32U595ZJT6Q, STM32U595ZJY6QTR, STM32U599BJY6QTR, STM32U599NIH6Q, STM32U599NJH6Q, STM32U599VIT6Q, STM32U599VJT6, STM32U599VJT6Q, STM32U599ZIT6Q, STM32U599ZIY6QTR, STM32U599ZJT6Q, STM32U599ZJY6QTR, STM32U5A5AJH6, STM32U5A5AJH6Q, STM32U5A5QJI6, STM32U5A5QJI6Q, STM32U5A5RJT6, STM32U5A5RJT6Q, STM32U5A5VJT6, STM32U5A5VJT6Q, STM32U5A5ZJT6, STM32U5A5ZJT6Q, STM32U5A5ZJY6QTR, STM32U5A9BJY6QTR, STM32U5A9J-DK, STM32U5A9NJH6Q, STM32U5A9VJT6Q, STM32U5A9ZJT6Q, STM32U5A9ZJY6QTR, STM32WB1MMCH6, STM32WBA52CEU6, STM32WBA52CEU6T, STM32WBA52CGU6, STM32WBA52CGU6T, STM32WL5MOCH6, STM32WL5MOCH6TR]
2023-07-06 08:23:34,972 [INFO] DbMcus:216 - Found 3775 MCUs, 3775 are supported
2023-07-06 08:23:34,982 [INFO] ApiDb:423 - Load user favorites file C:\Users\loict/.stm32cubeide/favorites.mcus.txt: 2 item(s)
2023-07-06 08:23:34,982 [INFO] ApiDb:427 - User favorites MCUs=[STM32F303VCT6, STM32L4P5ZGT6]
2023-07-06 08:23:34,983 [INFO] DbMcus:222 - Set 2 / 2 favorites MCUs
2023-07-06 08:23:35,563 [WARN] ThirdParty:833 - waiting for thirdparty lock release [change project]
2023-07-06 08:23:35,564 [INFO] ThirdParty:835 - entering critical section [change project]
2023-07-06 08:23:35,564 [INFO] ThirdParty:1030 - CMSIS Pack Vendor :STMicroelectronics X-CUBE-ISPU 1.1.0
2023-07-06 08:23:35,565 [INFO] ThirdParty:1030 - CMSIS Pack Vendor :STMicroelectronics X-CUBE-GNSS1 6.0.0
2023-07-06 08:23:35,565 [INFO] ThirdParty:1030 - CMSIS Pack Vendor :STMicroelectronics USB_HOST 2.0.0
2023-07-06 08:23:35,565 [INFO] ThirdParty:1030 - CMSIS Pack Vendor :STMicroelectronics X-CUBE-AZRTOS-F4 1.1.0
2023-07-06 08:23:35,565 [INFO] ThirdParty:1030 - CMSIS Pack Vendor :STMicroelectronics LIBJPEG 8.0.0
2023-07-06 08:23:35,565 [INFO] ThirdParty:1030 - CMSIS Pack Vendor :STMicroelectronics X-CUBE-SMBUS 2.1.0
2023-07-06 08:23:35,565 [INFO] ThirdParty:1030 - CMSIS Pack Vendor :wolfSSL I-CUBE-wolfSSL 5.6.0
2023-07-06 08:23:35,565 [INFO] ThirdParty:1030 - CMSIS Pack Vendor :STMicroelectronics USB_DEVICE 3.0.0
2023-07-06 08:23:35,565 [INFO] ThirdParty:1030 - CMSIS Pack Vendor :STMicroelectronics X-CUBE-FREERTOS 1.0.1
2023-07-06 08:23:35,565 [INFO] ThirdParty:1030 - CMSIS Pack Vendor :STMicroelectronics X-CUBE-AZRTOS-F7 1.1.0
2023-07-06 08:23:35,565 [INFO] ThirdParty:1030 - CMSIS Pack Vendor :STMicroelectronics X-CUBE-TOUCHGFX 4.21.4
2023-07-06 08:23:35,565 [INFO] ThirdParty:1030 - CMSIS Pack Vendor :STMicroelectronics USB_DEVICE 2.0.0
2023-07-06 08:23:35,565 [INFO] ThirdParty:1030 - CMSIS Pack Vendor :STMicroelectronics X-CUBE-MEMS1 9.6.0
2023-07-06 08:23:35,565 [INFO] ThirdParty:1030 - CMSIS Pack Vendor :STMicroelectronics FP-SNS-MOTENV1 4.3.2
2023-07-06 08:23:35,565 [INFO] ThirdParty:1030 - CMSIS Pack Vendor :STMicroelectronics FP-SNS-MOTENV1 4.3.1
2023-07-06 08:23:35,566 [INFO] ThirdParty:1030 - CMSIS Pack Vendor :STMicroelectronics FP-SNS-FLIGHT1 5.0.1
2023-07-06 08:23:35,566 [INFO] ThirdParty:1030 - CMSIS Pack Vendor :STMicroelectronics X-CUBE-ALGOBUILD 1.3.0
2023-07-06 08:23:35,566 [INFO] ThirdParty:1030 - CMSIS Pack Vendor :STMicroelectronics X-CUBE-BLE1 6.2.4
2023-07-06 08:23:35,566 [INFO] ThirdParty:1030 - CMSIS Pack Vendor :STMicroelectronics X-CUBE-AZRTOS-L5 1.1.0
2023-07-06 08:23:35,566 [INFO] ThirdParty:1030 - CMSIS Pack Vendor :STMicroelectronics FreeRTOS 0.0.1
2023-07-06 08:23:35,566 [INFO] ThirdParty:1030 - CMSIS Pack Vendor :STMicroelectronics X-CUBE-AZRTOS-G0 1.1.0
2023-07-06 08:23:35,566 [INFO] ThirdParty:1030 - CMSIS Pack Vendor :emotas I-CUBE-CANOPEN 1.1.3
2023-07-06 08:23:35,566 [INFO] ThirdParty:1030 - CMSIS Pack Vendor :STMicroelectronics X-CUBE-BLEMGR 2.0.0
2023-07-06 08:23:35,566 [INFO] ThirdParty:1030 - CMSIS Pack Vendor :STMicroelectronics X-CUBE-AI 8.0.1
2023-07-06 08:23:35,566 [INFO] ThirdParty:1030 - CMSIS Pack Vendor :STMicroelectronics X-CUBE-NFC4 3.0.0
2023-07-06 08:23:35,566 [INFO] ThirdParty:1030 - CMSIS Pack Vendor :STMicroelectronics X-CUBE-SUBG2 5.0.0
2023-07-06 08:23:35,566 [INFO] ThirdParty:1030 - CMSIS Pack Vendor :STMicroelectronics STM32_WPAN 1.0.0
2023-07-06 08:23:35,566 [INFO] ThirdParty:1030 - CMSIS Pack Vendor :STMicroelectronics lwIP 2.0.3
2023-07-06 08:23:35,566 [INFO] ThirdParty:1030 - CMSIS Pack Vendor :STMicroelectronics USB_HOST 1.0.0
2023-07-06 08:23:35,566 [INFO] ThirdParty:1030 - CMSIS Pack Vendor :STMicroelectronics X-CUBE-AZRTOS-G4 2.0.0
2023-07-06 08:23:35,566 [INFO] ThirdParty:1030 - CMSIS Pack Vendor :STMicroelectronics PDM2PCM 3.1.0
2023-07-06 08:23:35,566 [INFO] ThirdParty:1030 - CMSIS Pack Vendor :STMicroelectronics X-CUBE-AZRTOS-H7 3.1.0
2023-07-06 08:23:35,567 [INFO] ThirdParty:1030 - CMSIS Pack Vendor :STMicroelectronics X-CUBE-TOF1 3.3.0
2023-07-06 08:23:35,567 [INFO] ThirdParty:1030 - CMSIS Pack Vendor :STMicroelectronics PDM2PCM 3.3.0
2023-07-06 08:23:35,567 [INFO] ThirdParty:1030 - CMSIS Pack Vendor :STMicroelectronics X-CUBE-DISPLAY 3.0.0
2023-07-06 08:23:35,567 [INFO] ThirdParty:1030 - CMSIS Pack Vendor :STMicroelectronics FP-ATR-SIGFOX1 3.2.0
2023-07-06 08:23:35,567 [INFO] ThirdParty:1030 - CMSIS Pack Vendor :STMicroelectronics HAL Drivers 0.0.0
2023-07-06 08:23:35,567 [INFO] ThirdParty:1030 - CMSIS Pack Vendor :STMicroelectronics MBEDTLS 2.16.2
2023-07-06 08:23:35,567 [INFO] ThirdParty:1030 - CMSIS Pack Vendor :STMicroelectronics X-CUBE-TOUCHGFX 4.22.0
2023-07-06 08:23:35,567 [INFO] ThirdParty:1030 - CMSIS Pack Vendor :STMicroelectronics X-CUBE-NFC7 1.0.1
2023-07-06 08:23:35,567 [INFO] ThirdParty:1030 - CMSIS Pack Vendor :STMicroelectronics MBEDTLS 2.14.1
2023-07-06 08:23:35,567 [INFO] ThirdParty:1030 - CMSIS Pack Vendor :STMicroelectronics X-CUBE-NFC7 1.0.0
2023-07-06 08:23:35,567 [INFO] ThirdParty:1030 - CMSIS Pack Vendor :STMicroelectronics X-CUBE-EEPRMA1 4.1.0
2023-07-06 08:23:35,567 [INFO] ThirdParty:1030 - CMSIS Pack Vendor :portGmbH I-Cube-SoM-uGOAL 1.1.0
2023-07-06 08:23:35,567 [INFO] ThirdParty:1030 - CMSIS Pack Vendor :STMicroelectronics X-CUBE-ALS 1.0.1
2023-07-06 08:23:35,567 [INFO] ThirdParty:1030 - CMSIS Pack Vendor :STMicroelectronics ThreadX 1.0.0
2023-07-06 08:23:35,567 [INFO] ThirdParty:1030 - CMSIS Pack Vendor :STMicroelectronics X-CUBE-AZRTOS-WB 1.1.0
2023-07-06 08:23:35,567 [INFO] ThirdParty:1030 - CMSIS Pack Vendor :STMicroelectronics X-CUBE-AZRTOS-WL 2.0.0
2023-07-06 08:23:35,567 [INFO] ThirdParty:1030 - CMSIS Pack Vendor :SEGGER I-CUBE-embOS 1.3.1
2023-07-06 08:23:35,568 [INFO] ThirdParty:1030 - CMSIS Pack Vendor :STMicroelectronics USB_DEVICE 1.0.0
2023-07-06 08:23:35,568 [INFO] ThirdParty:1030 - CMSIS Pack Vendor :STMicroelectronics X-CUBE-AZRTOS-L4 2.0.0
2023-07-06 08:23:35,568 [INFO] ThirdParty:1030 - CMSIS Pack Vendor :STMicroelectronics ThreadX 0.0.2
2023-07-06 08:23:35,568 [INFO] ThirdParty:1030 - CMSIS Pack Vendor :WES I-CUBE-Cesium 1.3.0
2023-07-06 08:23:35,568 [INFO] ThirdParty:1030 - CMSIS Pack Vendor :STMicroelectronics FP-ATR-ASTRA1 2.0.0
2023-07-06 08:23:35,568 [INFO] ThirdParty:1030 - CMSIS Pack Vendor :STMicroelectronics lwIP 2.1.2
2023-07-06 08:23:35,568 [INFO] ThirdParty:1030 - CMSIS Pack Vendor :STMicroelectronics X-CUBE-SFXS2LP1 4.0.0
2023-07-06 08:23:35,568 [INFO] ThirdParty:1030 - CMSIS Pack Vendor :STMicroelectronics X-CUBE-BLE2 3.3.0
2023-07-06 08:23:35,568 [INFO] ThirdParty:1030 - CMSIS Pack Vendor :STMicroelectronics PDM2PCM 3.2.0
2023-07-06 08:23:35,569 [INFO] ThirdParty:841 - exiting critical section [change project]
2023-07-06 08:23:36,349 [INFO] PinOutPanel:1499 - setPackage(No Configuration,No Configuration)
2023-07-06 08:23:36,351 [INFO] PinOutPanel:1499 - setPackage(STM32F303VCTx,LQFP100)
2023-07-06 08:23:37,415 [INFO] UtilMem:75 - Before build in PCC Used Memory: 362035008 Bytes (445644800)
2023-07-06 08:23:38,564 [INFO] UtilMem:75 - After build in PCC Used Memory: 348748008 Bytes (445644800)
2023-07-06 08:23:38,611 [INFO] IPUIPlugin:80 - create IPUIPlugin
2023-07-06 08:23:38,611 [INFO] IPUIPlugin:80 - create IPUIPlugin
2023-07-06 08:23:38,611 [INFO] IPUIPlugin:80 - create IPUIPlugin
2023-07-06 08:23:38,611 [INFO] IPUIPlugin:80 - create IPUIPlugin
2023-07-06 08:23:38,612 [INFO] IPUIPlugin:80 - create IPUIPlugin
2023-07-06 08:23:38,612 [INFO] IPUIPlugin:80 - create IPUIPlugin
2023-07-06 08:23:38,612 [INFO] IPUIPlugin:80 - create IPUIPlugin
2023-07-06 08:23:38,612 [INFO] IPUIPlugin:80 - create IPUIPlugin
2023-07-06 08:23:38,612 [INFO] IPUIPlugin:80 - create IPUIPlugin
2023-07-06 08:23:38,612 [INFO] IPUIPlugin:80 - create IPUIPlugin
2023-07-06 08:23:38,613 [INFO] IPUIPlugin:80 - create IPUIPlugin
2023-07-06 08:23:38,613 [INFO] IPUIPlugin:80 - create IPUIPlugin
2023-07-06 08:23:38,614 [INFO] IPUIPlugin:80 - create IPUIPlugin
2023-07-06 08:23:38,615 [INFO] IPUIPlugin:80 - create IPUIPlugin
2023-07-06 08:23:38,615 [INFO] IPUIPlugin:80 - create IPUIPlugin
2023-07-06 08:23:38,616 [INFO] IPUIPlugin:80 - create IPUIPlugin
2023-07-06 08:23:38,616 [INFO] IPUIPlugin:80 - create IPUIPlugin
2023-07-06 08:23:38,617 [INFO] IPUIPlugin:80 - create IPUIPlugin
2023-07-06 08:23:38,618 [INFO] IPUIPlugin:80 - create IPUIPlugin
2023-07-06 08:23:38,618 [INFO] IPUIPlugin:80 - create IPUIPlugin
2023-07-06 08:23:38,618 [INFO] IPUIPlugin:80 - create IPUIPlugin
2023-07-06 08:23:38,619 [INFO] IPUIPlugin:80 - create IPUIPlugin
2023-07-06 08:23:38,619 [INFO] IPUIPlugin:80 - create IPUIPlugin
2023-07-06 08:23:38,620 [INFO] IPUIPlugin:80 - create IPUIPlugin
2023-07-06 08:23:38,621 [INFO] IPUIPlugin:80 - create IPUIPlugin
2023-07-06 08:23:38,621 [INFO] IPUIPlugin:80 - create IPUIPlugin
2023-07-06 08:23:38,622 [INFO] IPUIPlugin:80 - create IPUIPlugin
2023-07-06 08:23:38,623 [INFO] IPUIPlugin:80 - create IPUIPlugin
2023-07-06 08:23:38,634 [INFO] IPUIPlugin:80 - create IPUIPlugin
2023-07-06 08:23:38,636 [INFO] IPUIPlugin:80 - create IPUIPlugin
2023-07-06 08:23:38,637 [INFO] IPUIPlugin:80 - create IPUIPlugin
2023-07-06 08:23:38,638 [INFO] IPUIPlugin:80 - create IPUIPlugin
2023-07-06 08:23:38,638 [INFO] IPUIPlugin:80 - create IPUIPlugin
2023-07-06 08:23:38,639 [INFO] IPUIPlugin:80 - create IPUIPlugin
2023-07-06 08:23:38,640 [INFO] IPUIPlugin:80 - create IPUIPlugin
2023-07-06 08:23:38,641 [INFO] IPUIPlugin:80 - create IPUIPlugin
2023-07-06 08:23:38,641 [INFO] IPUIPlugin:80 - create IPUIPlugin
2023-07-06 08:23:38,642 [INFO] IPUIPlugin:80 - create IPUIPlugin
2023-07-06 08:23:38,642 [INFO] IPUIPlugin:80 - create IPUIPlugin
2023-07-06 08:23:38,643 [INFO] IPUIPlugin:80 - create IPUIPlugin
2023-07-06 08:23:38,644 [INFO] IPUIPlugin:80 - create IPUIPlugin
2023-07-06 08:23:38,644 [INFO] IPUIPlugin:80 - create IPUIPlugin
2023-07-06 08:23:38,645 [INFO] IPUIPlugin:80 - create IPUIPlugin
2023-07-06 08:23:38,646 [INFO] IPUIPlugin:80 - create IPUIPlugin
2023-07-06 08:23:38,646 [INFO] IPUIPlugin:80 - create IPUIPlugin
2023-07-06 08:23:38,647 [INFO] IPUIPlugin:80 - create IPUIPlugin
2023-07-06 08:23:38,649 [INFO] IPUIPlugin:80 - create IPUIPlugin
2023-07-06 08:23:38,649 [INFO] IPUIPlugin:80 - create IPUIPlugin
2023-07-06 08:23:38,650 [INFO] IPUIPlugin:80 - create IPUIPlugin
2023-07-06 08:23:38,651 [INFO] IPUIPlugin:80 - create IPUIPlugin
2023-07-06 08:23:38,652 [INFO] IPUIPlugin:80 - create IPUIPlugin
2023-07-06 08:23:38,653 [INFO] IPUIPlugin:80 - create IPUIPlugin
2023-07-06 08:23:38,654 [INFO] IPUIPlugin:80 - create IPUIPlugin
2023-07-06 08:23:38,655 [INFO] IPUIPlugin:80 - create IPUIPlugin
2023-07-06 08:23:38,656 [INFO] IPUIPlugin:80 - create IPUIPlugin
2023-07-06 08:23:39,090 [INFO] CADModel:165 - CPN selected for project levelSTM32F303VCT6
2023-07-06 08:23:39,090 [INFO] CADModel:114 - Register for checkConnection events
2023-07-06 08:23:39,184 [INFO] OpenFileManager:328 - Restore cursor
2023-07-06 08:24:02,531 [INFO] UtilMem:75 - End SaveConfig() Used Memory: 250232304 Bytes (445644800)
2023-07-06 08:24:02,651 [INFO] UtilMem:75 - End SaveConfig() Used Memory: 276446704 Bytes (445644800)
2023-07-06 08:24:04,017 [INFO] UtilMem:75 - End SaveConfig() Used Memory: 248468544 Bytes (445644800)
2023-07-06 08:24:04,888 [INFO] BlockDiagram:2759 - set Specific Code input for plugin: TIM1_8F3
2023-07-06 08:24:04,890 [INFO] BlockDiagram:2759 - set Specific Code input for plugin: SYS
2023-07-06 08:24:04,890 [INFO] BlockDiagram:2759 - set Specific Code input for plugin: RCC
2023-07-06 08:24:04,890 [INFO] BlockDiagram:2759 - set Specific Code input for plugin: RTC
2023-07-06 08:24:04,890 [INFO] BlockDiagram:2759 - set Specific Code input for plugin: NVIC
2023-07-06 08:24:04,890 [INFO] BlockDiagram:2759 - set Specific Code input for plugin: USART
2023-07-06 08:24:04,890 [INFO] BlockDiagram:2759 - set Specific Code input for plugin: GPIO
2023-07-06 08:24:04,893 [INFO] CodeGenerator:793 - code generatio: config db path: C:\ST\STM32CubeIDE_1.12.1\STM32CubeIDE\plugins\com.st.stm32cube.common.mx_6.8.1.202304191431\\db\
2023-07-06 08:24:05,368 [INFO] CodeEngine:255 - oldGeneratedFile, C:\Users\loict\STM32CubeIDE\workspace_1.12.1\bubble_sort_f\MXTmpFiles\license.tmp_save
2023-07-06 08:24:05,908 [INFO] CodeEngine:279 - Generated code: C:\Users\loict\STM32CubeIDE\workspace_1.12.1\bubble_sort_f\MXTmpFiles\license.tmp
2023-07-06 08:24:06,417 [INFO] CodeEngine:255 - oldGeneratedFile, C:\Users\loict\STM32CubeIDE\workspace_1.12.1\bubble_sort_f\MXTmpFiles\gpio.tmp_save
2023-07-06 08:24:06,649 [INFO] CodeEngine:279 - Generated code: C:\Users\loict\STM32CubeIDE\workspace_1.12.1\bubble_sort_f\MXTmpFiles\gpio.tmp
2023-07-06 08:24:07,034 [INFO] CodeEngine:255 - oldGeneratedFile, C:\Users\loict\STM32CubeIDE\workspace_1.12.1\bubble_sort_f\Core\Src\stm32f3xx_it.c_save
2023-07-06 08:24:07,206 [INFO] CodeEngine:279 - Generated code: C:\Users\loict\STM32CubeIDE\workspace_1.12.1\bubble_sort_f\Core\Src\stm32f3xx_it.c
2023-07-06 08:24:07,222 [INFO] CodeEngine:255 - oldGeneratedFile, C:\Users\loict\STM32CubeIDE\workspace_1.12.1\bubble_sort_f\Core\Inc\stm32f3xx_it.h_save
2023-07-06 08:24:07,370 [INFO] CodeEngine:279 - Generated code: C:\Users\loict\STM32CubeIDE\workspace_1.12.1\bubble_sort_f\Core\Inc\stm32f3xx_it.h
2023-07-06 08:24:07,411 [INFO] CodeEngine:255 - oldGeneratedFile, C:\Users\loict\STM32CubeIDE\workspace_1.12.1\bubble_sort_f\Core\Src\stm32f3xx_hal_msp.c_save
2023-07-06 08:24:07,625 [INFO] CodeEngine:279 - Generated code: C:\Users\loict\STM32CubeIDE\workspace_1.12.1\bubble_sort_f\Core\Src\stm32f3xx_hal_msp.c
2023-07-06 08:24:07,639 [INFO] CodeEngine:255 - oldGeneratedFile, C:\Users\loict\STM32CubeIDE\workspace_1.12.1\bubble_sort_f\MXTmpFiles\system.tmp_save
2023-07-06 08:24:07,755 [INFO] CodeEngine:279 - Generated code: C:\Users\loict\STM32CubeIDE\workspace_1.12.1\bubble_sort_f\MXTmpFiles\system.tmp
2023-07-06 08:24:07,802 [INFO] CodeEngine:311 - oldGeneratedFile, C:\Users\loict\STM32CubeIDE\workspace_1.12.1\bubble_sort_f\Core\Inc\stm32f3xx_hal_conf.h_save
2023-07-06 08:24:07,977 [INFO] CodeEngine:335 - Generated code: C:\Users\loict\STM32CubeIDE\workspace_1.12.1\bubble_sort_f\Core\Inc\stm32f3xx_hal_conf.h
2023-07-06 08:24:08,058 [WARN] IPConfigManager:3431 - IP not found : TIM
2023-07-06 08:24:08,060 [WARN] CodeGenerator:3754 - IP not found : null
2023-07-06 08:24:08,096 [INFO] CodeEngine:255 - oldGeneratedFile, C:\Users\loict\STM32CubeIDE\workspace_1.12.1\bubble_sort_f\Core\Inc\main.h_save
2023-07-06 08:24:08,331 [INFO] CodeEngine:279 - Generated code: C:\Users\loict\STM32CubeIDE\workspace_1.12.1\bubble_sort_f\Core\Inc\main.h
2023-07-06 08:24:08,374 [INFO] CodeEngine:255 - oldGeneratedFile, C:\Users\loict\STM32CubeIDE\workspace_1.12.1\bubble_sort_f\Core\Src\main.c_save
2023-07-06 08:24:08,637 [INFO] CodeEngine:279 - Generated code: C:\Users\loict\STM32CubeIDE\workspace_1.12.1\bubble_sort_f\Core\Src\main.c
2023-07-06 08:24:09,826 [INFO] ProjectBuilder:2996 - Time for Copy HAL[1] : 316mS.
2023-07-06 08:24:09,844 [INFO] ProjectBuilder:4304 - Project Generator version: 3.19.2
2023-07-06 08:24:10,331 [INFO] ConfigFileManager:1483 - The Die is : DIE422
2023-07-06 08:24:10,353 [INFO] ApiDbMcu:507 - Load IP Config File for FATFS
2023-07-06 08:24:10,369 [INFO] ApiDbMcu:507 - Load IP Config File for FREERTOS
2023-07-06 08:24:10,396 [INFO] ApiDbMcu:507 - Load IP Config File for TOUCHSENSING
2023-07-06 08:24:10,413 [INFO] ApiDbMcu:507 - Load IP Config File for USB_DEVICE
2023-07-06 08:24:12,208 [INFO] LogOutputStream:77 - [STDOUT_REDIRECT] 
2023-07-06 08:24:15,200 [INFO] ProjectBuilder:4505 - Time for Generating toolchain IDE Files: 5354mS.
2023-07-06 08:24:15,203 [INFO] ProjectBuilder:2867 - Time for Copy CMSIS : 1mS.
2023-07-06 08:24:15,210 [INFO] ProjectBuilder:2867 - Time for Copy CMSIS : 0mS.
2023-07-06 08:37:54,405 [INFO] UtilMem:75 - End SaveConfig() Used Memory: 298903232 Bytes (662700032)
2023-07-06 08:37:54,498 [INFO] UtilMem:75 - End SaveConfig() Used Memory: 324785880 Bytes (662700032)
2023-07-06 08:37:55,448 [INFO] UtilMem:75 - End SaveConfig() Used Memory: 450780784 Bytes (662700032)
2023-07-06 08:37:55,930 [INFO] BlockDiagram:2759 - set Specific Code input for plugin: TIM1_8F3
2023-07-06 08:37:55,930 [INFO] BlockDiagram:2759 - set Specific Code input for plugin: SYS
2023-07-06 08:37:55,930 [INFO] BlockDiagram:2759 - set Specific Code input for plugin: RCC
2023-07-06 08:37:55,930 [INFO] BlockDiagram:2759 - set Specific Code input for plugin: RTC
2023-07-06 08:37:55,930 [INFO] BlockDiagram:2759 - set Specific Code input for plugin: NVIC
2023-07-06 08:37:55,930 [INFO] BlockDiagram:2759 - set Specific Code input for plugin: USART
2023-07-06 08:37:55,931 [INFO] BlockDiagram:2759 - set Specific Code input for plugin: GPIO
2023-07-06 08:37:55,933 [INFO] CodeGenerator:793 - code generatio: config db path: C:\ST\STM32CubeIDE_1.12.1\STM32CubeIDE\plugins\com.st.stm32cube.common.mx_6.8.1.202304191431\\db\
2023-07-06 08:37:56,156 [INFO] CodeEngine:255 - oldGeneratedFile, C:\Users\loict\STM32CubeIDE\workspace_1.12.1\bubble_sort_f\MXTmpFiles\license.tmp_save
2023-07-06 08:37:56,313 [INFO] CodeEngine:279 - Generated code: C:\Users\loict\STM32CubeIDE\workspace_1.12.1\bubble_sort_f\MXTmpFiles\license.tmp
2023-07-06 08:37:56,518 [INFO] CodeEngine:255 - oldGeneratedFile, C:\Users\loict\STM32CubeIDE\workspace_1.12.1\bubble_sort_f\MXTmpFiles\gpio.tmp_save
2023-07-06 08:37:56,672 [INFO] CodeEngine:279 - Generated code: C:\Users\loict\STM32CubeIDE\workspace_1.12.1\bubble_sort_f\MXTmpFiles\gpio.tmp
2023-07-06 08:37:56,847 [INFO] CodeEngine:255 - oldGeneratedFile, C:\Users\loict\STM32CubeIDE\workspace_1.12.1\bubble_sort_f\Core\Src\stm32f3xx_it.c_save
2023-07-06 08:37:57,307 [INFO] CodeEngine:279 - Generated code: C:\Users\loict\STM32CubeIDE\workspace_1.12.1\bubble_sort_f\Core\Src\stm32f3xx_it.c
2023-07-06 08:37:57,337 [INFO] CodeEngine:255 - oldGeneratedFile, C:\Users\loict\STM32CubeIDE\workspace_1.12.1\bubble_sort_f\Core\Inc\stm32f3xx_it.h_save
2023-07-06 08:37:57,434 [INFO] CodeEngine:279 - Generated code: C:\Users\loict\STM32CubeIDE\workspace_1.12.1\bubble_sort_f\Core\Inc\stm32f3xx_it.h
2023-07-06 08:37:57,475 [INFO] CodeEngine:255 - oldGeneratedFile, C:\Users\loict\STM32CubeIDE\workspace_1.12.1\bubble_sort_f\Core\Src\stm32f3xx_hal_msp.c_save
2023-07-06 08:37:57,668 [INFO] CodeEngine:279 - Generated code: C:\Users\loict\STM32CubeIDE\workspace_1.12.1\bubble_sort_f\Core\Src\stm32f3xx_hal_msp.c
2023-07-06 08:37:57,684 [INFO] CodeEngine:255 - oldGeneratedFile, C:\Users\loict\STM32CubeIDE\workspace_1.12.1\bubble_sort_f\MXTmpFiles\system.tmp_save
2023-07-06 08:37:57,789 [INFO] CodeEngine:279 - Generated code: C:\Users\loict\STM32CubeIDE\workspace_1.12.1\bubble_sort_f\MXTmpFiles\system.tmp
2023-07-06 08:37:57,820 [INFO] CodeEngine:311 - oldGeneratedFile, C:\Users\loict\STM32CubeIDE\workspace_1.12.1\bubble_sort_f\Core\Inc\stm32f3xx_hal_conf.h_save
2023-07-06 08:37:57,986 [INFO] CodeEngine:335 - Generated code: C:\Users\loict\STM32CubeIDE\workspace_1.12.1\bubble_sort_f\Core\Inc\stm32f3xx_hal_conf.h
2023-07-06 08:37:58,036 [WARN] IPConfigManager:3431 - IP not found : TIM
2023-07-06 08:37:58,037 [WARN] CodeGenerator:3754 - IP not found : null
2023-07-06 08:37:58,071 [INFO] CodeEngine:255 - oldGeneratedFile, C:\Users\loict\STM32CubeIDE\workspace_1.12.1\bubble_sort_f\Core\Inc\main.h_save
2023-07-06 08:37:58,231 [INFO] CodeEngine:279 - Generated code: C:\Users\loict\STM32CubeIDE\workspace_1.12.1\bubble_sort_f\Core\Inc\main.h
2023-07-06 08:37:58,257 [INFO] CodeEngine:255 - oldGeneratedFile, C:\Users\loict\STM32CubeIDE\workspace_1.12.1\bubble_sort_f\Core\Src\main.c_save
2023-07-06 08:37:58,540 [INFO] CodeEngine:279 - Generated code: C:\Users\loict\STM32CubeIDE\workspace_1.12.1\bubble_sort_f\Core\Src\main.c
2023-07-06 08:37:59,401 [INFO] ProjectBuilder:2996 - Time for Copy HAL[1] : 226mS.
2023-07-06 08:37:59,407 [INFO] ProjectBuilder:4304 - Project Generator version: 3.19.2
2023-07-06 08:37:59,842 [INFO] ConfigFileManager:1483 - The Die is : DIE422
2023-07-06 08:38:01,987 [INFO] ProjectBuilder:4505 - Time for Generating toolchain IDE Files: 2580mS.
2023-07-06 08:38:01,989 [INFO] ProjectBuilder:2867 - Time for Copy CMSIS : 1mS.
2023-07-06 08:38:01,995 [INFO] ProjectBuilder:2867 - Time for Copy CMSIS : 0mS.
2023-07-06 08:41:48,250 [INFO] UtilMem:75 - End SaveConfig() Used Memory: 575883112 Bytes (751828992)
2023-07-06 08:41:48,344 [INFO] UtilMem:75 - End SaveConfig() Used Memory: 601048936 Bytes (751828992)
2023-07-06 08:41:49,288 [INFO] UtilMem:75 - End SaveConfig() Used Memory: 381815632 Bytes (751828992)
2023-07-06 08:41:49,777 [INFO] BlockDiagram:2759 - set Specific Code input for plugin: TIM1_8F3
2023-07-06 08:41:49,777 [INFO] BlockDiagram:2759 - set Specific Code input for plugin: SYS
2023-07-06 08:41:49,777 [INFO] BlockDiagram:2759 - set Specific Code input for plugin: RCC
2023-07-06 08:41:49,777 [INFO] BlockDiagram:2759 - set Specific Code input for plugin: RTC
2023-07-06 08:41:49,777 [INFO] BlockDiagram:2759 - set Specific Code input for plugin: NVIC
2023-07-06 08:41:49,777 [INFO] BlockDiagram:2759 - set Specific Code input for plugin: USART
2023-07-06 08:41:49,778 [INFO] BlockDiagram:2759 - set Specific Code input for plugin: GPIO
2023-07-06 08:41:49,780 [INFO] CodeGenerator:793 - code generatio: config db path: C:\ST\STM32CubeIDE_1.12.1\STM32CubeIDE\plugins\com.st.stm32cube.common.mx_6.8.1.202304191431\\db\
2023-07-06 08:41:49,988 [INFO] CodeEngine:255 - oldGeneratedFile, C:\Users\loict\STM32CubeIDE\workspace_1.12.1\bubble_sort_f\MXTmpFiles\license.tmp_save
2023-07-06 08:41:50,076 [INFO] CodeEngine:279 - Generated code: C:\Users\loict\STM32CubeIDE\workspace_1.12.1\bubble_sort_f\MXTmpFiles\license.tmp
2023-07-06 08:41:50,239 [INFO] CodeEngine:255 - oldGeneratedFile, C:\Users\loict\STM32CubeIDE\workspace_1.12.1\bubble_sort_f\MXTmpFiles\gpio.tmp_save
2023-07-06 08:41:50,358 [INFO] CodeEngine:279 - Generated code: C:\Users\loict\STM32CubeIDE\workspace_1.12.1\bubble_sort_f\MXTmpFiles\gpio.tmp
2023-07-06 08:41:50,471 [INFO] CodeEngine:255 - oldGeneratedFile, C:\Users\loict\STM32CubeIDE\workspace_1.12.1\bubble_sort_f\Core\Src\stm32f3xx_it.c_save
2023-07-06 08:41:50,578 [INFO] CodeEngine:279 - Generated code: C:\Users\loict\STM32CubeIDE\workspace_1.12.1\bubble_sort_f\Core\Src\stm32f3xx_it.c
2023-07-06 08:41:50,598 [INFO] CodeEngine:255 - oldGeneratedFile, C:\Users\loict\STM32CubeIDE\workspace_1.12.1\bubble_sort_f\Core\Inc\stm32f3xx_it.h_save
2023-07-06 08:41:50,674 [INFO] CodeEngine:279 - Generated code: C:\Users\loict\STM32CubeIDE\workspace_1.12.1\bubble_sort_f\Core\Inc\stm32f3xx_it.h
2023-07-06 08:41:50,700 [INFO] CodeEngine:255 - oldGeneratedFile, C:\Users\loict\STM32CubeIDE\workspace_1.12.1\bubble_sort_f\Core\Src\stm32f3xx_hal_msp.c_save
2023-07-06 08:41:50,830 [INFO] CodeEngine:279 - Generated code: C:\Users\loict\STM32CubeIDE\workspace_1.12.1\bubble_sort_f\Core\Src\stm32f3xx_hal_msp.c
2023-07-06 08:41:50,836 [INFO] CodeEngine:255 - oldGeneratedFile, C:\Users\loict\STM32CubeIDE\workspace_1.12.1\bubble_sort_f\MXTmpFiles\system.tmp_save
2023-07-06 08:41:50,920 [INFO] CodeEngine:279 - Generated code: C:\Users\loict\STM32CubeIDE\workspace_1.12.1\bubble_sort_f\MXTmpFiles\system.tmp
2023-07-06 08:41:50,948 [INFO] CodeEngine:311 - oldGeneratedFile, C:\Users\loict\STM32CubeIDE\workspace_1.12.1\bubble_sort_f\Core\Inc\stm32f3xx_hal_conf.h_save
2023-07-06 08:41:51,078 [INFO] CodeEngine:335 - Generated code: C:\Users\loict\STM32CubeIDE\workspace_1.12.1\bubble_sort_f\Core\Inc\stm32f3xx_hal_conf.h
2023-07-06 08:41:51,121 [WARN] IPConfigManager:3431 - IP not found : TIM
2023-07-06 08:41:51,122 [WARN] CodeGenerator:3754 - IP not found : null
2023-07-06 08:41:51,150 [INFO] CodeEngine:255 - oldGeneratedFile, C:\Users\loict\STM32CubeIDE\workspace_1.12.1\bubble_sort_f\Core\Inc\main.h_save
2023-07-06 08:41:51,260 [INFO] CodeEngine:279 - Generated code: C:\Users\loict\STM32CubeIDE\workspace_1.12.1\bubble_sort_f\Core\Inc\main.h
2023-07-06 08:41:51,328 [INFO] CodeEngine:255 - oldGeneratedFile, C:\Users\loict\STM32CubeIDE\workspace_1.12.1\bubble_sort_f\Core\Src\main.c_save
2023-07-06 08:41:51,555 [INFO] CodeEngine:279 - Generated code: C:\Users\loict\STM32CubeIDE\workspace_1.12.1\bubble_sort_f\Core\Src\main.c
2023-07-06 08:41:52,368 [INFO] ProjectBuilder:2996 - Time for Copy HAL[1] : 229mS.
2023-07-06 08:41:52,372 [INFO] ProjectBuilder:4304 - Project Generator version: 3.19.2
2023-07-06 08:41:52,658 [INFO] ConfigFileManager:1483 - The Die is : DIE422
2023-07-06 08:41:54,620 [INFO] ProjectBuilder:4505 - Time for Generating toolchain IDE Files: 2248mS.
2023-07-06 08:41:54,621 [INFO] ProjectBuilder:2867 - Time for Copy CMSIS : 1mS.
2023-07-06 08:41:54,626 [INFO] ProjectBuilder:2867 - Time for Copy CMSIS : 0mS.
2023-07-06 08:43:32,923 [INFO] UtilMem:75 - End SaveConfig() Used Memory: 289171864 Bytes (751828992)
2023-07-06 08:43:33,011 [INFO] UtilMem:75 - End SaveConfig() Used Memory: 314404208 Bytes (751828992)
2023-07-06 08:43:33,836 [INFO] UtilMem:75 - End SaveConfig() Used Memory: 406086040 Bytes (751828992)
2023-07-06 08:43:34,288 [INFO] BlockDiagram:2759 - set Specific Code input for plugin: TIM1_8F3
2023-07-06 08:43:34,288 [INFO] BlockDiagram:2759 - set Specific Code input for plugin: SYS
2023-07-06 08:43:34,288 [INFO] BlockDiagram:2759 - set Specific Code input for plugin: RCC
2023-07-06 08:43:34,288 [INFO] BlockDiagram:2759 - set Specific Code input for plugin: RTC
2023-07-06 08:43:34,289 [INFO] BlockDiagram:2759 - set Specific Code input for plugin: NVIC
2023-07-06 08:43:34,289 [INFO] BlockDiagram:2759 - set Specific Code input for plugin: USART
2023-07-06 08:43:34,289 [INFO] BlockDiagram:2759 - set Specific Code input for plugin: GPIO
2023-07-06 08:43:34,291 [INFO] CodeGenerator:793 - code generatio: config db path: C:\ST\STM32CubeIDE_1.12.1\STM32CubeIDE\plugins\com.st.stm32cube.common.mx_6.8.1.202304191431\\db\
2023-07-06 08:43:34,462 [INFO] CodeEngine:255 - oldGeneratedFile, C:\Users\loict\STM32CubeIDE\workspace_1.12.1\bubble_sort_f\MXTmpFiles\license.tmp_save
2023-07-06 08:43:34,556 [INFO] CodeEngine:279 - Generated code: C:\Users\loict\STM32CubeIDE\workspace_1.12.1\bubble_sort_f\MXTmpFiles\license.tmp
2023-07-06 08:43:34,693 [INFO] CodeEngine:255 - oldGeneratedFile, C:\Users\loict\STM32CubeIDE\workspace_1.12.1\bubble_sort_f\MXTmpFiles\gpio.tmp_save
2023-07-06 08:43:34,792 [INFO] CodeEngine:279 - Generated code: C:\Users\loict\STM32CubeIDE\workspace_1.12.1\bubble_sort_f\MXTmpFiles\gpio.tmp
2023-07-06 08:43:34,889 [INFO] CodeEngine:255 - oldGeneratedFile, C:\Users\loict\STM32CubeIDE\workspace_1.12.1\bubble_sort_f\Core\Src\stm32f3xx_it.c_save
2023-07-06 08:43:34,983 [INFO] CodeEngine:279 - Generated code: C:\Users\loict\STM32CubeIDE\workspace_1.12.1\bubble_sort_f\Core\Src\stm32f3xx_it.c
2023-07-06 08:43:35,000 [INFO] CodeEngine:255 - oldGeneratedFile, C:\Users\loict\STM32CubeIDE\workspace_1.12.1\bubble_sort_f\Core\Inc\stm32f3xx_it.h_save
2023-07-06 08:43:35,075 [INFO] CodeEngine:279 - Generated code: C:\Users\loict\STM32CubeIDE\workspace_1.12.1\bubble_sort_f\Core\Inc\stm32f3xx_it.h
2023-07-06 08:43:35,098 [INFO] CodeEngine:255 - oldGeneratedFile, C:\Users\loict\STM32CubeIDE\workspace_1.12.1\bubble_sort_f\Core\Src\stm32f3xx_hal_msp.c_save
2023-07-06 08:43:35,206 [INFO] CodeEngine:279 - Generated code: C:\Users\loict\STM32CubeIDE\workspace_1.12.1\bubble_sort_f\Core\Src\stm32f3xx_hal_msp.c
2023-07-06 08:43:35,211 [INFO] CodeEngine:255 - oldGeneratedFile, C:\Users\loict\STM32CubeIDE\workspace_1.12.1\bubble_sort_f\MXTmpFiles\system.tmp_save
2023-07-06 08:43:35,285 [INFO] CodeEngine:279 - Generated code: C:\Users\loict\STM32CubeIDE\workspace_1.12.1\bubble_sort_f\MXTmpFiles\system.tmp
2023-07-06 08:43:35,312 [INFO] CodeEngine:311 - oldGeneratedFile, C:\Users\loict\STM32CubeIDE\workspace_1.12.1\bubble_sort_f\Core\Inc\stm32f3xx_hal_conf.h_save
2023-07-06 08:43:35,415 [INFO] CodeEngine:335 - Generated code: C:\Users\loict\STM32CubeIDE\workspace_1.12.1\bubble_sort_f\Core\Inc\stm32f3xx_hal_conf.h
2023-07-06 08:43:35,442 [WARN] IPConfigManager:3431 - IP not found : TIM
2023-07-06 08:43:35,443 [WARN] CodeGenerator:3754 - IP not found : null
2023-07-06 08:43:35,464 [INFO] CodeEngine:255 - oldGeneratedFile, C:\Users\loict\STM32CubeIDE\workspace_1.12.1\bubble_sort_f\Core\Inc\main.h_save
2023-07-06 08:43:35,558 [INFO] CodeEngine:279 - Generated code: C:\Users\loict\STM32CubeIDE\workspace_1.12.1\bubble_sort_f\Core\Inc\main.h
2023-07-06 08:43:35,575 [INFO] CodeEngine:255 - oldGeneratedFile, C:\Users\loict\STM32CubeIDE\workspace_1.12.1\bubble_sort_f\Core\Src\main.c_save
2023-07-06 08:43:35,819 [INFO] CodeEngine:279 - Generated code: C:\Users\loict\STM32CubeIDE\workspace_1.12.1\bubble_sort_f\Core\Src\main.c
2023-07-06 08:43:36,595 [INFO] ProjectBuilder:2996 - Time for Copy HAL[1] : 217mS.
2023-07-06 08:43:36,599 [INFO] ProjectBuilder:4304 - Project Generator version: 3.19.2
2023-07-06 08:43:36,854 [INFO] ConfigFileManager:1483 - The Die is : DIE422
2023-07-06 08:43:38,701 [INFO] ProjectBuilder:4505 - Time for Generating toolchain IDE Files: 2102mS.
2023-07-06 08:43:38,703 [INFO] ProjectBuilder:2867 - Time for Copy CMSIS : 0mS.
2023-07-06 08:43:38,708 [INFO] ProjectBuilder:2867 - Time for Copy CMSIS : 0mS.
2023-07-06 08:44:30,757 [INFO] UtilMem:75 - End SaveConfig() Used Memory: 256641840 Bytes (751828992)
2023-07-06 08:44:30,842 [INFO] UtilMem:75 - End SaveConfig() Used Memory: 281874136 Bytes (751828992)
2023-07-06 08:44:31,654 [INFO] UtilMem:75 - End SaveConfig() Used Memory: 373031112 Bytes (751828992)
2023-07-06 08:44:32,085 [INFO] BlockDiagram:2759 - set Specific Code input for plugin: TIM1_8F3
2023-07-06 08:44:32,085 [INFO] BlockDiagram:2759 - set Specific Code input for plugin: SYS
2023-07-06 08:44:32,085 [INFO] BlockDiagram:2759 - set Specific Code input for plugin: RCC
2023-07-06 08:44:32,085 [INFO] BlockDiagram:2759 - set Specific Code input for plugin: RTC
2023-07-06 08:44:32,085 [INFO] BlockDiagram:2759 - set Specific Code input for plugin: NVIC
2023-07-06 08:44:32,085 [INFO] BlockDiagram:2759 - set Specific Code input for plugin: USART
2023-07-06 08:44:32,086 [INFO] BlockDiagram:2759 - set Specific Code input for plugin: GPIO
2023-07-06 08:44:32,087 [INFO] CodeGenerator:793 - code generatio: config db path: C:\ST\STM32CubeIDE_1.12.1\STM32CubeIDE\plugins\com.st.stm32cube.common.mx_6.8.1.202304191431\\db\
2023-07-06 08:44:32,267 [INFO] CodeEngine:255 - oldGeneratedFile, C:\Users\loict\STM32CubeIDE\workspace_1.12.1\bubble_sort_f\MXTmpFiles\license.tmp_save
2023-07-06 08:44:32,355 [INFO] CodeEngine:279 - Generated code: C:\Users\loict\STM32CubeIDE\workspace_1.12.1\bubble_sort_f\MXTmpFiles\license.tmp
2023-07-06 08:44:32,482 [INFO] CodeEngine:255 - oldGeneratedFile, C:\Users\loict\STM32CubeIDE\workspace_1.12.1\bubble_sort_f\MXTmpFiles\gpio.tmp_save
2023-07-06 08:44:32,572 [INFO] CodeEngine:279 - Generated code: C:\Users\loict\STM32CubeIDE\workspace_1.12.1\bubble_sort_f\MXTmpFiles\gpio.tmp
2023-07-06 08:44:32,671 [INFO] CodeEngine:255 - oldGeneratedFile, C:\Users\loict\STM32CubeIDE\workspace_1.12.1\bubble_sort_f\Core\Src\stm32f3xx_it.c_save
2023-07-06 08:44:32,756 [INFO] CodeEngine:279 - Generated code: C:\Users\loict\STM32CubeIDE\workspace_1.12.1\bubble_sort_f\Core\Src\stm32f3xx_it.c
2023-07-06 08:44:32,771 [INFO] CodeEngine:255 - oldGeneratedFile, C:\Users\loict\STM32CubeIDE\workspace_1.12.1\bubble_sort_f\Core\Inc\stm32f3xx_it.h_save
2023-07-06 08:44:32,848 [INFO] CodeEngine:279 - Generated code: C:\Users\loict\STM32CubeIDE\workspace_1.12.1\bubble_sort_f\Core\Inc\stm32f3xx_it.h
2023-07-06 08:44:32,874 [INFO] CodeEngine:255 - oldGeneratedFile, C:\Users\loict\STM32CubeIDE\workspace_1.12.1\bubble_sort_f\Core\Src\stm32f3xx_hal_msp.c_save
2023-07-06 08:44:33,000 [INFO] CodeEngine:279 - Generated code: C:\Users\loict\STM32CubeIDE\workspace_1.12.1\bubble_sort_f\Core\Src\stm32f3xx_hal_msp.c
2023-07-06 08:44:33,005 [INFO] CodeEngine:255 - oldGeneratedFile, C:\Users\loict\STM32CubeIDE\workspace_1.12.1\bubble_sort_f\MXTmpFiles\system.tmp_save
2023-07-06 08:44:33,073 [INFO] CodeEngine:279 - Generated code: C:\Users\loict\STM32CubeIDE\workspace_1.12.1\bubble_sort_f\MXTmpFiles\system.tmp
2023-07-06 08:44:33,100 [INFO] CodeEngine:311 - oldGeneratedFile, C:\Users\loict\STM32CubeIDE\workspace_1.12.1\bubble_sort_f\Core\Inc\stm32f3xx_hal_conf.h_save
2023-07-06 08:44:33,210 [INFO] CodeEngine:335 - Generated code: C:\Users\loict\STM32CubeIDE\workspace_1.12.1\bubble_sort_f\Core\Inc\stm32f3xx_hal_conf.h
2023-07-06 08:44:33,235 [WARN] IPConfigManager:3431 - IP not found : TIM
2023-07-06 08:44:33,236 [WARN] CodeGenerator:3754 - IP not found : null
2023-07-06 08:44:33,255 [INFO] CodeEngine:255 - oldGeneratedFile, C:\Users\loict\STM32CubeIDE\workspace_1.12.1\bubble_sort_f\Core\Inc\main.h_save
2023-07-06 08:44:33,438 [INFO] CodeEngine:279 - Generated code: C:\Users\loict\STM32CubeIDE\workspace_1.12.1\bubble_sort_f\Core\Inc\main.h
2023-07-06 08:44:33,459 [INFO] CodeEngine:255 - oldGeneratedFile, C:\Users\loict\STM32CubeIDE\workspace_1.12.1\bubble_sort_f\Core\Src\main.c_save
2023-07-06 08:44:33,614 [INFO] CodeEngine:279 - Generated code: C:\Users\loict\STM32CubeIDE\workspace_1.12.1\bubble_sort_f\Core\Src\main.c
2023-07-06 08:44:34,302 [INFO] ProjectBuilder:2996 - Time for Copy HAL[1] : 189mS.
2023-07-06 08:44:34,306 [INFO] ProjectBuilder:4304 - Project Generator version: 3.19.2
2023-07-06 08:44:34,576 [INFO] ConfigFileManager:1483 - The Die is : DIE422
2023-07-06 08:44:36,527 [INFO] ProjectBuilder:4505 - Time for Generating toolchain IDE Files: 2221mS.
2023-07-06 08:44:36,528 [INFO] ProjectBuilder:2867 - Time for Copy CMSIS : 1mS.
2023-07-06 08:44:36,534 [INFO] ProjectBuilder:2867 - Time for Copy CMSIS : 0mS.
2023-07-06 08:50:36,918 [INFO] UtilMem:75 - End SaveConfig() Used Memory: 315101744 Bytes (751828992)
2023-07-06 08:50:37,062 [INFO] UtilMem:75 - End SaveConfig() Used Memory: 342364720 Bytes (751828992)
2023-07-06 08:50:37,345 [INFO] UtilMem:75 - End SaveConfig() Used Memory: 408951344 Bytes (751828992)
2023-07-06 08:50:37,684 [INFO] BlockDiagram:2759 - set Specific Code input for plugin: TIM1_8F3
2023-07-06 08:50:37,684 [INFO] BlockDiagram:2759 - set Specific Code input for plugin: SYS
2023-07-06 08:50:37,684 [INFO] BlockDiagram:2759 - set Specific Code input for plugin: RCC
2023-07-06 08:50:37,684 [INFO] BlockDiagram:2759 - set Specific Code input for plugin: RTC
2023-07-06 08:50:37,684 [INFO] BlockDiagram:2759 - set Specific Code input for plugin: NVIC
2023-07-06 08:50:37,684 [INFO] BlockDiagram:2759 - set Specific Code input for plugin: USART
2023-07-06 08:50:37,685 [INFO] BlockDiagram:2759 - set Specific Code input for plugin: GPIO
2023-07-06 08:50:37,686 [INFO] CodeGenerator:793 - code generatio: config db path: C:\ST\STM32CubeIDE_1.12.1\STM32CubeIDE\plugins\com.st.stm32cube.common.mx_6.8.1.202304191431\\db\
2023-07-06 08:50:37,997 [INFO] CodeEngine:255 - oldGeneratedFile, C:\Users\loict\STM32CubeIDE\workspace_1.12.1\bubble_sort_f\MXTmpFiles\license.tmp_save
2023-07-06 08:50:38,097 [INFO] CodeEngine:279 - Generated code: C:\Users\loict\STM32CubeIDE\workspace_1.12.1\bubble_sort_f\MXTmpFiles\license.tmp
2023-07-06 08:50:38,221 [INFO] CodeEngine:255 - oldGeneratedFile, C:\Users\loict\STM32CubeIDE\workspace_1.12.1\bubble_sort_f\MXTmpFiles\gpio.tmp_save
2023-07-06 08:50:38,313 [INFO] CodeEngine:279 - Generated code: C:\Users\loict\STM32CubeIDE\workspace_1.12.1\bubble_sort_f\MXTmpFiles\gpio.tmp
2023-07-06 08:50:38,401 [INFO] CodeEngine:255 - oldGeneratedFile, C:\Users\loict\STM32CubeIDE\workspace_1.12.1\bubble_sort_f\Core\Src\stm32f3xx_it.c_save
2023-07-06 08:50:38,513 [INFO] CodeEngine:279 - Generated code: C:\Users\loict\STM32CubeIDE\workspace_1.12.1\bubble_sort_f\Core\Src\stm32f3xx_it.c
2023-07-06 08:50:38,526 [INFO] CodeEngine:255 - oldGeneratedFile, C:\Users\loict\STM32CubeIDE\workspace_1.12.1\bubble_sort_f\Core\Inc\stm32f3xx_it.h_save
2023-07-06 08:50:38,687 [INFO] CodeEngine:279 - Generated code: C:\Users\loict\STM32CubeIDE\workspace_1.12.1\bubble_sort_f\Core\Inc\stm32f3xx_it.h
2023-07-06 08:50:38,711 [INFO] CodeEngine:255 - oldGeneratedFile, C:\Users\loict\STM32CubeIDE\workspace_1.12.1\bubble_sort_f\Core\Src\stm32f3xx_hal_msp.c_save
2023-07-06 08:50:38,815 [INFO] CodeEngine:279 - Generated code: C:\Users\loict\STM32CubeIDE\workspace_1.12.1\bubble_sort_f\Core\Src\stm32f3xx_hal_msp.c
2023-07-06 08:50:38,822 [INFO] CodeEngine:255 - oldGeneratedFile, C:\Users\loict\STM32CubeIDE\workspace_1.12.1\bubble_sort_f\MXTmpFiles\system.tmp_save
2023-07-06 08:50:38,895 [INFO] CodeEngine:279 - Generated code: C:\Users\loict\STM32CubeIDE\workspace_1.12.1\bubble_sort_f\MXTmpFiles\system.tmp
2023-07-06 08:50:38,941 [INFO] CodeEngine:311 - oldGeneratedFile, C:\Users\loict\STM32CubeIDE\workspace_1.12.1\bubble_sort_f\Core\Inc\stm32f3xx_hal_conf.h_save
2023-07-06 08:50:39,083 [INFO] CodeEngine:335 - Generated code: C:\Users\loict\STM32CubeIDE\workspace_1.12.1\bubble_sort_f\Core\Inc\stm32f3xx_hal_conf.h
2023-07-06 08:50:39,115 [WARN] IPConfigManager:3431 - IP not found : TIM
2023-07-06 08:50:39,115 [WARN] CodeGenerator:3754 - IP not found : null
2023-07-06 08:50:39,136 [INFO] CodeEngine:255 - oldGeneratedFile, C:\Users\loict\STM32CubeIDE\workspace_1.12.1\bubble_sort_f\Core\Inc\main.h_save
2023-07-06 08:50:39,225 [INFO] CodeEngine:279 - Generated code: C:\Users\loict\STM32CubeIDE\workspace_1.12.1\bubble_sort_f\Core\Inc\main.h
2023-07-06 08:50:39,240 [INFO] CodeEngine:255 - oldGeneratedFile, C:\Users\loict\STM32CubeIDE\workspace_1.12.1\bubble_sort_f\Core\Src\main.c_save
2023-07-06 08:50:39,386 [INFO] CodeEngine:279 - Generated code: C:\Users\loict\STM32CubeIDE\workspace_1.12.1\bubble_sort_f\Core\Src\main.c
2023-07-06 08:50:40,206 [INFO] ProjectBuilder:2996 - Time for Copy HAL[1] : 220mS.
2023-07-06 08:50:40,210 [INFO] ProjectBuilder:4304 - Project Generator version: 3.19.2
2023-07-06 08:50:40,459 [INFO] ConfigFileManager:1483 - The Die is : DIE422
2023-07-06 08:50:42,484 [INFO] ProjectBuilder:4505 - Time for Generating toolchain IDE Files: 2274mS.
2023-07-06 08:50:42,486 [INFO] ProjectBuilder:2867 - Time for Copy CMSIS : 0mS.
2023-07-06 08:50:42,491 [INFO] ProjectBuilder:2867 - Time for Copy CMSIS : 0mS.
2023-07-06 08:57:26,901 [INFO] UtilMem:75 - End SaveConfig() Used Memory: 505458224 Bytes (751828992)
2023-07-06 08:57:26,999 [INFO] UtilMem:75 - End SaveConfig() Used Memory: 531150384 Bytes (751828992)
2023-07-06 08:57:27,863 [INFO] UtilMem:75 - End SaveConfig() Used Memory: 281002416 Bytes (751828992)
2023-07-06 08:57:28,335 [INFO] BlockDiagram:2759 - set Specific Code input for plugin: TIM1_8F3
2023-07-06 08:57:28,336 [INFO] BlockDiagram:2759 - set Specific Code input for plugin: SYS
2023-07-06 08:57:28,336 [INFO] BlockDiagram:2759 - set Specific Code input for plugin: RCC
2023-07-06 08:57:28,336 [INFO] BlockDiagram:2759 - set Specific Code input for plugin: RTC
2023-07-06 08:57:28,336 [INFO] BlockDiagram:2759 - set Specific Code input for plugin: NVIC
2023-07-06 08:57:28,336 [INFO] BlockDiagram:2759 - set Specific Code input for plugin: USART
2023-07-06 08:57:28,336 [INFO] BlockDiagram:2759 - set Specific Code input for plugin: GPIO
2023-07-06 08:57:28,337 [INFO] CodeGenerator:793 - code generatio: config db path: C:\ST\STM32CubeIDE_1.12.1\STM32CubeIDE\plugins\com.st.stm32cube.common.mx_6.8.1.202304191431\\db\
2023-07-06 08:57:28,509 [INFO] CodeEngine:255 - oldGeneratedFile, C:\Users\loict\STM32CubeIDE\workspace_1.12.1\bubble_sort_f\MXTmpFiles\license.tmp_save
2023-07-06 08:57:28,604 [INFO] CodeEngine:279 - Generated code: C:\Users\loict\STM32CubeIDE\workspace_1.12.1\bubble_sort_f\MXTmpFiles\license.tmp
2023-07-06 08:57:28,751 [INFO] CodeEngine:255 - oldGeneratedFile, C:\Users\loict\STM32CubeIDE\workspace_1.12.1\bubble_sort_f\MXTmpFiles\gpio.tmp_save
2023-07-06 08:57:28,853 [INFO] CodeEngine:279 - Generated code: C:\Users\loict\STM32CubeIDE\workspace_1.12.1\bubble_sort_f\MXTmpFiles\gpio.tmp
2023-07-06 08:57:28,956 [INFO] CodeEngine:255 - oldGeneratedFile, C:\Users\loict\STM32CubeIDE\workspace_1.12.1\bubble_sort_f\Core\Src\stm32f3xx_it.c_save
2023-07-06 08:57:29,046 [INFO] CodeEngine:279 - Generated code: C:\Users\loict\STM32CubeIDE\workspace_1.12.1\bubble_sort_f\Core\Src\stm32f3xx_it.c
2023-07-06 08:57:29,061 [INFO] CodeEngine:255 - oldGeneratedFile, C:\Users\loict\STM32CubeIDE\workspace_1.12.1\bubble_sort_f\Core\Inc\stm32f3xx_it.h_save
2023-07-06 08:57:29,134 [INFO] CodeEngine:279 - Generated code: C:\Users\loict\STM32CubeIDE\workspace_1.12.1\bubble_sort_f\Core\Inc\stm32f3xx_it.h
2023-07-06 08:57:29,155 [INFO] CodeEngine:255 - oldGeneratedFile, C:\Users\loict\STM32CubeIDE\workspace_1.12.1\bubble_sort_f\Core\Src\stm32f3xx_hal_msp.c_save
2023-07-06 08:57:29,264 [INFO] CodeEngine:279 - Generated code: C:\Users\loict\STM32CubeIDE\workspace_1.12.1\bubble_sort_f\Core\Src\stm32f3xx_hal_msp.c
2023-07-06 08:57:29,268 [INFO] CodeEngine:255 - oldGeneratedFile, C:\Users\loict\STM32CubeIDE\workspace_1.12.1\bubble_sort_f\MXTmpFiles\system.tmp_save
2023-07-06 08:57:29,335 [INFO] CodeEngine:279 - Generated code: C:\Users\loict\STM32CubeIDE\workspace_1.12.1\bubble_sort_f\MXTmpFiles\system.tmp
2023-07-06 08:57:29,356 [INFO] CodeEngine:311 - oldGeneratedFile, C:\Users\loict\STM32CubeIDE\workspace_1.12.1\bubble_sort_f\Core\Inc\stm32f3xx_hal_conf.h_save
2023-07-06 08:57:29,462 [INFO] CodeEngine:335 - Generated code: C:\Users\loict\STM32CubeIDE\workspace_1.12.1\bubble_sort_f\Core\Inc\stm32f3xx_hal_conf.h
2023-07-06 08:57:29,490 [WARN] IPConfigManager:3431 - IP not found : TIM
2023-07-06 08:57:29,491 [WARN] CodeGenerator:3754 - IP not found : null
2023-07-06 08:57:29,511 [INFO] CodeEngine:255 - oldGeneratedFile, C:\Users\loict\STM32CubeIDE\workspace_1.12.1\bubble_sort_f\Core\Inc\main.h_save
2023-07-06 08:57:29,599 [INFO] CodeEngine:279 - Generated code: C:\Users\loict\STM32CubeIDE\workspace_1.12.1\bubble_sort_f\Core\Inc\main.h
2023-07-06 08:57:29,616 [INFO] CodeEngine:255 - oldGeneratedFile, C:\Users\loict\STM32CubeIDE\workspace_1.12.1\bubble_sort_f\Core\Src\main.c_save
2023-07-06 08:57:29,910 [INFO] CodeEngine:279 - Generated code: C:\Users\loict\STM32CubeIDE\workspace_1.12.1\bubble_sort_f\Core\Src\main.c
2023-07-06 08:57:30,671 [INFO] ProjectBuilder:2996 - Time for Copy HAL[1] : 210mS.
2023-07-06 08:57:30,675 [INFO] ProjectBuilder:4304 - Project Generator version: 3.19.2
2023-07-06 08:57:30,962 [INFO] ConfigFileManager:1483 - The Die is : DIE422
2023-07-06 08:57:32,743 [INFO] ProjectBuilder:4505 - Time for Generating toolchain IDE Files: 2067mS.
2023-07-06 08:57:32,744 [INFO] ProjectBuilder:2867 - Time for Copy CMSIS : 1mS.
2023-07-06 08:57:32,748 [INFO] ProjectBuilder:2867 - Time for Copy CMSIS : 0mS.
2023-07-06 08:58:41,369 [INFO] UtilMem:75 - End SaveConfig() Used Memory: 302840744 Bytes (751828992)
2023-07-06 08:58:41,464 [INFO] UtilMem:75 - End SaveConfig() Used Memory: 328358640 Bytes (751828992)
2023-07-06 08:58:42,275 [INFO] UtilMem:75 - End SaveConfig() Used Memory: 419738880 Bytes (751828992)
2023-07-06 08:58:42,741 [INFO] BlockDiagram:2759 - set Specific Code input for plugin: TIM1_8F3
2023-07-06 08:58:42,742 [INFO] BlockDiagram:2759 - set Specific Code input for plugin: SYS
2023-07-06 08:58:42,742 [INFO] BlockDiagram:2759 - set Specific Code input for plugin: RCC
2023-07-06 08:58:42,742 [INFO] BlockDiagram:2759 - set Specific Code input for plugin: RTC
2023-07-06 08:58:42,742 [INFO] BlockDiagram:2759 - set Specific Code input for plugin: NVIC
2023-07-06 08:58:42,742 [INFO] BlockDiagram:2759 - set Specific Code input for plugin: USART
2023-07-06 08:58:42,742 [INFO] BlockDiagram:2759 - set Specific Code input for plugin: GPIO
2023-07-06 08:58:42,744 [INFO] CodeGenerator:793 - code generatio: config db path: C:\ST\STM32CubeIDE_1.12.1\STM32CubeIDE\plugins\com.st.stm32cube.common.mx_6.8.1.202304191431\\db\
2023-07-06 08:58:42,933 [INFO] CodeEngine:255 - oldGeneratedFile, C:\Users\loict\STM32CubeIDE\workspace_1.12.1\bubble_sort_f\MXTmpFiles\license.tmp_save
2023-07-06 08:58:43,021 [INFO] CodeEngine:279 - Generated code: C:\Users\loict\STM32CubeIDE\workspace_1.12.1\bubble_sort_f\MXTmpFiles\license.tmp
2023-07-06 08:58:43,155 [INFO] CodeEngine:255 - oldGeneratedFile, C:\Users\loict\STM32CubeIDE\workspace_1.12.1\bubble_sort_f\MXTmpFiles\gpio.tmp_save
2023-07-06 08:58:43,249 [INFO] CodeEngine:279 - Generated code: C:\Users\loict\STM32CubeIDE\workspace_1.12.1\bubble_sort_f\MXTmpFiles\gpio.tmp
2023-07-06 08:58:43,373 [INFO] CodeEngine:255 - oldGeneratedFile, C:\Users\loict\STM32CubeIDE\workspace_1.12.1\bubble_sort_f\Core\Src\stm32f3xx_it.c_save
2023-07-06 08:58:43,468 [INFO] CodeEngine:279 - Generated code: C:\Users\loict\STM32CubeIDE\workspace_1.12.1\bubble_sort_f\Core\Src\stm32f3xx_it.c
2023-07-06 08:58:43,483 [INFO] CodeEngine:255 - oldGeneratedFile, C:\Users\loict\STM32CubeIDE\workspace_1.12.1\bubble_sort_f\Core\Inc\stm32f3xx_it.h_save
2023-07-06 08:58:43,553 [INFO] CodeEngine:279 - Generated code: C:\Users\loict\STM32CubeIDE\workspace_1.12.1\bubble_sort_f\Core\Inc\stm32f3xx_it.h
2023-07-06 08:58:43,576 [INFO] CodeEngine:255 - oldGeneratedFile, C:\Users\loict\STM32CubeIDE\workspace_1.12.1\bubble_sort_f\Core\Src\stm32f3xx_hal_msp.c_save
2023-07-06 08:58:43,677 [INFO] CodeEngine:279 - Generated code: C:\Users\loict\STM32CubeIDE\workspace_1.12.1\bubble_sort_f\Core\Src\stm32f3xx_hal_msp.c
2023-07-06 08:58:43,682 [INFO] CodeEngine:255 - oldGeneratedFile, C:\Users\loict\STM32CubeIDE\workspace_1.12.1\bubble_sort_f\MXTmpFiles\system.tmp_save
2023-07-06 08:58:43,747 [INFO] CodeEngine:279 - Generated code: C:\Users\loict\STM32CubeIDE\workspace_1.12.1\bubble_sort_f\MXTmpFiles\system.tmp
2023-07-06 08:58:43,776 [INFO] CodeEngine:311 - oldGeneratedFile, C:\Users\loict\STM32CubeIDE\workspace_1.12.1\bubble_sort_f\Core\Inc\stm32f3xx_hal_conf.h_save
2023-07-06 08:58:43,902 [INFO] CodeEngine:335 - Generated code: C:\Users\loict\STM32CubeIDE\workspace_1.12.1\bubble_sort_f\Core\Inc\stm32f3xx_hal_conf.h
2023-07-06 08:58:44,035 [WARN] IPConfigManager:3431 - IP not found : TIM
2023-07-06 08:58:44,036 [WARN] CodeGenerator:3754 - IP not found : null
2023-07-06 08:58:44,067 [INFO] CodeEngine:255 - oldGeneratedFile, C:\Users\loict\STM32CubeIDE\workspace_1.12.1\bubble_sort_f\Core\Inc\main.h_save
2023-07-06 08:58:44,208 [INFO] CodeEngine:279 - Generated code: C:\Users\loict\STM32CubeIDE\workspace_1.12.1\bubble_sort_f\Core\Inc\main.h
2023-07-06 08:58:44,233 [INFO] CodeEngine:255 - oldGeneratedFile, C:\Users\loict\STM32CubeIDE\workspace_1.12.1\bubble_sort_f\Core\Src\main.c_save
2023-07-06 08:58:44,399 [INFO] CodeEngine:279 - Generated code: C:\Users\loict\STM32CubeIDE\workspace_1.12.1\bubble_sort_f\Core\Src\main.c
2023-07-06 08:58:45,099 [INFO] ProjectBuilder:2996 - Time for Copy HAL[1] : 191mS.
2023-07-06 08:58:45,103 [INFO] ProjectBuilder:4304 - Project Generator version: 3.19.2
2023-07-06 08:58:45,370 [INFO] ConfigFileManager:1483 - The Die is : DIE422
2023-07-06 08:58:47,262 [INFO] ProjectBuilder:4505 - Time for Generating toolchain IDE Files: 2159mS.
2023-07-06 08:58:47,263 [INFO] ProjectBuilder:2867 - Time for Copy CMSIS : 1mS.
2023-07-06 08:58:47,271 [INFO] ProjectBuilder:2867 - Time for Copy CMSIS : 0mS.
2023-07-06 09:11:33,031 [INFO] UtilMem:75 - End SaveConfig() Used Memory: 551482496 Bytes (774897664)
2023-07-06 09:11:33,117 [INFO] UtilMem:75 - End SaveConfig() Used Memory: 577246632 Bytes (774897664)
2023-07-06 09:11:33,954 [INFO] UtilMem:75 - End SaveConfig() Used Memory: 306085736 Bytes (774897664)
2023-07-06 09:11:34,334 [INFO] BlockDiagram:2759 - set Specific Code input for plugin: TIM1_8F3
2023-07-06 09:11:34,334 [INFO] BlockDiagram:2759 - set Specific Code input for plugin: SYS
2023-07-06 09:11:34,334 [INFO] BlockDiagram:2759 - set Specific Code input for plugin: RCC
2023-07-06 09:11:34,334 [INFO] BlockDiagram:2759 - set Specific Code input for plugin: RTC
2023-07-06 09:11:34,334 [INFO] BlockDiagram:2759 - set Specific Code input for plugin: NVIC
2023-07-06 09:11:34,335 [INFO] BlockDiagram:2759 - set Specific Code input for plugin: USART
2023-07-06 09:11:34,335 [INFO] BlockDiagram:2759 - set Specific Code input for plugin: GPIO
2023-07-06 09:11:34,336 [INFO] CodeGenerator:793 - code generatio: config db path: C:\ST\STM32CubeIDE_1.12.1\STM32CubeIDE\plugins\com.st.stm32cube.common.mx_6.8.1.202304191431\\db\
2023-07-06 09:11:34,559 [INFO] CodeEngine:255 - oldGeneratedFile, C:\Users\loict\STM32CubeIDE\workspace_1.12.1\bubble_sort_f\MXTmpFiles\license.tmp_save
2023-07-06 09:11:34,652 [INFO] CodeEngine:279 - Generated code: C:\Users\loict\STM32CubeIDE\workspace_1.12.1\bubble_sort_f\MXTmpFiles\license.tmp
2023-07-06 09:11:34,786 [INFO] CodeEngine:255 - oldGeneratedFile, C:\Users\loict\STM32CubeIDE\workspace_1.12.1\bubble_sort_f\MXTmpFiles\gpio.tmp_save
2023-07-06 09:11:34,900 [INFO] CodeEngine:279 - Generated code: C:\Users\loict\STM32CubeIDE\workspace_1.12.1\bubble_sort_f\MXTmpFiles\gpio.tmp
2023-07-06 09:11:34,989 [INFO] CodeEngine:255 - oldGeneratedFile, C:\Users\loict\STM32CubeIDE\workspace_1.12.1\bubble_sort_f\Core\Src\stm32f3xx_it.c_save
2023-07-06 09:11:35,250 [INFO] CodeEngine:279 - Generated code: C:\Users\loict\STM32CubeIDE\workspace_1.12.1\bubble_sort_f\Core\Src\stm32f3xx_it.c
2023-07-06 09:11:35,267 [INFO] CodeEngine:255 - oldGeneratedFile, C:\Users\loict\STM32CubeIDE\workspace_1.12.1\bubble_sort_f\Core\Inc\stm32f3xx_it.h_save
2023-07-06 09:11:35,347 [INFO] CodeEngine:279 - Generated code: C:\Users\loict\STM32CubeIDE\workspace_1.12.1\bubble_sort_f\Core\Inc\stm32f3xx_it.h
2023-07-06 09:11:35,377 [INFO] CodeEngine:255 - oldGeneratedFile, C:\Users\loict\STM32CubeIDE\workspace_1.12.1\bubble_sort_f\Core\Src\stm32f3xx_hal_msp.c_save
2023-07-06 09:11:35,495 [INFO] CodeEngine:279 - Generated code: C:\Users\loict\STM32CubeIDE\workspace_1.12.1\bubble_sort_f\Core\Src\stm32f3xx_hal_msp.c
2023-07-06 09:11:35,501 [INFO] CodeEngine:255 - oldGeneratedFile, C:\Users\loict\STM32CubeIDE\workspace_1.12.1\bubble_sort_f\MXTmpFiles\system.tmp_save
2023-07-06 09:11:35,576 [INFO] CodeEngine:279 - Generated code: C:\Users\loict\STM32CubeIDE\workspace_1.12.1\bubble_sort_f\MXTmpFiles\system.tmp
2023-07-06 09:11:35,597 [INFO] CodeEngine:311 - oldGeneratedFile, C:\Users\loict\STM32CubeIDE\workspace_1.12.1\bubble_sort_f\Core\Inc\stm32f3xx_hal_conf.h_save
2023-07-06 09:11:35,716 [INFO] CodeEngine:335 - Generated code: C:\Users\loict\STM32CubeIDE\workspace_1.12.1\bubble_sort_f\Core\Inc\stm32f3xx_hal_conf.h
2023-07-06 09:11:35,745 [WARN] IPConfigManager:3431 - IP not found : TIM
2023-07-06 09:11:35,746 [WARN] CodeGenerator:3754 - IP not found : null
2023-07-06 09:11:35,769 [INFO] CodeEngine:255 - oldGeneratedFile, C:\Users\loict\STM32CubeIDE\workspace_1.12.1\bubble_sort_f\Core\Inc\main.h_save
2023-07-06 09:11:35,861 [INFO] CodeEngine:279 - Generated code: C:\Users\loict\STM32CubeIDE\workspace_1.12.1\bubble_sort_f\Core\Inc\main.h
2023-07-06 09:11:35,878 [INFO] CodeEngine:255 - oldGeneratedFile, C:\Users\loict\STM32CubeIDE\workspace_1.12.1\bubble_sort_f\Core\Src\main.c_save
2023-07-06 09:11:36,068 [INFO] CodeEngine:279 - Generated code: C:\Users\loict\STM32CubeIDE\workspace_1.12.1\bubble_sort_f\Core\Src\main.c
2023-07-06 09:11:36,854 [INFO] ProjectBuilder:2996 - Time for Copy HAL[1] : 217mS.
2023-07-06 09:11:36,858 [INFO] ProjectBuilder:4304 - Project Generator version: 3.19.2
2023-07-06 09:11:37,123 [INFO] ConfigFileManager:1483 - The Die is : DIE422
2023-07-06 09:11:39,058 [INFO] ProjectBuilder:4505 - Time for Generating toolchain IDE Files: 2200mS.
2023-07-06 09:11:39,059 [INFO] ProjectBuilder:2867 - Time for Copy CMSIS : 0mS.
2023-07-06 09:11:39,063 [INFO] ProjectBuilder:2867 - Time for Copy CMSIS : 0mS.
2023-07-06 11:02:17,634 [INFO] NvicIntPanel:101 - NVIC parent = com.st.microxplorer.plugins.ip.nvic.MultiNvicIntPanel[,0,0,0x0,invalid,layout=javax.swing.BoxLayout,alignmentX=0.0,alignmentY=0.0,border=,flags=9,maximumSize=,minimumSize=,preferredSize=]
2023-07-06 11:02:21,237 [INFO] UtilMem:75 - End SaveConfig() Used Memory: 364023896 Bytes (774897664)
2023-07-06 11:02:21,346 [INFO] UtilMem:75 - End SaveConfig() Used Memory: 389716056 Bytes (774897664)
2023-07-06 11:02:22,161 [INFO] UtilMem:75 - End SaveConfig() Used Memory: 519213144 Bytes (774897664)
2023-07-06 11:02:22,601 [INFO] BlockDiagram:2759 - set Specific Code input for plugin: SYS
2023-07-06 11:02:22,602 [INFO] BlockDiagram:2759 - set Specific Code input for plugin: RCC
2023-07-06 11:02:22,602 [INFO] BlockDiagram:2759 - set Specific Code input for plugin: RTC
2023-07-06 11:02:22,602 [INFO] BlockDiagram:2759 - set Specific Code input for plugin: NVIC
2023-07-06 11:02:22,602 [INFO] BlockDiagram:2759 - set Specific Code input for plugin: GPIO
2023-07-06 11:02:22,604 [INFO] CodeGenerator:793 - code generatio: config db path: C:\ST\STM32CubeIDE_1.12.1\STM32CubeIDE\plugins\com.st.stm32cube.common.mx_6.8.1.202304191431\\db\
2023-07-06 11:02:22,828 [INFO] CodeEngine:255 - oldGeneratedFile, C:\Users\loict\STM32CubeIDE\workspace_1.12.1\bubble_sort_f\MXTmpFiles\license.tmp_save
2023-07-06 11:02:22,916 [INFO] CodeEngine:279 - Generated code: C:\Users\loict\STM32CubeIDE\workspace_1.12.1\bubble_sort_f\MXTmpFiles\license.tmp
2023-07-06 11:02:23,064 [INFO] CodeEngine:255 - oldGeneratedFile, C:\Users\loict\STM32CubeIDE\workspace_1.12.1\bubble_sort_f\MXTmpFiles\gpio.tmp_save
2023-07-06 11:02:23,177 [INFO] CodeEngine:279 - Generated code: C:\Users\loict\STM32CubeIDE\workspace_1.12.1\bubble_sort_f\MXTmpFiles\gpio.tmp
2023-07-06 11:02:23,279 [INFO] CodeEngine:255 - oldGeneratedFile, C:\Users\loict\STM32CubeIDE\workspace_1.12.1\bubble_sort_f\Core\Src\stm32f3xx_it.c_save
2023-07-06 11:02:23,496 [INFO] CodeEngine:279 - Generated code: C:\Users\loict\STM32CubeIDE\workspace_1.12.1\bubble_sort_f\Core\Src\stm32f3xx_it.c
2023-07-06 11:02:23,516 [INFO] CodeEngine:255 - oldGeneratedFile, C:\Users\loict\STM32CubeIDE\workspace_1.12.1\bubble_sort_f\Core\Inc\stm32f3xx_it.h_save
2023-07-06 11:02:23,598 [INFO] CodeEngine:279 - Generated code: C:\Users\loict\STM32CubeIDE\workspace_1.12.1\bubble_sort_f\Core\Inc\stm32f3xx_it.h
2023-07-06 11:02:23,627 [INFO] CodeEngine:255 - oldGeneratedFile, C:\Users\loict\STM32CubeIDE\workspace_1.12.1\bubble_sort_f\Core\Src\stm32f3xx_hal_msp.c_save
2023-07-06 11:02:23,774 [INFO] CodeEngine:279 - Generated code: C:\Users\loict\STM32CubeIDE\workspace_1.12.1\bubble_sort_f\Core\Src\stm32f3xx_hal_msp.c
2023-07-06 11:02:23,786 [INFO] CodeEngine:255 - oldGeneratedFile, C:\Users\loict\STM32CubeIDE\workspace_1.12.1\bubble_sort_f\MXTmpFiles\system.tmp_save
2023-07-06 11:02:23,963 [INFO] CodeEngine:279 - Generated code: C:\Users\loict\STM32CubeIDE\workspace_1.12.1\bubble_sort_f\MXTmpFiles\system.tmp
2023-07-06 11:02:24,003 [INFO] CodeEngine:311 - oldGeneratedFile, C:\Users\loict\STM32CubeIDE\workspace_1.12.1\bubble_sort_f\Core\Inc\stm32f3xx_hal_conf.h_save
2023-07-06 11:02:24,121 [INFO] CodeEngine:335 - Generated code: C:\Users\loict\STM32CubeIDE\workspace_1.12.1\bubble_sort_f\Core\Inc\stm32f3xx_hal_conf.h
2023-07-06 11:02:24,190 [INFO] CodeEngine:255 - oldGeneratedFile, C:\Users\loict\STM32CubeIDE\workspace_1.12.1\bubble_sort_f\Core\Inc\main.h_save
2023-07-06 11:02:24,299 [INFO] CodeEngine:279 - Generated code: C:\Users\loict\STM32CubeIDE\workspace_1.12.1\bubble_sort_f\Core\Inc\main.h
2023-07-06 11:02:24,323 [INFO] CodeEngine:255 - oldGeneratedFile, C:\Users\loict\STM32CubeIDE\workspace_1.12.1\bubble_sort_f\Core\Src\main.c_save
2023-07-06 11:02:24,471 [INFO] CodeEngine:279 - Generated code: C:\Users\loict\STM32CubeIDE\workspace_1.12.1\bubble_sort_f\Core\Src\main.c
2023-07-06 11:02:25,259 [INFO] ProjectBuilder:2996 - Time for Copy HAL[1] : 247mS.
2023-07-06 11:02:25,262 [INFO] ProjectBuilder:4304 - Project Generator version: 3.19.2
2023-07-06 11:02:25,532 [INFO] ConfigFileManager:1483 - The Die is : DIE422
2023-07-06 11:02:27,559 [INFO] ProjectBuilder:4505 - Time for Generating toolchain IDE Files: 2297mS.
2023-07-06 11:02:27,560 [INFO] ProjectBuilder:2867 - Time for Copy CMSIS : 1mS.
2023-07-06 11:02:27,565 [INFO] ProjectBuilder:2867 - Time for Copy CMSIS : 0mS.
