2023-06-13 06:26:15,155 [INFO] MainUpdater:2854 - connection check result : 10
2023-06-13 06:26:15,333 [INFO] MicroXplorer:468 - Change Database Path : 
2023-06-13 06:26:15,334 [INFO] MicroXplorer:498 - Change Database Version : DB.6.0.81
2023-06-13 06:26:15,377 [WARN] ThirdParty:871 - waiting for thirdparty lock release [close project]
2023-06-13 06:26:15,377 [INFO] ThirdParty:873 - entering critical section [close project]
2023-06-13 06:26:15,377 [INFO] ThirdParty:883 - exiting critical section [close project]
2023-06-13 06:26:15,379 [INFO] PinOutPanel:1499 - setPackage(No Configuration,No Configuration)
2023-06-13 06:26:15,383 [INFO] UtilMem:75 - Begin LoadConfig() Used Memory: 495792968 Bytes (1025507328)
2023-06-13 06:26:15,383 [INFO] MicroXplorer:468 - Change Database Path : 
2023-06-13 06:26:15,383 [INFO] MicroXplorer:498 - Change Database Version : DB.6.0.81
2023-06-13 06:26:15,384 [INFO] OpenFileManager:308 - Change cursor
2023-06-13 06:26:15,408 [INFO] RulesReader:64 - Compatibility file has been processed (293 Rules)
2023-06-13 06:26:15,418 [INFO] Mcu:1937 - Initializing MCU STM32G431K(6-8-B)Tx STM32G431KBTx STM32G431KBT6
2023-06-13 06:26:18,961 [INFO] Context:659 - Trying to add GPIOservice into a context  which must be forbidden
2023-06-13 06:26:19,523 [INFO] RtosManager:555 - Registered RTOS mode: class=CMSIS, group=RTOS, mode=CMSIS_V1, owner=FREERTOS
2023-06-13 06:26:19,523 [INFO] RtosManager:555 - Registered RTOS mode: class=CMSIS, group=RTOS2, mode=CMSIS_V2, owner=FREERTOS
2023-06-13 06:26:19,523 [INFO] RtosManager:555 - Registered RTOS mode: class=RTOS, group=Core, mode=CMSIS_V1, owner=FREERTOS
2023-06-13 06:26:19,523 [INFO] RtosManager:555 - Registered RTOS mode: class=RTOS, group=Core, mode=CMSIS_V2, owner=FREERTOS
2023-06-13 06:26:19,523 [WARN] ModelIntegratedComponent:184 - Missing modes for component STMicroelectronics:FreeRTOS:0.0.1:STMicroelectronics:RTOS:FreeRTOS:Core:::10.2.0:
2023-06-13 06:26:19,530 [WARN] ModelIntegratedComponent:63 - No mode defined for component null
2023-06-13 06:26:19,530 [WARN] ModelIntegratedComponent:63 - No mode defined for component null
2023-06-13 06:26:19,530 [WARN] ModelIntegratedComponent:63 - No mode defined for component null
2023-06-13 06:26:19,530 [WARN] ModelIntegratedComponent:63 - No mode defined for component null
2023-06-13 06:26:19,530 [WARN] ModelIntegratedComponent:63 - No mode defined for component null
2023-06-13 06:26:19,530 [WARN] ModelIntegratedComponent:63 - No mode defined for component null
2023-06-13 06:26:19,530 [WARN] ModelIntegratedComponent:63 - No mode defined for component null
2023-06-13 06:26:19,531 [WARN] ModelIntegratedComponent:63 - No mode defined for component null
2023-06-13 06:26:19,531 [WARN] ModelIntegratedComponent:63 - No mode defined for component null
2023-06-13 06:26:19,531 [WARN] ModelIntegratedComponent:63 - No mode defined for component null
2023-06-13 06:26:19,531 [WARN] ModelIntegratedComponent:63 - No mode defined for component null
2023-06-13 06:26:19,531 [WARN] ModelIntegratedComponent:63 - No mode defined for component null
2023-06-13 06:26:19,531 [WARN] ModelIntegratedComponent:63 - No mode defined for component null
2023-06-13 06:26:19,531 [WARN] ModelIntegratedComponent:63 - No mode defined for component null
2023-06-13 06:26:19,531 [WARN] ModelIntegratedComponent:63 - No mode defined for component null
2023-06-13 06:26:19,531 [WARN] ModelIntegratedComponent:63 - No mode defined for component null
2023-06-13 06:26:19,531 [WARN] ModelIntegratedComponent:63 - No mode defined for component null
2023-06-13 06:26:19,531 [WARN] ModelIntegratedComponent:63 - No mode defined for component null
2023-06-13 06:26:19,531 [WARN] ModelIntegratedComponent:63 - No mode defined for component null
2023-06-13 06:26:19,531 [WARN] ModelIntegratedComponent:63 - No mode defined for component null
2023-06-13 06:26:19,531 [WARN] ModelIntegratedComponent:63 - No mode defined for component null
2023-06-13 06:26:19,531 [WARN] ModelIntegratedComponent:63 - No mode defined for component null
2023-06-13 06:26:19,531 [WARN] ModelIntegratedComponent:63 - No mode defined for component null
2023-06-13 06:26:19,531 [WARN] ModelIntegratedComponent:63 - No mode defined for component null
2023-06-13 06:26:19,531 [WARN] ModelIntegratedComponent:63 - No mode defined for component null
2023-06-13 06:26:19,531 [WARN] ModelIntegratedComponent:63 - No mode defined for component null
2023-06-13 06:26:19,531 [WARN] ModelIntegratedComponent:63 - No mode defined for component null
2023-06-13 06:26:19,531 [WARN] ModelIntegratedComponent:63 - No mode defined for component null
2023-06-13 06:26:19,531 [WARN] ModelIntegratedComponent:63 - No mode defined for component null
2023-06-13 06:26:19,531 [WARN] ModelIntegratedComponent:63 - No mode defined for component null
2023-06-13 06:26:19,531 [WARN] ModelIntegratedComponent:63 - No mode defined for component null
2023-06-13 06:26:19,531 [WARN] ModelIntegratedComponent:63 - No mode defined for component null
2023-06-13 06:26:19,531 [WARN] ModelIntegratedComponent:63 - No mode defined for component null
2023-06-13 06:26:19,537 [INFO] ThirdPartyModel:298 - Start build external matchings
2023-06-13 06:26:19,817 [INFO] ThirdPartyModel:316 - End build external matchings
2023-06-13 06:26:20,101 [INFO] UtilMem:75 - End LoadConfig() Used Memory: 462333648 Bytes (1025507328)
2023-06-13 06:26:20,119 [WARN] ThirdParty:833 - waiting for thirdparty lock release [change project]
2023-06-13 06:26:20,119 [INFO] ThirdParty:835 - entering critical section [change project]
2023-06-13 06:26:20,119 [INFO] ThirdParty:1030 - CMSIS Pack Vendor :STMicroelectronics X-CUBE-ISPU 1.1.0
2023-06-13 06:26:20,120 [INFO] ThirdParty:1030 - CMSIS Pack Vendor :STMicroelectronics X-CUBE-GNSS1 6.0.0
2023-06-13 06:26:20,120 [INFO] ThirdParty:1030 - CMSIS Pack Vendor :STMicroelectronics USB_HOST 2.0.0
2023-06-13 06:26:20,120 [INFO] ThirdParty:1030 - CMSIS Pack Vendor :STMicroelectronics X-CUBE-AZRTOS-F4 1.1.0
2023-06-13 06:26:20,120 [INFO] ThirdParty:1030 - CMSIS Pack Vendor :STMicroelectronics LIBJPEG 8.0.0
2023-06-13 06:26:20,120 [INFO] ThirdParty:1030 - CMSIS Pack Vendor :STMicroelectronics X-CUBE-SMBUS 2.1.0
2023-06-13 06:26:20,120 [INFO] ThirdParty:1030 - CMSIS Pack Vendor :wolfSSL I-CUBE-wolfSSL 5.6.0
2023-06-13 06:26:20,120 [INFO] ThirdParty:1030 - CMSIS Pack Vendor :STMicroelectronics USB_DEVICE 3.0.0
2023-06-13 06:26:20,120 [INFO] ThirdParty:1030 - CMSIS Pack Vendor :STMicroelectronics X-CUBE-FREERTOS 1.0.1
2023-06-13 06:26:20,120 [INFO] ThirdParty:1030 - CMSIS Pack Vendor :STMicroelectronics X-CUBE-AZRTOS-F7 1.1.0
2023-06-13 06:26:20,120 [INFO] ThirdParty:1030 - CMSIS Pack Vendor :STMicroelectronics X-CUBE-TOUCHGFX 4.21.4
2023-06-13 06:26:20,120 [INFO] ThirdParty:1030 - CMSIS Pack Vendor :STMicroelectronics USB_DEVICE 2.0.0
2023-06-13 06:26:20,120 [INFO] ThirdParty:1030 - CMSIS Pack Vendor :STMicroelectronics X-CUBE-MEMS1 9.6.0
2023-06-13 06:26:20,120 [INFO] ThirdParty:1030 - CMSIS Pack Vendor :STMicroelectronics FP-SNS-MOTENV1 4.3.1
2023-06-13 06:26:20,120 [INFO] ThirdParty:1030 - CMSIS Pack Vendor :STMicroelectronics FP-SNS-FLIGHT1 5.0.1
2023-06-13 06:26:20,120 [INFO] ThirdParty:1030 - CMSIS Pack Vendor :STMicroelectronics X-CUBE-ALGOBUILD 1.3.0
2023-06-13 06:26:20,120 [INFO] ThirdParty:1030 - CMSIS Pack Vendor :STMicroelectronics X-CUBE-BLE1 6.2.4
2023-06-13 06:26:20,120 [INFO] ThirdParty:1030 - CMSIS Pack Vendor :STMicroelectronics X-CUBE-AZRTOS-L5 1.1.0
2023-06-13 06:26:20,120 [INFO] ThirdParty:1030 - CMSIS Pack Vendor :STMicroelectronics FreeRTOS 0.0.1
2023-06-13 06:26:20,120 [INFO] ThirdParty:1030 - CMSIS Pack Vendor :STMicroelectronics X-CUBE-AZRTOS-G0 1.1.0
2023-06-13 06:26:20,120 [INFO] ThirdParty:1030 - CMSIS Pack Vendor :emotas I-CUBE-CANOPEN 1.1.3
2023-06-13 06:26:20,120 [INFO] ThirdParty:1030 - CMSIS Pack Vendor :STMicroelectronics X-CUBE-BLEMGR 2.0.0
2023-06-13 06:26:20,120 [INFO] ThirdParty:1030 - CMSIS Pack Vendor :STMicroelectronics X-CUBE-AI 8.0.1
2023-06-13 06:26:20,120 [INFO] ThirdParty:1030 - CMSIS Pack Vendor :STMicroelectronics X-CUBE-NFC4 3.0.0
2023-06-13 06:26:20,120 [INFO] ThirdParty:1030 - CMSIS Pack Vendor :STMicroelectronics X-CUBE-SUBG2 5.0.0
2023-06-13 06:26:20,120 [INFO] ThirdParty:1030 - CMSIS Pack Vendor :STMicroelectronics STM32_WPAN 1.0.0
2023-06-13 06:26:20,120 [INFO] ThirdParty:1030 - CMSIS Pack Vendor :STMicroelectronics lwIP 2.0.3
2023-06-13 06:26:20,121 [INFO] ThirdParty:1030 - CMSIS Pack Vendor :STMicroelectronics USB_HOST 1.0.0
2023-06-13 06:26:20,121 [INFO] ThirdParty:1030 - CMSIS Pack Vendor :STMicroelectronics X-CUBE-AZRTOS-G4 2.0.0
2023-06-13 06:26:20,121 [INFO] ThirdParty:1030 - CMSIS Pack Vendor :STMicroelectronics PDM2PCM 3.1.0
2023-06-13 06:26:20,121 [INFO] ThirdParty:1030 - CMSIS Pack Vendor :STMicroelectronics X-CUBE-AZRTOS-H7 3.1.0
2023-06-13 06:26:20,121 [INFO] ThirdParty:1030 - CMSIS Pack Vendor :STMicroelectronics X-CUBE-TOF1 3.3.0
2023-06-13 06:26:20,121 [INFO] ThirdParty:1030 - CMSIS Pack Vendor :STMicroelectronics PDM2PCM 3.3.0
2023-06-13 06:26:20,121 [INFO] ThirdParty:1030 - CMSIS Pack Vendor :STMicroelectronics X-CUBE-DISPLAY 3.0.0
2023-06-13 06:26:20,121 [INFO] ThirdParty:1030 - CMSIS Pack Vendor :STMicroelectronics FP-ATR-SIGFOX1 3.2.0
2023-06-13 06:26:20,121 [INFO] ThirdParty:1030 - CMSIS Pack Vendor :STMicroelectronics HAL Drivers 0.0.0
2023-06-13 06:26:20,121 [INFO] ThirdParty:1030 - CMSIS Pack Vendor :STMicroelectronics MBEDTLS 2.16.2
2023-06-13 06:26:20,121 [INFO] ThirdParty:1030 - CMSIS Pack Vendor :STMicroelectronics MBEDTLS 2.14.1
2023-06-13 06:26:20,121 [INFO] ThirdParty:1030 - CMSIS Pack Vendor :STMicroelectronics X-CUBE-NFC7 1.0.0
2023-06-13 06:26:20,121 [INFO] ThirdParty:1030 - CMSIS Pack Vendor :STMicroelectronics X-CUBE-EEPRMA1 4.1.0
2023-06-13 06:26:20,121 [INFO] ThirdParty:1030 - CMSIS Pack Vendor :portGmbH I-Cube-SoM-uGOAL 1.1.0
2023-06-13 06:26:20,121 [INFO] ThirdParty:1030 - CMSIS Pack Vendor :STMicroelectronics X-CUBE-ALS 1.0.1
2023-06-13 06:26:20,121 [INFO] ThirdParty:1030 - CMSIS Pack Vendor :STMicroelectronics ThreadX 1.0.0
2023-06-13 06:26:20,121 [INFO] ThirdParty:1030 - CMSIS Pack Vendor :STMicroelectronics X-CUBE-AZRTOS-WB 1.1.0
2023-06-13 06:26:20,121 [INFO] ThirdParty:1030 - CMSIS Pack Vendor :STMicroelectronics X-CUBE-AZRTOS-WL 2.0.0
2023-06-13 06:26:20,121 [INFO] ThirdParty:1030 - CMSIS Pack Vendor :SEGGER I-CUBE-embOS 1.3.1
2023-06-13 06:26:20,121 [INFO] ThirdParty:1030 - CMSIS Pack Vendor :STMicroelectronics USB_DEVICE 1.0.0
2023-06-13 06:26:20,121 [INFO] ThirdParty:1030 - CMSIS Pack Vendor :STMicroelectronics X-CUBE-AZRTOS-L4 2.0.0
2023-06-13 06:26:20,121 [INFO] ThirdParty:1030 - CMSIS Pack Vendor :STMicroelectronics ThreadX 0.0.2
2023-06-13 06:26:20,121 [INFO] ThirdParty:1030 - CMSIS Pack Vendor :WES I-CUBE-Cesium 1.3.0
2023-06-13 06:26:20,122 [INFO] ThirdParty:1030 - CMSIS Pack Vendor :STMicroelectronics FP-ATR-ASTRA1 2.0.0
2023-06-13 06:26:20,122 [INFO] ThirdParty:1030 - CMSIS Pack Vendor :STMicroelectronics lwIP 2.1.2
2023-06-13 06:26:20,122 [INFO] ThirdParty:1030 - CMSIS Pack Vendor :STMicroelectronics X-CUBE-SFXS2LP1 4.0.0
2023-06-13 06:26:20,122 [INFO] ThirdParty:1030 - CMSIS Pack Vendor :STMicroelectronics X-CUBE-BLE2 3.3.0
2023-06-13 06:26:20,122 [INFO] ThirdParty:1030 - CMSIS Pack Vendor :STMicroelectronics PDM2PCM 3.2.0
2023-06-13 06:26:20,122 [INFO] ThirdParty:841 - exiting critical section [change project]
2023-06-13 06:26:20,379 [INFO] PinOutPanel:1499 - setPackage(No Configuration,No Configuration)
2023-06-13 06:26:20,381 [INFO] PinOutPanel:1499 - setPackage(STM32G431KBTx,LQFP32)
2023-06-13 06:26:20,626 [INFO] UtilMem:75 - Before build in PCC Used Memory: 372830528 Bytes (1025507328)
2023-06-13 06:26:21,011 [INFO] UtilMem:75 - After build in PCC Used Memory: 464589136 Bytes (1025507328)
2023-06-13 06:26:21,027 [INFO] IPUIPlugin:80 - create IPUIPlugin
2023-06-13 06:26:21,027 [INFO] IPUIPlugin:80 - create IPUIPlugin
2023-06-13 06:26:21,028 [INFO] IPUIPlugin:80 - create IPUIPlugin
2023-06-13 06:26:21,028 [INFO] IPUIPlugin:80 - create IPUIPlugin
2023-06-13 06:26:21,028 [INFO] IPUIPlugin:80 - create IPUIPlugin
2023-06-13 06:26:21,028 [INFO] IPUIPlugin:80 - create IPUIPlugin
2023-06-13 06:26:21,028 [INFO] IPUIPlugin:80 - create IPUIPlugin
2023-06-13 06:26:21,028 [INFO] IPUIPlugin:80 - create IPUIPlugin
2023-06-13 06:26:21,028 [INFO] IPUIPlugin:80 - create IPUIPlugin
2023-06-13 06:26:21,028 [INFO] IPUIPlugin:80 - create IPUIPlugin
2023-06-13 06:26:21,028 [INFO] IPUIPlugin:80 - create IPUIPlugin
2023-06-13 06:26:21,028 [INFO] IPUIPlugin:80 - create IPUIPlugin
2023-06-13 06:26:21,028 [INFO] IPUIPlugin:80 - create IPUIPlugin
2023-06-13 06:26:21,029 [INFO] IPUIPlugin:80 - create IPUIPlugin
2023-06-13 06:26:21,029 [INFO] IPUIPlugin:80 - create IPUIPlugin
2023-06-13 06:26:21,029 [INFO] IPUIPlugin:80 - create IPUIPlugin
2023-06-13 06:26:21,029 [INFO] IPUIPlugin:80 - create IPUIPlugin
2023-06-13 06:26:21,029 [INFO] IPUIPlugin:80 - create IPUIPlugin
2023-06-13 06:26:21,029 [INFO] IPUIPlugin:80 - create IPUIPlugin
2023-06-13 06:26:21,029 [INFO] IPUIPlugin:80 - create IPUIPlugin
2023-06-13 06:26:21,029 [INFO] IPUIPlugin:80 - create IPUIPlugin
2023-06-13 06:26:21,029 [INFO] IPUIPlugin:80 - create IPUIPlugin
2023-06-13 06:26:21,029 [INFO] IPUIPlugin:80 - create IPUIPlugin
2023-06-13 06:26:21,030 [INFO] IPUIPlugin:80 - create IPUIPlugin
2023-06-13 06:26:21,030 [INFO] IPUIPlugin:80 - create IPUIPlugin
2023-06-13 06:26:21,030 [INFO] IPUIPlugin:80 - create IPUIPlugin
2023-06-13 06:26:21,030 [INFO] IPUIPlugin:80 - create IPUIPlugin
2023-06-13 06:26:21,030 [INFO] IPUIPlugin:80 - create IPUIPlugin
2023-06-13 06:26:21,030 [INFO] IPUIPlugin:80 - create IPUIPlugin
2023-06-13 06:26:21,030 [INFO] IPUIPlugin:80 - create IPUIPlugin
2023-06-13 06:26:21,031 [INFO] IPUIPlugin:80 - create IPUIPlugin
2023-06-13 06:26:21,031 [INFO] IPUIPlugin:80 - create IPUIPlugin
2023-06-13 06:26:21,031 [INFO] IPUIPlugin:80 - create IPUIPlugin
2023-06-13 06:26:21,031 [INFO] IPUIPlugin:80 - create IPUIPlugin
2023-06-13 06:26:21,031 [INFO] IPUIPlugin:80 - create IPUIPlugin
2023-06-13 06:26:21,031 [INFO] IPUIPlugin:80 - create IPUIPlugin
2023-06-13 06:26:21,032 [INFO] IPUIPlugin:80 - create IPUIPlugin
2023-06-13 06:26:21,032 [INFO] IPUIPlugin:80 - create IPUIPlugin
2023-06-13 06:26:21,032 [INFO] IPUIPlugin:80 - create IPUIPlugin
2023-06-13 06:26:21,032 [INFO] IPUIPlugin:80 - create IPUIPlugin
2023-06-13 06:26:21,032 [INFO] IPUIPlugin:80 - create IPUIPlugin
2023-06-13 06:26:21,033 [INFO] IPUIPlugin:80 - create IPUIPlugin
2023-06-13 06:26:21,033 [INFO] IPUIPlugin:80 - create IPUIPlugin
2023-06-13 06:26:21,033 [INFO] IPUIPlugin:80 - create IPUIPlugin
2023-06-13 06:26:21,033 [INFO] IPUIPlugin:80 - create IPUIPlugin
2023-06-13 06:26:21,033 [INFO] IPUIPlugin:80 - create IPUIPlugin
2023-06-13 06:26:21,034 [INFO] IPUIPlugin:80 - create IPUIPlugin
2023-06-13 06:26:21,034 [INFO] IPUIPlugin:80 - create IPUIPlugin
2023-06-13 06:26:21,034 [INFO] IPUIPlugin:80 - create IPUIPlugin
2023-06-13 06:26:21,034 [INFO] IPUIPlugin:80 - create IPUIPlugin
2023-06-13 06:26:21,035 [INFO] IPUIPlugin:80 - create IPUIPlugin
2023-06-13 06:26:21,035 [INFO] IPUIPlugin:80 - create IPUIPlugin
2023-06-13 06:26:21,035 [INFO] IPUIPlugin:80 - create IPUIPlugin
2023-06-13 06:26:21,035 [INFO] IPUIPlugin:80 - create IPUIPlugin
2023-06-13 06:26:21,036 [INFO] IPUIPlugin:80 - create IPUIPlugin
2023-06-13 06:26:21,036 [INFO] IPUIPlugin:80 - create IPUIPlugin
2023-06-13 06:26:21,052 [INFO] CADModel:165 - CPN selected for project levelSTM32G431KBT6
2023-06-13 06:26:21,052 [INFO] CADModel:114 - Register for checkConnection events
2023-06-13 06:26:21,099 [INFO] OpenFileManager:328 - Restore cursor
